do run
loading script "jan_unknown400_120.py"
loading script "jan_pump_ms.py"
loading script "jan_co2.py"
loading script "jan_pump_extraction_line.py"
testing...
no interpolation path defined
executed snippet estimated_duration=539.8, duration=0.000209808349609
script duration name:unknown400_120 seconds:540.0
loading script "jan_unknown400_120.py"
loading script "jan_pump_ms.py"
loading script "jan_co2.py"
loading script "jan_pump_extraction_line.py"
testing...
no interpolation path defined
executed snippet estimated_duration=0, duration=2.50339508057e-05
loading script "jan_unknown400_120.py"
loading script "jan_pump_ms.py"
loading script "jan_co2.py"
loading script "jan_pump_extraction_line.py"
testing...
no interpolation path defined
calculate duration
testing...
no interpolation path defined
executed snippet estimated_duration=0, duration=7.79628753662e-05
calculate duration
testing...
no interpolation path defined
executed snippet estimated_duration=0, duration=9.20295715332e-05
executed snippet estimated_duration=0.0, duration=0.00227689743042
script duration name:co2 seconds:0.0
loading script "jan_unknown400_120.py"
loading script "jan_pump_ms.py"
loading script "jan_co2.py"
loading script "jan_pump_extraction_line.py"
testing...
no interpolation path defined
calculate duration
testing...
no interpolation path defined
executed snippet estimated_duration=4.0, duration=0.000139951705933
executed snippet estimated_duration=4.0, duration=0.00119304656982
Script duration 540.0
Run total estimated duration= 541.000
run duration: 0:09:01
doing event level: 2
Event 3,2 
Event 1,2 
Event 1,2 
Event 20,2 
13:39:29 -- Setting default integration. t=1.048576
setting integration time = 1.048576
SetIntegrationTime 1.048576 ===>> OK
----------------- start -----------------
**************** Experiment Type: Ar/Ar, Ar/Ar
close session 4958392592
$$$$$ Clearing conditionals
adding conditionals 
Add queue conditionals
add default conditionals
adding default conditionals from /Users/jan/Pychron/setupfiles/spectrometer/default_conditionals.yaml
Start automated run bu-FC-J-8577
loading script "jan_unknown400_120.py"
loading script "jan_pump_ms.py"
loading script "jan_co2.py"
loading script "jan_pump_extraction_line.py"
%%%%%%%%%%%%%%%%%% setting automated run bu-FC-J-8577
No value "sensitivity_multiplier" in metadata
$$$$$$$$$$$$$$$ auto_save_detector_ic=False
============================= Pre Extraction Check =============================
loading queue conditionals pre_run_terminations
loading system conditionals pre_run_terminations
loading conditionals from /Users/jan/Pychron/setupfiles/spectrometer/default_conditionals.yaml
13:39:29 -- ******* Pre Extraction Check *******
Get a measurement from the spectrometer
Pre Extraction Termination data. keys=H2,H1,AX,L1,L2,CDD, signals=-0.21115,0.04984,0.11950,-0.05744,-0.03850,0.00000
13:39:29 -- testing system defined conditionals
Checking default pre extraction terminations n=2
testing CDD
evaluate ot="CDD.inactive" t="CDD", ctx="{'CDD': False}"
GetDeflection CDD ===>> 50
testing CDD==2000
evaluate ot="CDD.deflection==2000" t="CDD==2000", ctx="{'CDD': 50.0}"
13:39:29 -- ******* Pre Extraction Check Passed *******
=================================================================================
13:39:29 -- stopping status monitor. block=True
stop 4956393296
Status monitor stopped
Status monitor finished
13:39:31 -- starting status monitor
start 4956393296
StatusMonitor period=1. Frequencies(state=2, checksum=3, lock=5, owner=5)
start extraction
do extraction
Analysis started at 13:39:32.868833
Extraction Started jan_co2.py
13:39:32 -- ******* Extraction Started jan_co2.py *******
state changed from not run to extraction
DO EXTRACTION <pychron.extraction_line.pyscript_runner.RemotePyScriptRunner object at 0x12e07bc50>
testing...
no interpolation path defined
calculate duration
testing...
no interpolation path defined
executed snippet estimated_duration=0, duration=4.60147857666e-05
calculate duration
testing...
no interpolation path defined
executed snippet estimated_duration=0, duration=9.10758972168e-05
executed snippet estimated_duration=18.0, duration=0.00205421447754
Jan CO2 laser analysis
doing GOSUB
testing...
no interpolation path defined
executed snippet estimated_duration=0, duration=4.19616699219e-05
Waiting for CO2 access
wait ('FelixCO2Flag', 0) {}
waiting for FelixCO2Flag = 0
Read FelixCO2Flag ===>> 0
finished waiting
CO2 free
wait ('CO2PumpTimeFlag', 0) {}
waiting for CO2PumpTimeFlag = 0
Read CO2PumpTimeFlag ===>> 0
finished waiting
acquire ('JanCO2Flag',) {'clear': True}
acquire JanCO2Flag
Set JanCO2Flag 1 ===>> OK
JanCO2Flag acquired
set extraction state False (0.75, 'red', 1.5)
CO2 acquired
executed snippet estimated_duration=0, duration=0.0158410072327
WaitForCO2Access.py completed successfully
gosub finished
doing GOSUB
testing...
no interpolation path defined
executed snippet estimated_duration=0, duration=9.70363616943e-05
Prepare for CO2 analysis
close () {'description': 'Jan Inlet'}
close name=--- desc=Jan Inlet
checking ownership. requestor=192.168.2.150
check software interlocks R
interlocks []
actuate state mode=None-script, software_lock=False
doing actuation None-script close_channel False
Close R ===>> OK
GetIndicatorState R ===>> False
change switch state (True, True)
13:39:33 -- CLOSE  VALVE-R (Jan Inlet)
-------------------------- close None (Jan Inlet) result=[(True, True)]
action=close, ok=True, locked=[False]
open () {'description': 'Jan Ion Pump'}
open name=--- desc=Jan Ion Pump
checking ownership. requestor=192.168.2.150
check software interlocks O
interlocks []
actuate state mode=None-script, software_lock=False
doing actuation None-script open_channel False
Open O ===>> OK
GetIndicatorState O ===>> OK
change switch state (True, True)
13:39:33 -- OPEN   VALVE-O (Jan Ion Pump)
-------------------------- open None (Jan Ion Pump) result=[(True, True)]
action=open, ok=True, locked=[False]
close () {'description': 'Microbone to Minibone'}
close name=--- desc=Microbone to Minibone
checking ownership. requestor=192.168.2.150
check software interlocks L
interlocks []
actuate state mode=None-script, software_lock=False
doing actuation None-script close_channel False
Close L ===>> OK
GetIndicatorState L ===>> False
change switch state (True, True)
13:39:34 -- CLOSE  VALVE-L (Microbone to Minibone)
-------------------------- close None (Microbone to Minibone) result=[(True, True)]
action=close, ok=True, locked=[False]
open () {'description': 'Microbone to Turbo'}
open name=--- desc=Microbone to Turbo
checking ownership. requestor=192.168.2.150
check software interlocks U
interlocks []
actuate state mode=None-script, software_lock=False
doing actuation None-script open_channel False
Open U ===>> OK
GetIndicatorState U ===>> OK
change switch state (True, True)
13:39:34 -- OPEN   VALVE-U (Microbone to Turbo)
-------------------------- open None (Microbone to Turbo) result=[(True, True)]
action=open, ok=True, locked=[False]
open () {'description': 'Microbone to Inlet Pipette'}
open name=--- desc=Microbone to Inlet Pipette
checking ownership. requestor=192.168.2.150
check software interlocks S
interlocks []
actuate state mode=None-script, software_lock=False
doing actuation None-script open_channel False
Open S ===>> OK
GetIndicatorState S ===>> OK
change switch state (True, True)
13:39:35 -- OPEN   VALVE-S (Microbone to Inlet Pipette)
-------------------------- open None (Microbone to Inlet Pipette) result=[(True, True)]
action=open, ok=True, locked=[False]
open () {'description': 'Microbone to Getter D-50'}
open name=--- desc=Microbone to Getter D-50
checking ownership. requestor=192.168.2.150
check software interlocks K
interlocks []
actuate state mode=None-script, software_lock=False
doing actuation None-script open_channel False
Open K ===>> OK
GetIndicatorState K ===>> OK
change switch state (True, True)
13:39:36 -- OPEN   VALVE-K (Microbone to Getter D-50)
-------------------------- open None (Microbone to Getter D-50) result=[(True, True)]
action=open, ok=True, locked=[False]
open () {'description': 'Microbone to Getter NP-10'}
open name=--- desc=Microbone to Getter NP-10
checking ownership. requestor=192.168.2.150
check software interlocks M
interlocks []
actuate state mode=None-script, software_lock=False
doing actuation None-script open_channel False
Open M ===>> OK
GetIndicatorState M ===>> OK
change switch state (True, True)
13:39:36 -- OPEN   VALVE-M (Microbone to Getter NP-10)
-------------------------- open None (Microbone to Getter NP-10) result=[(True, True)]
action=open, ok=True, locked=[False]
close () {'description': 'CO2 Laser to Felix'}
close name=--- desc=CO2 Laser to Felix
checking ownership. requestor=192.168.2.150
check software interlocks F
interlocks []
actuate state mode=None-script, software_lock=True
VALVE-F(CO2 Laser to Felix) software locked
change switch state (True, False)
-------------------------- close None (CO2 Laser to Felix) result=[(True, False)]
action=close, ok=True, locked=[True]
open () {'description': 'CO2 Laser to Jan'}
open name=--- desc=CO2 Laser to Jan
checking ownership. requestor=192.168.2.150
check software interlocks A
interlocks []
actuate state mode=None-script, software_lock=False
doing actuation None-script open_channel False
Open A ===>> OK
GetIndicatorState A ===>> OK
change switch state (True, True)
13:39:37 -- OPEN   VALVE-A (CO2 Laser to Jan)
-------------------------- open None (CO2 Laser to Jan) result=[(True, True)]
action=open, ok=True, locked=[False]
open () {'description': 'Microbone to CO2 Laser'}
open name=--- desc=Microbone to CO2 Laser
checking ownership. requestor=192.168.2.150
check software interlocks T
interlocks []
actuate state mode=None-script, software_lock=False
doing actuation None-script open_channel False
Open T ===>> OK
GetIndicatorState T ===>> OK
change switch state (True, True)
13:39:37 -- OPEN   VALVE-T (Microbone to CO2 Laser)
-------------------------- open None (Microbone to CO2 Laser) result=[(True, True)]
action=open, ok=True, locked=[False]
executed snippet estimated_duration=0, duration=5.07027196884
PrepareForCO2Analysis.py completed successfully
gosub finished
set_motor ('beam', '') {}
setting motor "beam" to 
is blank. not heating
close () {'description': 'Microbone to Turbo'}
close name=--- desc=Microbone to Turbo
checking ownership. requestor=192.168.2.150
check software interlocks U
interlocks []
actuate state mode=None-script, software_lock=False
doing actuation None-script close_channel True
Close U ===>> OK
GetIndicatorState U ===>> False
change switch state (True, True)
13:39:38 -- CLOSE  VALVE-U (Microbone to Turbo)
-------------------------- close None (Microbone to Turbo) result=[(True, True)]
action=close, ok=True, locked=[False]
sleep (3.0,) {}
SLEEP 3.0
block started
WaitControl setup for 3.0  
Join finished
block finished. duration 3.01631999016
sleep (6.0,) {}
SLEEP 6.0
block started
WaitControl setup for 6.0  
Join finished
block finished. duration 6.04849720001
executed snippet estimated_duration=27.0, duration=14.5763599873
jan_co2.py completed successfully
GetAchievedOutput ===>> No Response
Requested Output= 0.000
Achieved Output=  0.000
GetResponseBlob ===>> No Response
GetOutputBlob ===>> No Response
persistence save...
persistence save - db
AutomatedRunPersister post_extraction_save deprecated
persistence save - dvc
no extraction position for 1-20
not connected to db mysql://janexp@129.138.12.160/labspy
using pymysql
5048479568 connecting to database mysql://janexp@129.138.12.160/labspy
create new session 5048479568
testing database connection get_migrate_version
closing test session
close session 5048479568
connected to db mysql://janexp@129.138.12.160/labspy
Enviromentals: {'lab_humiditys': [{'device': 'EnvironmentalMonitor',
                    'name': 'Lab Hum.',
                    'pub_date': '2017-11-01T13:35:33',
                    'title': 'iServer Hum.',
                    'value': 23.6},
                   {'device': 'RPiWeather',
                    'name': 'Lab Hum. 2',
                    'pub_date': '2017-11-01T13:39:36',
                    'title': 'Base Station Hum.',
                    'value': 22.5694828033447}],
 'lab_pneumatics': [{'device': 'AirPressure',
                     'name': 'Pressure',
                     'pub_date': '2017-11-01T13:39:18',
                     'title': None,
                     'value': 110.925},
                    {'device': 'AirPressure2',
                     'name': 'Pressure2',
                     'pub_date': '2017-11-01T13:39:18',
                     'title': None,
                     'value': 113.31658},
                    {'device': 'RPiWeather',
                     'name': 'Lab Pressure',
                     'pub_date': '2017-11-01T13:34:26',
                     'title': None,
                     'value': 858.790771484375}],
 'lab_temperatures': [{'device': 'Coldfinger',
                       'name': 'ColdFinger Temp.',
                       'pub_date': '2017-11-01T13:33:31',
                       'title': None,
                       'value': 70.0},
                      {'device': 'EnvironmentalMonitor',
                       'name': 'Lab Temp.',
                       'pub_date': '2017-11-01T13:31:30',
                       'title': 'iServer Temp.',
                       'value': 71.6},
                      {'device': 'Chiller',
                       'name': 'Coolant Temp.',
                       'pub_date': '2017-11-01T13:31:26',
                       'title': None,
                       'value': 18.0},
                      {'device': 'RPiWeather',
                       'name': 'Lab Temp. 2',
                       'pub_date': '2017-11-01T13:38:33',
                       'title': 'Base Station Temp.',
                       'value': 79.476623916626},
                      {'device': 'RPiWeather',
                       'name': 'Lab Temp. 3',
                       'pub_date': '2017-11-01T13:11:33',
                       'title': 'EastDiffuser01',
                       'value': 57.875},
                      {'device': 'RPiWeather',
                       'name': 'Lab Temp. 4',
                       'pub_date': '2017-11-01T13:36:42',
                       'title': 'EastReturn02',
                       'value': 70.025},
                      {'device': 'RPiWeather',
                       'name': 'Lab Temp. 5',
                       'pub_date': '2017-11-01T13:29:48',
                       'title': 'iServerCalibration03',
                       'value': 70.8116},
                      {'device': 'RPiWeather',
                       'name': 'Lab Temp. 6',
                       'pub_date': '2017-11-01T13:35:41',
                       'title': 'SouthWall04',
                       'value': 69.575},
                      {'device': 'RPiWeather',
                       'name': 'Lab Temp. 7',
                       'pub_date': '2017-11-01T13:35:01',
                       'title': 'SouthWindow05',
                       'value': 90.725}]}
Extraction Finished
13:39:50 -- ******* Extraction Finished *******
no overlap. not waiting for min ms pumptime
13:39:50 -- Sending spectrometer configuration
======== Sending configuration ========
SetDeflection CDD,50.0 ===>> OK
SetDeflection H2,0.0 ===>> OK
SetDeflection H1,0.0 ===>> OK
SetDeflection L2,825.0 ===>> OK
SetDeflection L1,400.0 ===>> OK
SetDeflection AX,190.0 ===>> OK
SetZFocus 74.64 ===>> OK
SetZSymmetry -50.72 ===>> OK
SetExtractionLens 26.13 ===>> OK
SetIonRepeller -3.81 ===>> OK
SetElectronEnergy 75.08 ===>> OK
SetYSymmetry -2.81 ===>> OK
SetIonCounterVoltage 1590.0 ===>> OK
send trap current 200.0
GetParameter Trap Current Readback ===>> 198.482695477019
SetParameter Trap Current Set,200.0 ===>> OK
updating mftable name mftable
Using mftable located at /Users/jan/Pychron/setupfiles/spectrometer/mftables/mftable.csv
============ MFtable ===========
Isotope  H2     H1     AX     L1     L2     CDD    
Ar40     6.0555 5.8790 5.9928 6.1940 6.2303 6.6793
Ar39     6.0104 5.7700 6.0569 6.3371 6.1130 6.5658
Ar36     5.6879 5.4390 5.7203 5.9960 5.7680 6.2169
================================
get initial guess parabolic
get initial guess parabolic
get initial guess parabolic
get initial guess parabolic
get initial guess parabolic
get initial guess parabolic
======== Configuration Finished ========
GetYSymmetry ===>> -2.81
GetZSymmetry ===>> -50.72
GetParameter Trap Current Readback ===>> 198.147042666178
GetHighVoltage ===>> 4500
start measurement
do measurement
L#=bu-FC-J analysis type=blank_unknown
Measurement Started jan_unknown400_120.py
13:39:50 -- ******* Measurement Started jan_unknown400_120.py *******
state changed from extraction to measurement
setting trap, emission, spec, defl, and gains
GetExtractionLens ===>> 26.13
GetYSymmetry ===>> -2.81
GetZSymmetry ===>> -50.72
GetZFocus ===>> 74.64
GetDeflection H2 ===>> 0
GetDeflection H1 ===>> 0
GetDeflection AX ===>> 190
GetDeflection L1 ===>> 400
GetDeflection L2 ===>> 825
GetDeflection CDD ===>> 50
GetGain H2 ===>> 0.96
GetGain H1 ===>> 0.1
GetGain AX ===>> 0.09645
GetGain L1 ===>> 0.010309
GetGain L2 ===>> 0.091218
GetGain CDD ===>> 0
GetParameter Trap Current Readback ===>> 198.258926936459
GetParameter Source Current Readback ===>> 527.354880058597
pre measurement save
New frame /Users/jan/Pychron/data/isotopes/96/937131-f82d-4a6f-a0a6-5bcb07d07ad5.h5
flush and close file /Users/jan/Pychron/data/isotopes/96/937131-f82d-4a6f-a0a6-5bcb07d07ad5.h5
testing...
no interpolation path defined
executed snippet estimated_duration=552.28, duration=0.000320911407471
unknown measurement script
activate_detectors ('H2', 'H1', 'AX', 'L1', 'L2', 'CDD') {}
activate detectors
*************** Set Analysis View Ar/Ar
create graphs
clearing graphs
creating plots for detectors [Detector(H2), Detector(H1), Detector(AX), Detector(L1), Detector(L2), Detector(CDD)]
clear isotope group
setting isotope det=H2, iso=Ar40
setting isotope det=H1, iso=Ar39
setting isotope det=AX, iso=Ar38
setting isotope det=L1, iso=Ar37
setting isotope det=L2, iso=Ar36
setting isotope det=CDD, iso=Ar35
 - setting Ar40 baseline (0, 0)
 - setting Ar35 baseline (0, 0)
 - setting Ar36 baseline (0, 0)
 - setting Ar37 baseline (0, 0)
 - setting Ar38 baseline (0, 0)
 - setting Ar39 baseline (0, 0)
 - setting Ar40 baseline 0.0+/-0
 - setting Ar36 baseline 0.0+/-0
 - setting Ar37 baseline 0.0+/-0
 - setting Ar38 baseline 0.0+/-0
 - setting Ar39 baseline 0.0+/-0
load analysis view
position_magnet ('Ar40',) {'detector': 'H1'}
detector Detector(H1)
POSITION Ar40 H1
molweights={'Ar41': 41.0, 'Ar40': 39.9624, 'Ar42': 42.0, 'Ar35': 35.0, 'Ar36': 35.9675, 'Ar37': 36.9668, 'Ar38': 37.9627, 'Ar39': 38.964}
setting detector H2 to Ar41 (40.9624)
setting detector H1 to Ar40 (39.9624)
setting detector AX to Ar39 (38.9624)
setting detector L1 to Ar38 (37.9624)
setting detector L2 to Ar37 (36.9624)
setting detector CDD to Ar36 (35.9624)
Mapping mass to dac mass func: "parabolic"
H1 map mass coeffs = [ -3.11428344e-04   1.33794662e-01   1.02962323e+00]
H1 map mass to dac 39.9624 >> 5.87903
GetDeflection H1 ===>> 0
GetHighVoltage ===>> 4500
positioning Ar40 (5.87903) on H1
setting magnet DAC
current  : 5.241142
requested: 5.879030
Delta Dac: 0.637888
Checking detector protection. dv=0.63789
Checking detector "CDD". Protection Threshold: 0.5 (V)
ProtectDetector CDD,On ===>> OK
GetDeflection CDD ===>> 2000
Protected = 2000
AF Demag not enabled. self.use_af_demag=False, use_af_demag=False
SetMagnetDAC 5.87903 ===>> OK
Magnet settling time: 0.500 0.500
Magnet settling complete
Wait for magnet to stop moving
GetMagnetMoving ===>> True
GetMagnetMoving ===>> True
GetMagnetMoving ===>> True
GetMagnetMoving ===>> True
GetMagnetMoving ===>> True
GetMagnetMoving ===>> True
GetMagnetMoving ===>> True
GetMagnetMoving ===>> True
GetMagnetMoving ===>> True
GetMagnetMoving ===>> False
Magnet move complete
Unprotect detectors
ProtectDetector CDD,Off ===>> OK
GetDeflection CDD ===>> 50
set_dac. change=True
update labels <pychron.experiment.plot_panel.PlotPanel object at 0x13423f530>
update labels "<pychron.graph.stacked_regression_graph.StackedRegressionGraph object at 0x12c8ce890>"
setting label 0 H2 Ar41
setting label 1 H1 Ar40
setting label 2 AX Ar39
setting label 3 L1 Ar38
setting label 4 L2 Ar37
setting label 5 CDD Ar36
update labels "<pychron.graph.stacked_graph.StackedGraph object at 0x12c8a91d0>"
setting label 0 H2 Ar41
setting label 1 H1 Ar40
setting label 2 AX Ar39
setting label 3 L1 Ar38
setting label 4 L2 Ar37
cleaned isotoped group ['Ar40', 'Ar36', 'Ar37', 'Ar41H2', 'Ar38', 'Ar39']
setting label 5 CDD Ar36
load analysis view
equilibrate () {'delay': 3, 'inlet': 'R', 'outlet': 'O', 'eqtime': 12.0}
Equilibration Started
13:39:54 -- ******* Equilibration Started *******
checking ownership. requestor=192.168.2.150
check software interlocks O
interlocks []
actuate state mode=None-script, software_lock=False
doing actuation None-script close_channel True
Close O ===>> OK
GetIndicatorState O ===>> False
change switch state (True, True)
13:39:54 -- CLOSE  VALVE-O (Jan Ion Pump)
waiting 3s before opening inlet value ('R',)
checking ownership. requestor=192.168.2.150
check software interlocks R
interlocks []
actuate state mode=None-script, software_lock=False
doing actuation None-script open_channel True
Open R ===>> OK
State checksums do not match. Local:-598318598 Remote:-1449001502
State checksum failed
GetIndicatorState R ===>> OK
change switch state (True, True)
13:39:57 -- OPEN   VALVE-R (Jan Inlet)
equilibrating for 12.0sec
set_time_zero () {}
sniff (12.0,) {}
py_sniff
build tables- sniff [Detector(H2), Detector(H1), Detector(AX), Detector(L1), Detector(L2), Detector(CDD)]
add group /sniff/Ar41 (Group) '' table H2
add group /sniff/Ar40 (Group) '' table H1
add group /sniff/Ar39 (Group) '' table AX
add group /sniff/Ar38 (Group) '' table L1
add group /sniff/Ar37 (Group) '' table L2
add group /sniff/Ar36 (Group) '' table CDD
flush and close file /Users/jan/Pychron/data/isotopes/96/937131-f82d-4a6f-a0a6-5bcb07d07ad5.h5
measuring sniff. ncounts=12.0
"sniff" increment series count="1" fit count="0" regressing="False"
starting measurement
measurement period (ms) = 1048.576
Equilibration Finished
13:40:10 -- ******* Equilibration Finished *******
checking ownership. requestor=192.168.2.150
check software interlocks R
interlocks []
actuate state mode=None-script, software_lock=False
doing actuation None-script close_channel True
Close R ===>> OK
State checksums do not match. Local:-1449001502 Remote:-598318598
State checksum failed
GetIndicatorState R ===>> False
change switch state (True, True)
13:40:10 -- CLOSE  VALVE-R (Jan Inlet)
Post Equilibration Started jan_pump_extraction_line.py
13:40:10 -- ******* Post Equilibration Started jan_pump_extraction_line.py *******
testing...
no interpolation path defined
waiting for write to finish
calculate duration
testing...
no interpolation path defined
executed snippet estimated_duration=4.0, duration=0.000173807144165
executed snippet estimated_duration=4.0, duration=0.0213038921356
Pump after analysis
doing GOSUB
testing...
no interpolation path defined
executed snippet estimated_duration=4.0, duration=0.000138998031616
Pump Microbone
close () {'description': 'Jan Inlet'}
close name=--- desc=Jan Inlet
checking ownership. requestor=192.168.2.150
check software interlocks R
interlocks []
actuate state mode=None-script, software_lock=False
doing actuation None-script close_channel False
measurement finished
estimated time: 12.583 actual time: :12.696
flush and close file /Users/jan/Pychron/data/isotopes/96/937131-f82d-4a6f-a0a6-5bcb07d07ad5.h5
set_fits () {}
using default fits file=/Users/jan/Pychron/scripts/measurement/fits/nominal.yaml
set "Ar40" to "('Parabolic', 'SEM')"
set "Ar36" to "('Parabolic', 'SEM')"
set "Ar37" to "('linear', 'SEM')"
set "Ar41H2" to "('linear', 'SEM')"
set "Ar38" to "('linear', 'SEM')"
set "Ar39" to "('Parabolic', 'SEM')"
set_baseline_fits () {}
using default fits file=/Users/jan/Pychron/scripts/measurement/fits/nominal.yaml
set "H1" to "('average', 'SEM')"
set "CDD" to "('average', 'SEM')"
set "L2" to "('average', 'SEM')"
set "H2" to "('average', 'SEM')"
set "L1" to "('average', 'SEM')"
set "AX" to "('average', 'SEM')"
multicollect () {'integration_time': 1, 'ncounts': 400}
build tables- signal [Detector(H2), Detector(H1), Detector(AX), Detector(L1), Detector(L2), Detector(CDD)]
add group /signal/Ar41 (Group) '' table H2
add group /signal/Ar40 (Group) '' table H1
add group /signal/Ar39 (Group) '' table AX
add group /signal/Ar38 (Group) '' table L1
add group /signal/Ar37 (Group) '' table L2
add group /signal/Ar36 (Group) '' table CDD
flush and close file /Users/jan/Pychron/data/isotopes/96/937131-f82d-4a6f-a0a6-5bcb07d07ad5.h5
measuring signal. ncounts=400
Close R ===>> OK
GetIndicatorState R ===>> False
change switch state (True, True)
13:40:11 -- CLOSE  VALVE-R (Jan Inlet)
-------------------------- close None (Jan Inlet) result=[(True, True)]
"signal" increment series count="2" fit count="1" regressing="True"
action=close, ok=True, locked=[False]
is_closed ('F',) {}
is F () closed?
is closed True
open () {'description': 'CO2 Laser to Jan'}
open name=--- desc=CO2 Laser to Jan
checking ownership. requestor=192.168.2.150
check software interlocks A
interlocks []
actuate state mode=None-script, software_lock=False
doing actuation None-script open_channel False
starting measurement
measurement period (ms) = 1048.576
Open A ===>> OK
GetIndicatorState A ===>> OK
change switch state (True, True)
13:40:11 -- OPEN   VALVE-A (CO2 Laser to Jan)
-------------------------- open None (CO2 Laser to Jan) result=[(True, True)]
action=open, ok=True, locked=[False]
sleep (1,) {}
SLEEP 1.0
close () {'description': 'CO2 Laser to Roughing'}
close name=--- desc=CO2 Laser to Roughing
checking ownership. requestor=192.168.2.150
check software interlocks G
interlocks []
actuate state mode=None-script, software_lock=True
VALVE-G(CO2 Laser to Roughing) software locked
change switch state (True, False)
-------------------------- close None (CO2 Laser to Roughing) result=[(True, False)]
action=close, ok=True, locked=[True]
open () {'description': 'Microbone to Turbo'}
open name=--- desc=Microbone to Turbo
checking ownership. requestor=192.168.2.150
check software interlocks U
interlocks []
actuate state mode=None-script, software_lock=False
doing actuation None-script open_channel True
Open U ===>> OK
GetIndicatorState U ===>> OK
change switch state (True, True)
13:40:13 -- OPEN   VALVE-U (Microbone to Turbo)
-------------------------- open None (Microbone to Turbo) result=[(True, True)]
action=open, ok=True, locked=[False]
open () {'description': 'Microbone to Getter NP-10'}
open name=--- desc=Microbone to Getter NP-10
checking ownership. requestor=192.168.2.150
check software interlocks M
interlocks []
actuate state mode=None-script, software_lock=False
doing actuation None-script open_channel False
Open M ===>> OK
GetIndicatorState M ===>> OK
change switch state (True, True)
13:40:13 -- OPEN   VALVE-M (Microbone to Getter NP-10)
-------------------------- open None (Microbone to Getter NP-10) result=[(True, True)]
action=open, ok=True, locked=[False]
open () {'description': 'Microbone to Getter D-50'}
open name=--- desc=Microbone to Getter D-50
checking ownership. requestor=192.168.2.150
check software interlocks K
interlocks []
actuate state mode=None-script, software_lock=False
doing actuation None-script open_channel False
Open K ===>> OK
GetIndicatorState K ===>> OK
change switch state (True, True)
13:40:14 -- OPEN   VALVE-K (Microbone to Getter D-50)
-------------------------- open None (Microbone to Getter D-50) result=[(True, True)]
action=open, ok=True, locked=[False]
open () {'description': 'Microbone to CO2 Laser'}
open name=--- desc=Microbone to CO2 Laser
checking ownership. requestor=192.168.2.150
check software interlocks T
interlocks []
actuate state mode=None-script, software_lock=False
doing actuation None-script open_channel False
Open T ===>> OK
GetIndicatorState T ===>> OK
change switch state (True, True)
13:40:14 -- OPEN   VALVE-T (Microbone to CO2 Laser)
-------------------------- open None (Microbone to CO2 Laser) result=[(True, True)]
action=open, ok=True, locked=[False]
open () {'description': 'Microbone to Inlet Pipette'}
open name=--- desc=Microbone to Inlet Pipette
checking ownership. requestor=192.168.2.150
check software interlocks S
interlocks []
actuate state mode=None-script, software_lock=False
doing actuation None-script open_channel False
Open S ===>> OK
GetIndicatorState S ===>> OK
change switch state (True, True)
13:40:15 -- OPEN   VALVE-S (Microbone to Inlet Pipette)
-------------------------- open None (Microbone to Inlet Pipette) result=[(True, True)]
testing H1<-5.0
evaluate ot="H1.bs<-5.0" t="H1<-5.0", ctx="{'H1': 0.0}"
action=open, ok=True, locked=[False]
sleep (1,) {}
SLEEP 1.0
set_resource () {'name': 'CO2PumpTimeFlag', 'value': 30}
Set CO2PumpTimeFlag 30 ===>> OK
release ('JanCO2Flag',) {}
release JanCO2Flag
Set JanCO2Flag 0 ===>> OK
executed snippet estimated_duration=6.0, duration=6.03490304947
PumpMicrobone.py completed successfully
gosub finished
get_resource_value () {'name': 'JanMiniboneFlag'}
Read JanMiniboneFlag ===>> 0
Get Resource Value JanMiniboneFlag=0.0
get resource value 0.0
get_resource_value () {'name': 'JanMiniboneFlag'}
Read JanMiniboneFlag ===>> 0
Get Resource Value JanMiniboneFlag=0.0
executed snippet estimated_duration=4.0, duration=6.05415081978
jan_pump_extraction_line.py completed successfully
Post Equilibration Finished
13:40:16 -- ******* Post Equilibration Finished *******
testing H1<-5.0
evaluate ot="H1.bs<-5.0" t="H1<-5.0", ctx="{'H1': 0.0}"
testing H1<-5.0
evaluate ot="H1.bs<-5.0" t="H1<-5.0", ctx="{'H1': 0.0}"
testing H1<-5.0
evaluate ot="H1.bs<-5.0" t="H1<-5.0", ctx="{'H1': 0.0}"
testing H1<-5.0
evaluate ot="H1.bs<-5.0" t="H1<-5.0", ctx="{'H1': 0.0}"
13:40:36 -- collecting point 25
testing H1<-5.0
evaluate ot="H1.bs<-5.0" t="H1<-5.0", ctx="{'H1': 0.0}"
testing H1<-5.0
evaluate ot="H1.bs<-5.0" t="H1<-5.0", ctx="{'H1': 0.0}"
testing H1<-5.0
evaluate ot="H1.bs<-5.0" t="H1<-5.0", ctx="{'H1': 0.0}"
testing H1<-5.0
evaluate ot="H1.bs<-5.0" t="H1<-5.0", ctx="{'H1': 0.0}"
testing H1<-5.0
evaluate ot="H1.bs<-5.0" t="H1<-5.0", ctx="{'H1': 0.0}"
13:41:03 -- collecting point 50
bu-FC-J-8577   blank_unknown   NoIrradiation A:3 set to terminate after 0 counts
13:41:06 -- user termination. measurement iteration executed 52/400 counts
state changed from measurement to truncated
waiting for write to finish
measurement finished
estimated time: 419.430 actual time: :54.706
flush and close file /Users/jan/Pychron/data/isotopes/96/937131-f82d-4a6f-a0a6-5bcb07d07ad5.h5
baselines () {'settling_time': 15.0, 'detector': 'H1', 'mass': 34.2, 'ncounts': 120}
%%%%%%%%%%%%%%%%%%%%%%%%%%%%%%%% Baseline
build tables- baseline [Detector(H2), Detector(H1), Detector(AX), Detector(L1), Detector(L2), Detector(CDD)]
add group baseline table H2
add group baseline table H1
add group baseline table AX
add group baseline table L1
add group baseline table L2
add group baseline table CDD
flush and close file /Users/jan/Pychron/data/isotopes/96/937131-f82d-4a6f-a0a6-5bcb07d07ad5.h5
detector Detector(H1)
POSITION 34.2 H1
Mapping mass to dac mass func: "parabolic"
H1 map mass coeffs = [ -3.11428344e-04   1.33794662e-01   1.02962323e+00]
H1 map mass to dac 34.2 >> 5.24114160773
GetDeflection H1 ===>> 0
GetHighVoltage ===>> 4500
positioning 34.2 (5.24114160773) on H1
setting magnet DAC
current  : 5.879030
requested: 5.241142
Delta Dac: 0.637888
Checking detector protection. dv=0.63789
Checking detector "CDD". Protection Threshold: 0.5 (V)
ProtectDetector CDD,On ===>> OK
GetDeflection CDD ===>> 2000
Protected = 2000
AF Demag not enabled. self.use_af_demag=False, use_af_demag=False
SetMagnetDAC 5.24114160773 ===>> OK
Magnet settling time: 0.500 0.500
Magnet settling complete
Wait for magnet to stop moving
GetMagnetMoving ===>> True
GetMagnetMoving ===>> True
GetMagnetMoving ===>> True
GetMagnetMoving ===>> True
GetMagnetMoving ===>> True
GetMagnetMoving ===>> True
GetMagnetMoving ===>> True
GetMagnetMoving ===>> True
GetMagnetMoving ===>> True
GetMagnetMoving ===>> False
Magnet move complete
Unprotect detectors
ProtectDetector CDD,Off ===>> OK
GetDeflection CDD ===>> 50
set_dac. change=True
Delaying 15.0s for detectors to settle
Join finished
measuring baseline. ncounts=120
"baseline" increment series count="2" fit count="1" regressing="True"
starting measurement
measurement period (ms) = 1048.576
testing H1<-5.0
evaluate ot="H1.bs<-5.0" t="H1<-5.0", ctx="{'H1': 0.06627910718024499}"
testing H1<-5.0
evaluate ot="H1.bs<-5.0" t="H1<-5.0", ctx="{'H1': 0.07885162749684059}"
bu-FC-J-8577   blank_unknown   NoIrradiation A:3 set to terminate after 0 counts
13:41:37 -- user termination. measurement iteration executed 12/120 counts
waiting for write to finish
measurement finished
estimated time: 125.829 actual time: :12.699
flush and close file /Users/jan/Pychron/data/isotopes/96/937131-f82d-4a6f-a0a6-5bcb07d07ad5.h5
activate_detectors ('H1', 'AX', 'L2', 'CDD') {'peak_center': True}
peak_center () {'detector': 'H1', 'integration_time': 0.262144, 'isotope': 'Ar40'}
peak center: mean=0.63839191363 threshold=5.0
Skipping peak center. intensities to small. 0.63839191363<5.0
finished measure script
executed snippet estimated_duration=552.28, duration=106.524353981
jan_unknown400_120.py completed successfully
Measurement Finished
13:41:37 -- ******* Measurement Finished *******
Post Measurement Started jan_pump_ms.py
13:41:37 -- ******* Post Measurement Started jan_pump_ms.py *******
testing...
no interpolation path defined
executed snippet estimated_duration=0, duration=2.59876251221e-05
Pumping spectrometer
open () {'name': 'O'}
open name=O desc=---
checking ownership. requestor=192.168.2.150
check software interlocks O
interlocks []
actuate state mode=None-script, software_lock=False
doing actuation None-script open_channel True
Open O ===>> OK
GetIndicatorState O ===>> OK
change switch state (True, True)
13:41:37 -- OPEN   VALVE-O (Jan Ion Pump)
-------------------------- open O () result=[(True, True)]
action=open, ok=True, locked=[False]
executed snippet estimated_duration=0, duration=0.413069963455
jan_pump_ms.py completed successfully
setting _ms_pumptime
Post Measurement Finished
13:41:37 -- ******* Post Measurement Finished *******
$$$$$$$$$$$$$$$$$$$$ state at run end truncated
post measurement save measured=True aborted=False
Set filtering
setting fod for Ar40= {'filter_outliers': True, 'std_devs': 2, 'iterations': 1}
setting fod for H1= {'filter_outliers': True, 'std_devs': 2, 'iterations': 1}
setting fod for Ar36= {'filter_outliers': True, 'std_devs': 2, 'iterations': 1}
setting fod for CDD= {'filter_outliers': True, 'std_devs': 10, 'iterations': 1}
setting fod for Ar37= {'filter_outliers': True, 'std_devs': 2, 'iterations': 1}
setting fod for L2= {'filter_outliers': True, 'std_devs': 2, 'iterations': 1}
setting fod for Ar41= {'filter_outliers': True, 'std_devs': 2, 'iterations': 1}
setting fod for H2= {'filter_outliers': True, 'std_devs': 2, 'iterations': 1}
setting fod for Ar38= {'filter_outliers': True, 'std_devs': 2, 'iterations': 1}
setting fod for L1= {'filter_outliers': True, 'std_devs': 2, 'iterations': 1}
setting fod for Ar39= {'filter_outliers': True, 'std_devs': 2, 'iterations': 1}
setting fod for AX= {'filter_outliers': True, 'std_devs': 2, 'iterations': 1}
not connected to db mysql://janexp@129.138.12.160/labspy
Enviromentals: {'lab_humiditys': [{'device': 'EnvironmentalMonitor',
                    'name': 'Lab Hum.',
                    'pub_date': '2017-11-01T13:35:33',
                    'title': 'iServer Hum.',
                    'value': 23.6},
                   {'device': 'RPiWeather',
                    'name': 'Lab Hum. 2',
                    'pub_date': '2017-11-01T13:41:35',
                    'title': 'Base Station Hum.',
                    'value': 22.3503494262695}],
 'lab_pneumatics': [{'device': 'AirPressure',
                     'name': 'Pressure',
                     'pub_date': '2017-11-01T13:41:19',
                     'title': None,
                     'value': 107.175},
                    {'device': 'AirPressure2',
                     'name': 'Pressure2',
                     'pub_date': '2017-11-01T13:41:19',
                     'title': None,
                     'value': 109.603},
                    {'device': 'RPiWeather',
                     'name': 'Lab Pressure',
                     'pub_date': '2017-11-01T13:34:26',
                     'title': None,
                     'value': 858.790771484375}],
 'lab_temperatures': [{'device': 'Coldfinger',
                       'name': 'ColdFinger Temp.',
                       'pub_date': '2017-11-01T13:40:37',
                       'title': None,
                       'value': 69.0},
                      {'device': 'EnvironmentalMonitor',
                       'name': 'Lab Temp.',
                       'pub_date': '2017-11-01T13:31:30',
                       'title': 'iServer Temp.',
                       'value': 71.6},
                      {'device': 'Chiller',
                       'name': 'Coolant Temp.',
                       'pub_date': '2017-11-01T13:31:26',
                       'title': None,
                       'value': 18.0},
                      {'device': 'RPiWeather',
                       'name': 'Lab Temp. 2',
                       'pub_date': '2017-11-01T13:40:53',
                       'title': 'Base Station Temp.',
                       'value': 79.7002712249756},
                      {'device': 'RPiWeather',
                       'name': 'Lab Temp. 3',
                       'pub_date': '2017-11-01T13:11:33',
                       'title': 'EastDiffuser01',
                       'value': 57.875},
                      {'device': 'RPiWeather',
                       'name': 'Lab Temp. 4',
                       'pub_date': '2017-11-01T13:36:42',
                       'title': 'EastReturn02',
                       'value': 70.025},
                      {'device': 'RPiWeather',
                       'name': 'Lab Temp. 5',
                       'pub_date': '2017-11-01T13:29:48',
                       'title': 'iServerCalibration03',
                       'value': 70.8116},
                      {'device': 'RPiWeather',
                       'name': 'Lab Temp. 6',
                       'pub_date': '2017-11-01T13:35:41',
                       'title': 'SouthWall04',
                       'value': 69.575},
                      {'device': 'RPiWeather',
                       'name': 'Lab Temp. 7',
                       'pub_date': '2017-11-01T13:40:53',
                       'title': 'SouthWindow05',
                       'value': 91.0616}]}
persistence save...
persistence save - db
post measurement save
5216216464 connecting to database sqlite://@/
connected to db sqlite://@/
create new session 5216216464
close session 5216216464
No database instance. Not saving post measurement to isotopedb database
$$$$$$$$$$$$$$$ auto_save_detector_ic=False
massspec enabled True
create new session 5056844720
MassSpec Database Version: 16.0
close session 5056844720
saving post measurement to secondary database
saving to massspec database 129.138.12.160/massspecdata
setting labnumber to bu-FC-J
setting aliquot to 8577
setting step to 
setting uuid to 96937131-f82d-4a6f-a0a6-5bcb07d07ad5
setting irradpos to bu-FC-J
setting extract_device to Fusions CO2
setting tray to 
setting position to 1-20
setting power_requested to 0.0
setting extract_value to 0.0
setting duration to 3.0
setting duration_at_request to 3.0
setting first_stage_delay to 3.0
setting cleanup to 6.0
setting comment to 
setting irradiation to NoIrradiation
setting level to A
setting irradiation_level to A
setting sample to blank_unknown
setting material to Blank
setting project to REFERENCES
setting mass_spectrometer to Jan
no attribute chron_dosages
no attribute production_ratios
no attribute interference_corrections
no attribute production_name
no attribute j
adding new session for Jan
Reference Isotope=Ar40
Reference Detector=H1
%%%%%%%%%%%%%%%%%%%% Comment:  %%%%%%%%%%%%%%%%%%%
adding isotope Ar41 H2
add baseline dbdet= Ar41. original det= H2
get baseline data Ar41 H2
Get data baseline Ar41 len t=1
baseline Ar41. v=0.0, e=0.0
get signal data Ar41 H2
Get data signal Ar41 len t=1
no key Ar41 ['Ar40', 'Ar36', 'Ar37', 'Ar41H2', 'Ar38', 'Ar39']
adding isotope Ar40 H1
add baseline dbdet= Ar40. original det= H1
get baseline data Ar40 H1
Get data baseline <pychron.processing.isotope.Baseline object at 0x135625150> len t=12
baseline Ar40. v=0.0913210484377, e=0.00765746557153
get signal data Ar40 H1
Get data signal Ar40 0.14+/-0.05 len t=52
adding isotope Ar39 AX
add baseline dbdet= Ar39. original det= AX
get baseline data Ar39 AX
Get data baseline <pychron.processing.isotope.Baseline object at 0x13560dc90> len t=12
baseline Ar39. v=0.0734793103114, e=0.0115513739166
get signal data Ar39 AX
Get data signal Ar39 0.11+/-0.05 len t=52
adding isotope Ar38 L1
add baseline dbdet= Ar38. original det= L1
get baseline data Ar38 L1
Get data baseline <pychron.processing.isotope.Baseline object at 0x13560db50> len t=12
baseline Ar38. v=-0.0599193978782, e=0.00369789984547
get signal data Ar38 L1
Get data signal Ar38 0.047+/-0.011 len t=52
adding isotope Ar37 L2
add baseline dbdet= Ar37. original det= L2
get baseline data Ar37 L2
Get data baseline <pychron.processing.isotope.Baseline object at 0x13560d810> len t=12
baseline Ar37. v=-0.0339025447305, e=0.0162537510262
get signal data Ar37 L2
Get data signal Ar37 0.078+/-0.019 len t=52
adding isotope Ar36 CDD
add baseline dbdet= Ar36. original det= CDD
get baseline data Ar36 CDD
Get data baseline <pychron.processing.isotope.Baseline object at 0x135625690> len t=12
baseline Ar36. v=2.47241841517e-05, e=1.66690415546e-05
get signal data Ar36 CDD
Get data signal Ar36 0.0040+/-0.0007 len t=52
bu-FC-J-8577 added analysis time 0.720349788666s
analysis added to mass spec database
mass spec save time= 0.732
persistence save - dvc
================= post measurement started
create new session 4956270768
close session 4956270768
add to repo msg=modified - jan_unknown400_120.py
add to repo msg=modified - jan_co2.py
add to repo msg=modified - jan_pump_ms.py
add to repo msg=modified - jan_pump_extraction_line.py
---------------- Experiment Queue saving disabled
DVC saving peakcenter
ahead behind
Smart pull ahead: 0 behind: 0
Up-to-date with origin
add to repo msg=modified - ad8224ebc6dbfeb9f5997218dfa5fe690569839d.json
add to repo msg=modified - -J-8577.json
add to repo msg=modified - -J-8577.dat.json
not at valid file /Users/jan/Pychron/data/.dvc/repositories/IR970/bu-FC/tags/-J-8577.tags.json
not at valid file /Users/jan/Pychron/data/.dvc/repositories/IR970/bu-FC/peakcenter/-J-8577.peak.json
add to repo msg=modified - -J-8577.extr.json
not at valid file /Users/jan/Pychron/data/.dvc/repositories/IR970/bu-FC/monitor/-J-8577.moni.json
commit message=<COLLECTION>
add to repo msg=modified - -J-8577.inte.json
add to repo msg=modified - -J-8577.base.json
commit message=<ISOEVO> default collection fits
add to repo msg=modified - -J-8577.blan.json
commit message=<BLANKS> preceding 
add to repo msg=modified - -J-8577.icfa.json
commit message=<ICFactor> default
push repository <pychron.git_archive.repo_manager.GitRepoManager object at 0x1342c9b90>
pushing to remote=origin, url=https://github.com
ahead behind
Smart pull ahead: 0 behind: 0
Up-to-date with origin
no changes to meta repo
create new session 4956270768
add_item exception <pychron.dvc.dvc_orm.AnalysisIntensitiesTbl object at 0x1373c3450> Traceback (most recent call last):
  File "/Users/jan/.pychron.0/updates/pychron/database/core/database_adapter.py", line 536, in _add_item
    sess.flush()
  File "/Users/jan/anaconda/envs/pychron_env/Pychron.app/Contents/lib/python2.7/site-packages/sqlalchemy/orm/session.py", line 1903, in flush
    self._flush(objects)
  File "/Users/jan/anaconda/envs/pychron_env/Pychron.app/Contents/lib/python2.7/site-packages/sqlalchemy/orm/session.py", line 2021, in _flush
    transaction.rollback(_capture_exception=True)
  File "/Users/jan/anaconda/envs/pychron_env/Pychron.app/Contents/lib/python2.7/site-packages/sqlalchemy/util/langhelpers.py", line 57, in __exit__
    compat.reraise(exc_type, exc_value, exc_tb)
  File "/Users/jan/anaconda/envs/pychron_env/Pychron.app/Contents/lib/python2.7/site-packages/sqlalchemy/orm/session.py", line 1985, in _flush
    flush_context.execute()
  File "/Users/jan/anaconda/envs/pychron_env/Pychron.app/Contents/lib/python2.7/site-packages/sqlalchemy/orm/unitofwork.py", line 370, in execute
    rec.execute(self)
  File "/Users/jan/anaconda/envs/pychron_env/Pychron.app/Contents/lib/python2.7/site-packages/sqlalchemy/orm/unitofwork.py", line 523, in execute
    uow
  File "/Users/jan/anaconda/envs/pychron_env/Pychron.app/Contents/lib/python2.7/site-packages/sqlalchemy/orm/persistence.py", line 64, in save_obj
    mapper, table, insert)
  File "/Users/jan/anaconda/envs/pychron_env/Pychron.app/Contents/lib/python2.7/site-packages/sqlalchemy/orm/persistence.py", line 594, in _emit_insert_statements
    execute(statement, params)
  File "/Users/jan/anaconda/envs/pychron_env/Pychron.app/Contents/lib/python2.7/site-packages/sqlalchemy/engine/base.py", line 720, in execute
    return meth(self, multiparams, params)
  File "/Users/jan/anaconda/envs/pychron_env/Pychron.app/Contents/lib/python2.7/site-packages/sqlalchemy/sql/elements.py", line 317, in _execute_on_connection
    return connection._execute_clauseelement(self, multiparams, params)
  File "/Users/jan/anaconda/envs/pychron_env/Pychron.app/Contents/lib/python2.7/site-packages/sqlalchemy/engine/base.py", line 817, in _execute_clauseelement
    compiled_sql, distilled_params
  File "/Users/jan/anaconda/envs/pychron_env/Pychron.app/Contents/lib/python2.7/site-packages/sqlalchemy/engine/base.py", line 947, in _execute_context
    context)
  File "/Users/jan/anaconda/envs/pychron_env/Pychron.app/Contents/lib/python2.7/site-packages/sqlalchemy/engine/base.py", line 1108, in _handle_dbapi_exception
    exc_info
  File "/Users/jan/anaconda/envs/pychron_env/Pychron.app/Contents/lib/python2.7/site-packages/sqlalchemy/util/compat.py", line 185, in raise_from_cause
    reraise(type(exception), exception, tb=exc_tb)
  File "/Users/jan/anaconda/envs/pychron_env/Pychron.app/Contents/lib/python2.7/site-packages/sqlalchemy/engine/base.py", line 940, in _execute_context
    context)
  File "/Users/jan/anaconda/envs/pychron_env/Pychron.app/Contents/lib/python2.7/site-packages/sqlalchemy/engine/default.py", line 435, in do_execute
    cursor.execute(statement, parameters)
  File "/Users/jan/anaconda/envs/pychron_env/Pychron.app/Contents/lib/python2.7/site-packages/pymysql/cursors.py", line 146, in execute
    result = self._query(query)
  File "/Users/jan/anaconda/envs/pychron_env/Pychron.app/Contents/lib/python2.7/site-packages/pymysql/cursors.py", line 296, in _query
    conn.query(q)
  File "/Users/jan/anaconda/envs/pychron_env/Pychron.app/Contents/lib/python2.7/site-packages/pymysql/connections.py", line 781, in query
    self._affected_rows = self._read_query_result(unbuffered=unbuffered)
  File "/Users/jan/anaconda/envs/pychron_env/Pychron.app/Contents/lib/python2.7/site-packages/pymysql/connections.py", line 942, in _read_query_result
    result.read()
  File "/Users/jan/anaconda/envs/pychron_env/Pychron.app/Contents/lib/python2.7/site-packages/pymysql/connections.py", line 1138, in read
    first_packet = self.connection._read_packet()
  File "/Users/jan/anaconda/envs/pychron_env/Pychron.app/Contents/lib/python2.7/site-packages/pymysql/connections.py", line 906, in _read_packet
    packet.check_error()
  File "/Users/jan/anaconda/envs/pychron_env/Pychron.app/Contents/lib/python2.7/site-packages/pymysql/connections.py", line 367, in check_error
    err.raise_mysql_exception(self._data)
  File "/Users/jan/anaconda/envs/pychron_env/Pychron.app/Contents/lib/python2.7/site-packages/pymysql/err.py", line 120, in raise_mysql_exception
    _check_mysql_exception(errinfo)
  File "/Users/jan/anaconda/envs/pychron_env/Pychron.app/Contents/lib/python2.7/site-packages/pymysql/err.py", line 115, in _check_mysql_exception
    raise InternalError(errno, errorvalue)
InternalError: (InternalError) (1054, u"Unknown column 'kca_value' in 'field list'") 'INSERT INTO `AnalysisIntensitiesTbl` (`analysisID`, value, error, n, fit, fit_error_type, baseline_value, baseline_error, baseline_n, baseline_fit, baseline_fit_error_type, blank_value, blank_error, kca_value, kca_error, kcl_value, kcl_error, isotope, detector) VALUES (%s, %s, %s, %s, %s, %s, %s, %s, %s, %s, %s, %s, %s, %s, %s, %s, %s, %s, %s)' (58800, 0.22887412113873457, 0.049260044239057055, 52, 'Parabolic', 'SEM', 0.09132104843767695, 0.007657465571533891, 12, 'average', 'SEM', 0.0, 0.0, None, None, None, None, 'Ar40', 'H1')

add_item exception <pychron.dvc.dvc_orm.AnalysisIntensitiesTbl object at 0x1373c3a50> Traceback (most recent call last):
  File "/Users/jan/.pychron.0/updates/pychron/database/core/database_adapter.py", line 536, in _add_item
    sess.flush()
  File "/Users/jan/anaconda/envs/pychron_env/Pychron.app/Contents/lib/python2.7/site-packages/sqlalchemy/orm/session.py", line 1903, in flush
    self._flush(objects)
  File "/Users/jan/anaconda/envs/pychron_env/Pychron.app/Contents/lib/python2.7/site-packages/sqlalchemy/orm/session.py", line 2021, in _flush
    transaction.rollback(_capture_exception=True)
  File "/Users/jan/anaconda/envs/pychron_env/Pychron.app/Contents/lib/python2.7/site-packages/sqlalchemy/util/langhelpers.py", line 57, in __exit__
    compat.reraise(exc_type, exc_value, exc_tb)
  File "/Users/jan/anaconda/envs/pychron_env/Pychron.app/Contents/lib/python2.7/site-packages/sqlalchemy/orm/session.py", line 1985, in _flush
    flush_context.execute()
  File "/Users/jan/anaconda/envs/pychron_env/Pychron.app/Contents/lib/python2.7/site-packages/sqlalchemy/orm/unitofwork.py", line 370, in execute
    rec.execute(self)
  File "/Users/jan/anaconda/envs/pychron_env/Pychron.app/Contents/lib/python2.7/site-packages/sqlalchemy/orm/unitofwork.py", line 523, in execute
    uow
  File "/Users/jan/anaconda/envs/pychron_env/Pychron.app/Contents/lib/python2.7/site-packages/sqlalchemy/orm/persistence.py", line 64, in save_obj
    mapper, table, insert)
  File "/Users/jan/anaconda/envs/pychron_env/Pychron.app/Contents/lib/python2.7/site-packages/sqlalchemy/orm/persistence.py", line 594, in _emit_insert_statements
    execute(statement, params)
  File "/Users/jan/anaconda/envs/pychron_env/Pychron.app/Contents/lib/python2.7/site-packages/sqlalchemy/engine/base.py", line 720, in execute
    return meth(self, multiparams, params)
  File "/Users/jan/anaconda/envs/pychron_env/Pychron.app/Contents/lib/python2.7/site-packages/sqlalchemy/sql/elements.py", line 317, in _execute_on_connection
    return connection._execute_clauseelement(self, multiparams, params)
  File "/Users/jan/anaconda/envs/pychron_env/Pychron.app/Contents/lib/python2.7/site-packages/sqlalchemy/engine/base.py", line 817, in _execute_clauseelement
    compiled_sql, distilled_params
  File "/Users/jan/anaconda/envs/pychron_env/Pychron.app/Contents/lib/python2.7/site-packages/sqlalchemy/engine/base.py", line 947, in _execute_context
    context)
  File "/Users/jan/anaconda/envs/pychron_env/Pychron.app/Contents/lib/python2.7/site-packages/sqlalchemy/engine/base.py", line 1108, in _handle_dbapi_exception
    exc_info
  File "/Users/jan/anaconda/envs/pychron_env/Pychron.app/Contents/lib/python2.7/site-packages/sqlalchemy/util/compat.py", line 185, in raise_from_cause
    reraise(type(exception), exception, tb=exc_tb)
  File "/Users/jan/anaconda/envs/pychron_env/Pychron.app/Contents/lib/python2.7/site-packages/sqlalchemy/engine/base.py", line 940, in _execute_context
    context)
  File "/Users/jan/anaconda/envs/pychron_env/Pychron.app/Contents/lib/python2.7/site-packages/sqlalchemy/engine/default.py", line 435, in do_execute
    cursor.execute(statement, parameters)
  File "/Users/jan/anaconda/envs/pychron_env/Pychron.app/Contents/lib/python2.7/site-packages/pymysql/cursors.py", line 146, in execute
    result = self._query(query)
  File "/Users/jan/anaconda/envs/pychron_env/Pychron.app/Contents/lib/python2.7/site-packages/pymysql/cursors.py", line 296, in _query
    conn.query(q)
  File "/Users/jan/anaconda/envs/pychron_env/Pychron.app/Contents/lib/python2.7/site-packages/pymysql/connections.py", line 781, in query
    self._affected_rows = self._read_query_result(unbuffered=unbuffered)
  File "/Users/jan/anaconda/envs/pychron_env/Pychron.app/Contents/lib/python2.7/site-packages/pymysql/connections.py", line 942, in _read_query_result
    result.read()
  File "/Users/jan/anaconda/envs/pychron_env/Pychron.app/Contents/lib/python2.7/site-packages/pymysql/connections.py", line 1138, in read
    first_packet = self.connection._read_packet()
  File "/Users/jan/anaconda/envs/pychron_env/Pychron.app/Contents/lib/python2.7/site-packages/pymysql/connections.py", line 906, in _read_packet
    packet.check_error()
  File "/Users/jan/anaconda/envs/pychron_env/Pychron.app/Contents/lib/python2.7/site-packages/pymysql/connections.py", line 367, in check_error
    err.raise_mysql_exception(self._data)
  File "/Users/jan/anaconda/envs/pychron_env/Pychron.app/Contents/lib/python2.7/site-packages/pymysql/err.py", line 120, in raise_mysql_exception
    _check_mysql_exception(errinfo)
  File "/Users/jan/anaconda/envs/pychron_env/Pychron.app/Contents/lib/python2.7/site-packages/pymysql/err.py", line 115, in _check_mysql_exception
    raise InternalError(errno, errorvalue)
InternalError: (InternalError) (1054, u"Unknown column 'kca_value' in 'field list'") 'INSERT INTO `AnalysisIntensitiesTbl` (`analysisID`, value, error, n, fit, fit_error_type, baseline_value, baseline_error, baseline_n, baseline_fit, baseline_fit_error_type, blank_value, blank_error, kca_value, kca_error, kcl_value, kcl_error, isotope, detector) VALUES (%s, %s, %s, %s, %s, %s, %s, %s, %s, %s, %s, %s, %s, %s, %s, %s, %s, %s, %s)' (58800, 0.004047942748188687, 0.0006758541890556955, 52, 'Parabolic', 'SEM', 2.4724184151676332e-05, 1.6669041554576053e-05, 12, 'average', 'SEM', 0.0, 0.0, None, None, None, None, 'Ar36', 'CDD')

add_item exception <pychron.dvc.dvc_orm.AnalysisIntensitiesTbl object at 0x1373c3a50> Traceback (most recent call last):
  File "/Users/jan/.pychron.0/updates/pychron/database/core/database_adapter.py", line 536, in _add_item
    sess.flush()
  File "/Users/jan/anaconda/envs/pychron_env/Pychron.app/Contents/lib/python2.7/site-packages/sqlalchemy/orm/session.py", line 1903, in flush
    self._flush(objects)
  File "/Users/jan/anaconda/envs/pychron_env/Pychron.app/Contents/lib/python2.7/site-packages/sqlalchemy/orm/session.py", line 2021, in _flush
    transaction.rollback(_capture_exception=True)
  File "/Users/jan/anaconda/envs/pychron_env/Pychron.app/Contents/lib/python2.7/site-packages/sqlalchemy/util/langhelpers.py", line 57, in __exit__
    compat.reraise(exc_type, exc_value, exc_tb)
  File "/Users/jan/anaconda/envs/pychron_env/Pychron.app/Contents/lib/python2.7/site-packages/sqlalchemy/orm/session.py", line 1985, in _flush
    flush_context.execute()
  File "/Users/jan/anaconda/envs/pychron_env/Pychron.app/Contents/lib/python2.7/site-packages/sqlalchemy/orm/unitofwork.py", line 370, in execute
    rec.execute(self)
  File "/Users/jan/anaconda/envs/pychron_env/Pychron.app/Contents/lib/python2.7/site-packages/sqlalchemy/orm/unitofwork.py", line 523, in execute
    uow
  File "/Users/jan/anaconda/envs/pychron_env/Pychron.app/Contents/lib/python2.7/site-packages/sqlalchemy/orm/persistence.py", line 64, in save_obj
    mapper, table, insert)
  File "/Users/jan/anaconda/envs/pychron_env/Pychron.app/Contents/lib/python2.7/site-packages/sqlalchemy/orm/persistence.py", line 594, in _emit_insert_statements
    execute(statement, params)
  File "/Users/jan/anaconda/envs/pychron_env/Pychron.app/Contents/lib/python2.7/site-packages/sqlalchemy/engine/base.py", line 720, in execute
    return meth(self, multiparams, params)
  File "/Users/jan/anaconda/envs/pychron_env/Pychron.app/Contents/lib/python2.7/site-packages/sqlalchemy/sql/elements.py", line 317, in _execute_on_connection
    return connection._execute_clauseelement(self, multiparams, params)
  File "/Users/jan/anaconda/envs/pychron_env/Pychron.app/Contents/lib/python2.7/site-packages/sqlalchemy/engine/base.py", line 817, in _execute_clauseelement
    compiled_sql, distilled_params
  File "/Users/jan/anaconda/envs/pychron_env/Pychron.app/Contents/lib/python2.7/site-packages/sqlalchemy/engine/base.py", line 947, in _execute_context
    context)
  File "/Users/jan/anaconda/envs/pychron_env/Pychron.app/Contents/lib/python2.7/site-packages/sqlalchemy/engine/base.py", line 1108, in _handle_dbapi_exception
    exc_info
  File "/Users/jan/anaconda/envs/pychron_env/Pychron.app/Contents/lib/python2.7/site-packages/sqlalchemy/util/compat.py", line 185, in raise_from_cause
    reraise(type(exception), exception, tb=exc_tb)
  File "/Users/jan/anaconda/envs/pychron_env/Pychron.app/Contents/lib/python2.7/site-packages/sqlalchemy/engine/base.py", line 940, in _execute_context
    context)
  File "/Users/jan/anaconda/envs/pychron_env/Pychron.app/Contents/lib/python2.7/site-packages/sqlalchemy/engine/default.py", line 435, in do_execute
    cursor.execute(statement, parameters)
  File "/Users/jan/anaconda/envs/pychron_env/Pychron.app/Contents/lib/python2.7/site-packages/pymysql/cursors.py", line 146, in execute
    result = self._query(query)
  File "/Users/jan/anaconda/envs/pychron_env/Pychron.app/Contents/lib/python2.7/site-packages/pymysql/cursors.py", line 296, in _query
    conn.query(q)
  File "/Users/jan/anaconda/envs/pychron_env/Pychron.app/Contents/lib/python2.7/site-packages/pymysql/connections.py", line 781, in query
    self._affected_rows = self._read_query_result(unbuffered=unbuffered)
  File "/Users/jan/anaconda/envs/pychron_env/Pychron.app/Contents/lib/python2.7/site-packages/pymysql/connections.py", line 942, in _read_query_result
    result.read()
  File "/Users/jan/anaconda/envs/pychron_env/Pychron.app/Contents/lib/python2.7/site-packages/pymysql/connections.py", line 1138, in read
    first_packet = self.connection._read_packet()
  File "/Users/jan/anaconda/envs/pychron_env/Pychron.app/Contents/lib/python2.7/site-packages/pymysql/connections.py", line 906, in _read_packet
    packet.check_error()
  File "/Users/jan/anaconda/envs/pychron_env/Pychron.app/Contents/lib/python2.7/site-packages/pymysql/connections.py", line 367, in check_error
    err.raise_mysql_exception(self._data)
  File "/Users/jan/anaconda/envs/pychron_env/Pychron.app/Contents/lib/python2.7/site-packages/pymysql/err.py", line 120, in raise_mysql_exception
    _check_mysql_exception(errinfo)
  File "/Users/jan/anaconda/envs/pychron_env/Pychron.app/Contents/lib/python2.7/site-packages/pymysql/err.py", line 115, in _check_mysql_exception
    raise InternalError(errno, errorvalue)
InternalError: (InternalError) (1054, u"Unknown column 'kca_value' in 'field list'") 'INSERT INTO `AnalysisIntensitiesTbl` (`analysisID`, value, error, n, fit, fit_error_type, baseline_value, baseline_error, baseline_n, baseline_fit, baseline_fit_error_type, blank_value, blank_error, kca_value, kca_error, kcl_value, kcl_error, isotope, detector) VALUES (%s, %s, %s, %s, %s, %s, %s, %s, %s, %s, %s, %s, %s, %s, %s, %s, %s, %s, %s)' (58800, 0.04394804858385578, 0.01901605997174829, 52, 'linear', 'SEM', -0.03390254473052367, 0.016253751026224988, 12, 'average', 'SEM', 0.0, 0.0, None, None, None, None, 'Ar37', 'L2')

add_item exception <pychron.dvc.dvc_orm.AnalysisIntensitiesTbl object at 0x1373c3450> Traceback (most recent call last):
  File "/Users/jan/.pychron.0/updates/pychron/database/core/database_adapter.py", line 536, in _add_item
    sess.flush()
  File "/Users/jan/anaconda/envs/pychron_env/Pychron.app/Contents/lib/python2.7/site-packages/sqlalchemy/orm/session.py", line 1903, in flush
    self._flush(objects)
  File "/Users/jan/anaconda/envs/pychron_env/Pychron.app/Contents/lib/python2.7/site-packages/sqlalchemy/orm/session.py", line 2021, in _flush
    transaction.rollback(_capture_exception=True)
  File "/Users/jan/anaconda/envs/pychron_env/Pychron.app/Contents/lib/python2.7/site-packages/sqlalchemy/util/langhelpers.py", line 57, in __exit__
    compat.reraise(exc_type, exc_value, exc_tb)
  File "/Users/jan/anaconda/envs/pychron_env/Pychron.app/Contents/lib/python2.7/site-packages/sqlalchemy/orm/session.py", line 1985, in _flush
    flush_context.execute()
  File "/Users/jan/anaconda/envs/pychron_env/Pychron.app/Contents/lib/python2.7/site-packages/sqlalchemy/orm/unitofwork.py", line 370, in execute
    rec.execute(self)
  File "/Users/jan/anaconda/envs/pychron_env/Pychron.app/Contents/lib/python2.7/site-packages/sqlalchemy/orm/unitofwork.py", line 523, in execute
    uow
  File "/Users/jan/anaconda/envs/pychron_env/Pychron.app/Contents/lib/python2.7/site-packages/sqlalchemy/orm/persistence.py", line 64, in save_obj
    mapper, table, insert)
  File "/Users/jan/anaconda/envs/pychron_env/Pychron.app/Contents/lib/python2.7/site-packages/sqlalchemy/orm/persistence.py", line 594, in _emit_insert_statements
    execute(statement, params)
  File "/Users/jan/anaconda/envs/pychron_env/Pychron.app/Contents/lib/python2.7/site-packages/sqlalchemy/engine/base.py", line 720, in execute
    return meth(self, multiparams, params)
  File "/Users/jan/anaconda/envs/pychron_env/Pychron.app/Contents/lib/python2.7/site-packages/sqlalchemy/sql/elements.py", line 317, in _execute_on_connection
    return connection._execute_clauseelement(self, multiparams, params)
  File "/Users/jan/anaconda/envs/pychron_env/Pychron.app/Contents/lib/python2.7/site-packages/sqlalchemy/engine/base.py", line 817, in _execute_clauseelement
    compiled_sql, distilled_params
  File "/Users/jan/anaconda/envs/pychron_env/Pychron.app/Contents/lib/python2.7/site-packages/sqlalchemy/engine/base.py", line 947, in _execute_context
    context)
  File "/Users/jan/anaconda/envs/pychron_env/Pychron.app/Contents/lib/python2.7/site-packages/sqlalchemy/engine/base.py", line 1108, in _handle_dbapi_exception
    exc_info
  File "/Users/jan/anaconda/envs/pychron_env/Pychron.app/Contents/lib/python2.7/site-packages/sqlalchemy/util/compat.py", line 185, in raise_from_cause
    reraise(type(exception), exception, tb=exc_tb)
  File "/Users/jan/anaconda/envs/pychron_env/Pychron.app/Contents/lib/python2.7/site-packages/sqlalchemy/engine/base.py", line 940, in _execute_context
    context)
  File "/Users/jan/anaconda/envs/pychron_env/Pychron.app/Contents/lib/python2.7/site-packages/sqlalchemy/engine/default.py", line 435, in do_execute
    cursor.execute(statement, parameters)
  File "/Users/jan/anaconda/envs/pychron_env/Pychron.app/Contents/lib/python2.7/site-packages/pymysql/cursors.py", line 146, in execute
    result = self._query(query)
  File "/Users/jan/anaconda/envs/pychron_env/Pychron.app/Contents/lib/python2.7/site-packages/pymysql/cursors.py", line 296, in _query
    conn.query(q)
  File "/Users/jan/anaconda/envs/pychron_env/Pychron.app/Contents/lib/python2.7/site-packages/pymysql/connections.py", line 781, in query
    self._affected_rows = self._read_query_result(unbuffered=unbuffered)
  File "/Users/jan/anaconda/envs/pychron_env/Pychron.app/Contents/lib/python2.7/site-packages/pymysql/connections.py", line 942, in _read_query_result
    result.read()
  File "/Users/jan/anaconda/envs/pychron_env/Pychron.app/Contents/lib/python2.7/site-packages/pymysql/connections.py", line 1138, in read
    first_packet = self.connection._read_packet()
  File "/Users/jan/anaconda/envs/pychron_env/Pychron.app/Contents/lib/python2.7/site-packages/pymysql/connections.py", line 906, in _read_packet
    packet.check_error()
  File "/Users/jan/anaconda/envs/pychron_env/Pychron.app/Contents/lib/python2.7/site-packages/pymysql/connections.py", line 367, in check_error
    err.raise_mysql_exception(self._data)
  File "/Users/jan/anaconda/envs/pychron_env/Pychron.app/Contents/lib/python2.7/site-packages/pymysql/err.py", line 120, in raise_mysql_exception
    _check_mysql_exception(errinfo)
  File "/Users/jan/anaconda/envs/pychron_env/Pychron.app/Contents/lib/python2.7/site-packages/pymysql/err.py", line 115, in _check_mysql_exception
    raise InternalError(errno, errorvalue)
InternalError: (InternalError) (1054, u"Unknown column 'kca_value' in 'field list'") 'INSERT INTO `AnalysisIntensitiesTbl` (`analysisID`, value, error, n, fit, fit_error_type, baseline_value, baseline_error, baseline_n, baseline_fit, baseline_fit_error_type, blank_value, blank_error, kca_value, kca_error, kcl_value, kcl_error, isotope, detector) VALUES (%s, %s, %s, %s, %s, %s, %s, %s, %s, %s, %s, %s, %s, %s, %s, %s, %s, %s, %s)' (58800, -0.05280958438286195, 0.04042254264457905, 52, 'linear', 'SEM', -0.21982187619707244, 0.027423289326151155, 12, 'average', 'SEM', 0.0, 0.0, None, None, None, None, 'Ar41', 'H2')

add_item exception <pychron.dvc.dvc_orm.AnalysisIntensitiesTbl object at 0x1373c3450> Traceback (most recent call last):
  File "/Users/jan/.pychron.0/updates/pychron/database/core/database_adapter.py", line 536, in _add_item
    sess.flush()
  File "/Users/jan/anaconda/envs/pychron_env/Pychron.app/Contents/lib/python2.7/site-packages/sqlalchemy/orm/session.py", line 1903, in flush
    self._flush(objects)
  File "/Users/jan/anaconda/envs/pychron_env/Pychron.app/Contents/lib/python2.7/site-packages/sqlalchemy/orm/session.py", line 2021, in _flush
    transaction.rollback(_capture_exception=True)
  File "/Users/jan/anaconda/envs/pychron_env/Pychron.app/Contents/lib/python2.7/site-packages/sqlalchemy/util/langhelpers.py", line 57, in __exit__
    compat.reraise(exc_type, exc_value, exc_tb)
  File "/Users/jan/anaconda/envs/pychron_env/Pychron.app/Contents/lib/python2.7/site-packages/sqlalchemy/orm/session.py", line 1985, in _flush
    flush_context.execute()
  File "/Users/jan/anaconda/envs/pychron_env/Pychron.app/Contents/lib/python2.7/site-packages/sqlalchemy/orm/unitofwork.py", line 370, in execute
    rec.execute(self)
  File "/Users/jan/anaconda/envs/pychron_env/Pychron.app/Contents/lib/python2.7/site-packages/sqlalchemy/orm/unitofwork.py", line 523, in execute
    uow
  File "/Users/jan/anaconda/envs/pychron_env/Pychron.app/Contents/lib/python2.7/site-packages/sqlalchemy/orm/persistence.py", line 64, in save_obj
    mapper, table, insert)
  File "/Users/jan/anaconda/envs/pychron_env/Pychron.app/Contents/lib/python2.7/site-packages/sqlalchemy/orm/persistence.py", line 594, in _emit_insert_statements
    execute(statement, params)
  File "/Users/jan/anaconda/envs/pychron_env/Pychron.app/Contents/lib/python2.7/site-packages/sqlalchemy/engine/base.py", line 720, in execute
    return meth(self, multiparams, params)
  File "/Users/jan/anaconda/envs/pychron_env/Pychron.app/Contents/lib/python2.7/site-packages/sqlalchemy/sql/elements.py", line 317, in _execute_on_connection
    return connection._execute_clauseelement(self, multiparams, params)
  File "/Users/jan/anaconda/envs/pychron_env/Pychron.app/Contents/lib/python2.7/site-packages/sqlalchemy/engine/base.py", line 817, in _execute_clauseelement
    compiled_sql, distilled_params
  File "/Users/jan/anaconda/envs/pychron_env/Pychron.app/Contents/lib/python2.7/site-packages/sqlalchemy/engine/base.py", line 947, in _execute_context
    context)
  File "/Users/jan/anaconda/envs/pychron_env/Pychron.app/Contents/lib/python2.7/site-packages/sqlalchemy/engine/base.py", line 1108, in _handle_dbapi_exception
    exc_info
  File "/Users/jan/anaconda/envs/pychron_env/Pychron.app/Contents/lib/python2.7/site-packages/sqlalchemy/util/compat.py", line 185, in raise_from_cause
    reraise(type(exception), exception, tb=exc_tb)
  File "/Users/jan/anaconda/envs/pychron_env/Pychron.app/Contents/lib/python2.7/site-packages/sqlalchemy/engine/base.py", line 940, in _execute_context
    context)
  File "/Users/jan/anaconda/envs/pychron_env/Pychron.app/Contents/lib/python2.7/site-packages/sqlalchemy/engine/default.py", line 435, in do_execute
    cursor.execute(statement, parameters)
  File "/Users/jan/anaconda/envs/pychron_env/Pychron.app/Contents/lib/python2.7/site-packages/pymysql/cursors.py", line 146, in execute
    result = self._query(query)
  File "/Users/jan/anaconda/envs/pychron_env/Pychron.app/Contents/lib/python2.7/site-packages/pymysql/cursors.py", line 296, in _query
    conn.query(q)
  File "/Users/jan/anaconda/envs/pychron_env/Pychron.app/Contents/lib/python2.7/site-packages/pymysql/connections.py", line 781, in query
    self._affected_rows = self._read_query_result(unbuffered=unbuffered)
  File "/Users/jan/anaconda/envs/pychron_env/Pychron.app/Contents/lib/python2.7/site-packages/pymysql/connections.py", line 942, in _read_query_result
    result.read()
  File "/Users/jan/anaconda/envs/pychron_env/Pychron.app/Contents/lib/python2.7/site-packages/pymysql/connections.py", line 1138, in read
    first_packet = self.connection._read_packet()
  File "/Users/jan/anaconda/envs/pychron_env/Pychron.app/Contents/lib/python2.7/site-packages/pymysql/connections.py", line 906, in _read_packet
    packet.check_error()
  File "/Users/jan/anaconda/envs/pychron_env/Pychron.app/Contents/lib/python2.7/site-packages/pymysql/connections.py", line 367, in check_error
    err.raise_mysql_exception(self._data)
  File "/Users/jan/anaconda/envs/pychron_env/Pychron.app/Contents/lib/python2.7/site-packages/pymysql/err.py", line 120, in raise_mysql_exception
    _check_mysql_exception(errinfo)
  File "/Users/jan/anaconda/envs/pychron_env/Pychron.app/Contents/lib/python2.7/site-packages/pymysql/err.py", line 115, in _check_mysql_exception
    raise InternalError(errno, errorvalue)
InternalError: (InternalError) (1054, u"Unknown column 'kca_value' in 'field list'") 'INSERT INTO `AnalysisIntensitiesTbl` (`analysisID`, value, error, n, fit, fit_error_type, baseline_value, baseline_error, baseline_n, baseline_fit, baseline_fit_error_type, blank_value, blank_error, kca_value, kca_error, kcl_value, kcl_error, isotope, detector) VALUES (%s, %s, %s, %s, %s, %s, %s, %s, %s, %s, %s, %s, %s, %s, %s, %s, %s, %s, %s)' (58800, -0.013157423522986681, 0.01063496304267436, 52, 'linear', 'SEM', -0.05991939787824652, 0.0036978998454699563, 12, 'average', 'SEM', 0.0, 0.0, None, None, None, None, 'Ar38', 'L1')

add_item exception <pychron.dvc.dvc_orm.AnalysisIntensitiesTbl object at 0x1373c3a50> Traceback (most recent call last):
  File "/Users/jan/.pychron.0/updates/pychron/database/core/database_adapter.py", line 536, in _add_item
    sess.flush()
  File "/Users/jan/anaconda/envs/pychron_env/Pychron.app/Contents/lib/python2.7/site-packages/sqlalchemy/orm/session.py", line 1903, in flush
    self._flush(objects)
  File "/Users/jan/anaconda/envs/pychron_env/Pychron.app/Contents/lib/python2.7/site-packages/sqlalchemy/orm/session.py", line 2021, in _flush
    transaction.rollback(_capture_exception=True)
  File "/Users/jan/anaconda/envs/pychron_env/Pychron.app/Contents/lib/python2.7/site-packages/sqlalchemy/util/langhelpers.py", line 57, in __exit__
    compat.reraise(exc_type, exc_value, exc_tb)
  File "/Users/jan/anaconda/envs/pychron_env/Pychron.app/Contents/lib/python2.7/site-packages/sqlalchemy/orm/session.py", line 1985, in _flush
    flush_context.execute()
  File "/Users/jan/anaconda/envs/pychron_env/Pychron.app/Contents/lib/python2.7/site-packages/sqlalchemy/orm/unitofwork.py", line 370, in execute
    rec.execute(self)
  File "/Users/jan/anaconda/envs/pychron_env/Pychron.app/Contents/lib/python2.7/site-packages/sqlalchemy/orm/unitofwork.py", line 523, in execute
    uow
  File "/Users/jan/anaconda/envs/pychron_env/Pychron.app/Contents/lib/python2.7/site-packages/sqlalchemy/orm/persistence.py", line 64, in save_obj
    mapper, table, insert)
  File "/Users/jan/anaconda/envs/pychron_env/Pychron.app/Contents/lib/python2.7/site-packages/sqlalchemy/orm/persistence.py", line 594, in _emit_insert_statements
    execute(statement, params)
  File "/Users/jan/anaconda/envs/pychron_env/Pychron.app/Contents/lib/python2.7/site-packages/sqlalchemy/engine/base.py", line 720, in execute
    return meth(self, multiparams, params)
  File "/Users/jan/anaconda/envs/pychron_env/Pychron.app/Contents/lib/python2.7/site-packages/sqlalchemy/sql/elements.py", line 317, in _execute_on_connection
    return connection._execute_clauseelement(self, multiparams, params)
  File "/Users/jan/anaconda/envs/pychron_env/Pychron.app/Contents/lib/python2.7/site-packages/sqlalchemy/engine/base.py", line 817, in _execute_clauseelement
    compiled_sql, distilled_params
  File "/Users/jan/anaconda/envs/pychron_env/Pychron.app/Contents/lib/python2.7/site-packages/sqlalchemy/engine/base.py", line 947, in _execute_context
    context)
  File "/Users/jan/anaconda/envs/pychron_env/Pychron.app/Contents/lib/python2.7/site-packages/sqlalchemy/engine/base.py", line 1108, in _handle_dbapi_exception
    exc_info
  File "/Users/jan/anaconda/envs/pychron_env/Pychron.app/Contents/lib/python2.7/site-packages/sqlalchemy/util/compat.py", line 185, in raise_from_cause
    reraise(type(exception), exception, tb=exc_tb)
  File "/Users/jan/anaconda/envs/pychron_env/Pychron.app/Contents/lib/python2.7/site-packages/sqlalchemy/engine/base.py", line 940, in _execute_context
    context)
  File "/Users/jan/anaconda/envs/pychron_env/Pychron.app/Contents/lib/python2.7/site-packages/sqlalchemy/engine/default.py", line 435, in do_execute
    cursor.execute(statement, parameters)
  File "/Users/jan/anaconda/envs/pychron_env/Pychron.app/Contents/lib/python2.7/site-packages/pymysql/cursors.py", line 146, in execute
    result = self._query(query)
  File "/Users/jan/anaconda/envs/pychron_env/Pychron.app/Contents/lib/python2.7/site-packages/pymysql/cursors.py", line 296, in _query
    conn.query(q)
  File "/Users/jan/anaconda/envs/pychron_env/Pychron.app/Contents/lib/python2.7/site-packages/pymysql/connections.py", line 781, in query
    self._affected_rows = self._read_query_result(unbuffered=unbuffered)
  File "/Users/jan/anaconda/envs/pychron_env/Pychron.app/Contents/lib/python2.7/site-packages/pymysql/connections.py", line 942, in _read_query_result
    result.read()
  File "/Users/jan/anaconda/envs/pychron_env/Pychron.app/Contents/lib/python2.7/site-packages/pymysql/connections.py", line 1138, in read
    first_packet = self.connection._read_packet()
  File "/Users/jan/anaconda/envs/pychron_env/Pychron.app/Contents/lib/python2.7/site-packages/pymysql/connections.py", line 906, in _read_packet
    packet.check_error()
  File "/Users/jan/anaconda/envs/pychron_env/Pychron.app/Contents/lib/python2.7/site-packages/pymysql/connections.py", line 367, in check_error
    err.raise_mysql_exception(self._data)
  File "/Users/jan/anaconda/envs/pychron_env/Pychron.app/Contents/lib/python2.7/site-packages/pymysql/err.py", line 120, in raise_mysql_exception
    _check_mysql_exception(errinfo)
  File "/Users/jan/anaconda/envs/pychron_env/Pychron.app/Contents/lib/python2.7/site-packages/pymysql/err.py", line 115, in _check_mysql_exception
    raise InternalError(errno, errorvalue)
InternalError: (InternalError) (1054, u"Unknown column 'kca_value' in 'field list'") 'INSERT INTO `AnalysisIntensitiesTbl` (`analysisID`, value, error, n, fit, fit_error_type, baseline_value, baseline_error, baseline_n, baseline_fit, baseline_fit_error_type, blank_value, blank_error, kca_value, kca_error, kcl_value, kcl_error, isotope, detector) VALUES (%s, %s, %s, %s, %s, %s, %s, %s, %s, %s, %s, %s, %s, %s, %s, %s, %s, %s, %s)' (58800, 0.18808225394777778, 0.05260869902288686, 52, 'Parabolic', 'SEM', 0.07347931031140921, 0.011551373916577514, 12, 'average', 'SEM', 0.0, 0.0, None, None, None, None, 'Ar39', 'AX')

add association IR970
get identifier "bu-FC-J"
setting analysis irradiation position=<pychron.dvc.dvc_orm.IrradiationPositionTbl object at 0x13767d910>
close session 4956270768
================= post measurement finished
13:41:52 -- ******* Post Run Check *******
loading queue conditionals post_run_actions
loading system conditionals post_run_actions
loading conditionals from /Users/jan/Pychron/setupfiles/spectrometer/default_conditionals.yaml
loading queue conditionals post_run_terminations
loading system conditionals post_run_terminations
loading conditionals from /Users/jan/Pychron/setupfiles/spectrometer/default_conditionals.yaml
Checking default post run terminations n=1
GetDeflection CDD ===>> 50
testing CDD==2000
evaluate ot="CDD.deflection==2000" t="CDD==2000", ctx="{'CDD': 50.0}"
13:41:52 -- ******* Post Run Check Passed *******
13:41:52 -- Automated run bu-FC-J-8577 truncated duration: 143.352 s
----------------- finish -----------------
----------------- stop -----------------
retroactive repository identifiers disabled
finish run. runs completed=1
write rem/ex queues
/Users/jan/Pychron/experiments/rem/CurrentExperiment.rem.txt
/Users/jan/Pychron/experiments/rem/CurrentExperiment.ex.txt
doing event level: 3
Event 3,3 
add run
Event 1,3 
Event 1,3 
Event 20,3 
