do run
loading script "jan_unknown400_120.py"
loading script "jan_pump_ms.py"
loading script "jan_co2.py"
loading script "jan_pump_extraction_line.py"
testing...
no interpolation path defined
executed snippet estimated_duration=539.8, duration=0.000216960906982
script duration name:unknown400_120 seconds:540.0
loading script "jan_unknown400_120.py"
loading script "jan_pump_ms.py"
loading script "jan_co2.py"
loading script "jan_pump_extraction_line.py"
testing...
no interpolation path defined
executed snippet estimated_duration=0, duration=4.6968460083e-05
loading script "jan_unknown400_120.py"
loading script "jan_pump_ms.py"
loading script "jan_co2.py"
loading script "jan_pump_extraction_line.py"
testing...
no interpolation path defined
calculate duration
testing...
no interpolation path defined
executed snippet estimated_duration=0, duration=7.41481781006e-05
calculate duration
testing...
no interpolation path defined
executed snippet estimated_duration=0, duration=9.60826873779e-05
executed snippet estimated_duration=0.0, duration=0.00245308876038
script duration name:co2 seconds:0.0
loading script "jan_unknown400_120.py"
loading script "jan_pump_ms.py"
loading script "jan_co2.py"
loading script "jan_pump_extraction_line.py"
testing...
no interpolation path defined
calculate duration
testing...
no interpolation path defined
executed snippet estimated_duration=4.0, duration=0.000164031982422
executed snippet estimated_duration=4.0, duration=0.00110507011414
Script duration 540.0
Run total estimated duration= 541.000
run duration: 0:09:01
doing event level: 2
12:38:34 -- Setting default integration. t=1.048576
setting integration time = 1.048576
SetIntegrationTime 1.048576 ===>> OK
----------------- start -----------------
**************** Experiment Type: Ar/Ar, Ar/Ar
create new session 4475714928
close session 4475714928
$$$$$ Clearing conditionals
adding conditionals 
Add queue conditionals
add default conditionals
adding default conditionals from /Users/jan/Pychron/setupfiles/spectrometer/default_conditionals.yaml
Start automated run bu-FC-J-8563
loading script "jan_unknown400_120.py"
loading script "jan_pump_ms.py"
loading script "jan_co2.py"
loading script "jan_pump_extraction_line.py"
%%%%%%%%%%%%%%%%%% setting automated run bu-FC-J-8563
No value "sensitivity_multiplier" in metadata
$$$$$$$$$$$$$$$ auto_save_detector_ic=False
============================= Pre Extraction Check =============================
loading queue conditionals pre_run_terminations
loading system conditionals pre_run_terminations
loading conditionals from /Users/jan/Pychron/setupfiles/spectrometer/default_conditionals.yaml
12:38:34 -- ******* Pre Extraction Check *******
Get a measurement from the spectrometer
Pre Extraction Termination data. keys=H2,H1,AX,L1,L2,CDD, signals=-0.32096,0.01328,0.09954,-0.05434,0.02172,0.00148
12:38:34 -- testing system defined conditionals
Checking default pre extraction terminations n=2
testing CDD
evaluate ot="CDD.inactive" t="CDD", ctx="{'CDD': False}"
GetDeflection CDD ===>> 50
testing CDD==2000
evaluate ot="CDD.deflection==2000" t="CDD==2000", ctx="{'CDD': 50.0}"
12:38:34 -- ******* Pre Extraction Check Passed *******
=================================================================================
12:38:34 -- stopping status monitor. block=True
stop 4938577584
Status monitor stopped
Status monitor finished
12:38:35 -- starting status monitor
start 4938577584
StatusMonitor period=1. Frequencies(state=2, checksum=3, lock=5, owner=5)
start extraction
do extraction
Analysis started at 12:38:37.487941
Extraction Started jan_co2.py
12:38:37 -- ******* Extraction Started jan_co2.py *******
state changed from not run to extraction
DO EXTRACTION <pychron.extraction_line.pyscript_runner.RemotePyScriptRunner object at 0x12db810b0>
testing...
no interpolation path defined
calculate duration
testing...
no interpolation path defined
executed snippet estimated_duration=0, duration=6.79492950439e-05
calculate duration
testing...
no interpolation path defined
executed snippet estimated_duration=0, duration=9.29832458496e-05
executed snippet estimated_duration=120.0, duration=0.00385093688965
Jan CO2 laser analysis
doing GOSUB
testing...
no interpolation path defined
executed snippet estimated_duration=0, duration=4.41074371338e-05
Waiting for CO2 access
wait ('FelixCO2Flag', 0) {}
waiting for FelixCO2Flag = 0
Read FelixCO2Flag ===>> 0
finished waiting
CO2 free
wait ('CO2PumpTimeFlag', 0) {}
waiting for CO2PumpTimeFlag = 0
Read CO2PumpTimeFlag ===>> 0
finished waiting
acquire ('JanCO2Flag',) {'clear': True}
acquire JanCO2Flag
Set JanCO2Flag 1 ===>> OK
JanCO2Flag acquired
set extraction state False (0.75, 'red', 1.5)
CO2 acquired
executed snippet estimated_duration=0, duration=0.0198659896851
WaitForCO2Access.py completed successfully
gosub finished
doing GOSUB
testing...
no interpolation path defined
executed snippet estimated_duration=0, duration=9.60826873779e-05
Prepare for CO2 analysis
close () {'description': 'Jan Inlet'}
close name=--- desc=Jan Inlet
checking ownership. requestor=192.168.2.150
check software interlocks R
interlocks []
actuate state mode=None-script, software_lock=False
doing actuation None-script close_channel False
Close R ===>> OK
GetIndicatorState R ===>> False
change switch state (True, True)
12:38:38 -- CLOSE  VALVE-R (Jan Inlet)
-------------------------- close None (Jan Inlet) result=[(True, True)]
action=close, ok=True, locked=[False]
open () {'description': 'Jan Ion Pump'}
open name=--- desc=Jan Ion Pump
checking ownership. requestor=192.168.2.150
check software interlocks O
interlocks []
actuate state mode=None-script, software_lock=False
doing actuation None-script open_channel False
Open O ===>> OK
GetIndicatorState O ===>> OK
change switch state (True, True)
12:38:38 -- OPEN   VALVE-O (Jan Ion Pump)
-------------------------- open None (Jan Ion Pump) result=[(True, True)]
action=open, ok=True, locked=[False]
close () {'description': 'Microbone to Minibone'}
close name=--- desc=Microbone to Minibone
checking ownership. requestor=192.168.2.150
check software interlocks L
interlocks []
actuate state mode=None-script, software_lock=False
doing actuation None-script close_channel False
Close L ===>> OK
GetIndicatorState L ===>> False
change switch state (True, True)
12:38:39 -- CLOSE  VALVE-L (Microbone to Minibone)
-------------------------- close None (Microbone to Minibone) result=[(True, True)]
action=close, ok=True, locked=[False]
open () {'description': 'Microbone to Turbo'}
open name=--- desc=Microbone to Turbo
checking ownership. requestor=192.168.2.150
check software interlocks U
interlocks []
actuate state mode=None-script, software_lock=False
doing actuation None-script open_channel False
Open U ===>> OK
GetIndicatorState U ===>> OK
change switch state (True, True)
12:38:39 -- OPEN   VALVE-U (Microbone to Turbo)
-------------------------- open None (Microbone to Turbo) result=[(True, True)]
action=open, ok=True, locked=[False]
open () {'description': 'Microbone to Inlet Pipette'}
open name=--- desc=Microbone to Inlet Pipette
checking ownership. requestor=192.168.2.150
check software interlocks S
interlocks []
actuate state mode=None-script, software_lock=False
doing actuation None-script open_channel False
Open S ===>> OK
GetIndicatorState S ===>> OK
change switch state (True, True)
12:38:40 -- OPEN   VALVE-S (Microbone to Inlet Pipette)
-------------------------- open None (Microbone to Inlet Pipette) result=[(True, True)]
action=open, ok=True, locked=[False]
open () {'description': 'Microbone to Getter D-50'}
open name=--- desc=Microbone to Getter D-50
checking ownership. requestor=192.168.2.150
check software interlocks K
interlocks []
actuate state mode=None-script, software_lock=False
doing actuation None-script open_channel False
Open K ===>> OK
GetIndicatorState K ===>> OK
change switch state (True, True)
12:38:40 -- OPEN   VALVE-K (Microbone to Getter D-50)
-------------------------- open None (Microbone to Getter D-50) result=[(True, True)]
action=open, ok=True, locked=[False]
open () {'description': 'Microbone to Getter NP-10'}
open name=--- desc=Microbone to Getter NP-10
checking ownership. requestor=192.168.2.150
check software interlocks M
interlocks []
actuate state mode=None-script, software_lock=False
doing actuation None-script open_channel False
Open M ===>> OK
GetIndicatorState M ===>> OK
change switch state (True, True)
12:38:41 -- OPEN   VALVE-M (Microbone to Getter NP-10)
-------------------------- open None (Microbone to Getter NP-10) result=[(True, True)]
action=open, ok=True, locked=[False]
close () {'description': 'CO2 Laser to Felix'}
close name=--- desc=CO2 Laser to Felix
checking ownership. requestor=192.168.2.150
check software interlocks F
interlocks []
actuate state mode=None-script, software_lock=True
VALVE-F(CO2 Laser to Felix) software locked
change switch state (True, False)
-------------------------- close None (CO2 Laser to Felix) result=[(True, False)]
action=close, ok=True, locked=[True]
open () {'description': 'CO2 Laser to Jan'}
open name=--- desc=CO2 Laser to Jan
checking ownership. requestor=192.168.2.150
check software interlocks A
interlocks []
actuate state mode=None-script, software_lock=False
doing actuation None-script open_channel False
Open A ===>> OK
GetIndicatorState A ===>> OK
change switch state (True, True)
12:38:41 -- OPEN   VALVE-A (CO2 Laser to Jan)
-------------------------- open None (CO2 Laser to Jan) result=[(True, True)]
action=open, ok=True, locked=[False]
open () {'description': 'Microbone to CO2 Laser'}
open name=--- desc=Microbone to CO2 Laser
checking ownership. requestor=192.168.2.150
check software interlocks T
interlocks []
actuate state mode=None-script, software_lock=False
doing actuation None-script open_channel False
Open T ===>> OK
GetIndicatorState T ===>> OK
change switch state (True, True)
12:38:42 -- OPEN   VALVE-T (Microbone to CO2 Laser)
-------------------------- open None (Microbone to CO2 Laser) result=[(True, True)]
action=open, ok=True, locked=[False]
executed snippet estimated_duration=0, duration=5.26282286644
PrepareForCO2Analysis.py completed successfully
gosub finished
set_motor ('beam', '') {}
setting motor "beam" to 
is blank. not heating
close () {'description': 'Microbone to Turbo'}
close name=--- desc=Microbone to Turbo
checking ownership. requestor=192.168.2.150
check software interlocks U
interlocks []
actuate state mode=None-script, software_lock=False
doing actuation None-script close_channel True
Close U ===>> OK
GetIndicatorState U ===>> False
change switch state (True, True)
12:38:43 -- CLOSE  VALVE-U (Microbone to Turbo)
-------------------------- close None (Microbone to Turbo) result=[(True, True)]
action=close, ok=True, locked=[False]
sleep (30.0,) {}
SLEEP 30.0
block started
WaitControl setup for 30.0  
Join finished
block finished. duration 30.154966116
sleep (30.0,) {}
SLEEP 30.0
block started
WaitControl setup for 30.0  
Join finished
block finished. duration 30.1136829853
executed snippet estimated_duration=180.0, duration=66.0823328495
jan_co2.py completed successfully
GetAchievedOutput ===>> No Response
Requested Output= 0.000
Achieved Output=  0.000
GetResponseBlob ===>> No Response
GetOutputBlob ===>> No Response
persistence save...
persistence save - db
AutomatedRunPersister post_extraction_save deprecated
persistence save - dvc
no extraction position for 31
not connected to db mysql://janexp@129.138.12.160/labspy
Enviromentals: {'lab_humiditys': [{'device': 'EnvironmentalMonitor',
                    'name': 'Lab Hum.',
                    'pub_date': '2017-10-27T12:30:33',
                    'title': 'iServer Hum.',
                    'value': 22.4}],
 'lab_pneumatics': [{'device': 'AirPressure',
                     'name': 'Pressure',
                     'pub_date': '2017-10-27T12:38:21',
                     'title': None,
                     'value': 79.95},
                    {'device': 'AirPressure2',
                     'name': 'Pressure2',
                     'pub_date': '2017-10-27T12:38:33',
                     'title': None,
                     'value': 84.3076}],
 'lab_temperatures': [{'device': 'Coldfinger',
                       'name': 'ColdFinger Temp.',
                       'pub_date': '2017-10-27T11:12:58',
                       'title': None,
                       'value': 70.0},
                      {'device': 'EnvironmentalMonitor',
                       'name': 'Lab Temp.',
                       'pub_date': '2017-10-27T12:25:30',
                       'title': 'iServer Temp.',
                       'value': 71.9},
                      {'device': 'Chiller',
                       'name': 'Coolant Temp.',
                       'pub_date': '2017-10-27T11:15:02',
                       'title': None,
                       'value': 18.0}]}
Extraction Finished
12:39:46 -- ******* Extraction Finished *******
no overlap. not waiting for min ms pumptime
12:39:46 -- Sending spectrometer configuration
======== Sending configuration ========
SetDeflection CDD,50.0 ===>> OK
SetDeflection H2,0.0 ===>> OK
SetDeflection H1,0.0 ===>> OK
SetDeflection L2,825.0 ===>> OK
SetDeflection L1,400.0 ===>> OK
SetDeflection AX,190.0 ===>> OK
SetZFocus 74.64 ===>> OK
SetZSymmetry -50.72 ===>> OK
SetExtractionLens 26.13 ===>> OK
SetIonRepeller -3.81 ===>> OK
SetElectronEnergy 75.08 ===>> OK
SetYSymmetry -2.81 ===>> OK
SetIonCounterVoltage 1590.0 ===>> OK
send trap current 200.0
GetParameter Trap Current Readback ===>> 197.923274125618
SetParameter Trap Current Set,200.0 ===>> OK
updating mftable name mftable
Using mftable located at /Users/jan/Pychron/setupfiles/spectrometer/mftables/mftable.csv
============ MFtable ===========
Isotope  H2     H1     AX     L1     L2     CDD    
Ar40     6.0555 5.8791 5.9929 6.1940 6.2303 6.6793
Ar39     6.0104 5.7700 6.0570 6.3371 6.1130 6.5658
Ar36     5.6879 5.4390 5.7203 5.9960 5.7680 6.2169
================================
get initial guess parabolic
get initial guess parabolic
get initial guess parabolic
get initial guess parabolic
get initial guess parabolic
get initial guess parabolic
======== Configuration Finished ========
GetYSymmetry ===>> -2.81
GetZSymmetry ===>> -50.72
GetParameter Trap Current Readback ===>> 198.370811206739
GetHighVoltage ===>> 4500
start measurement
do measurement
L#=bu-FC-J analysis type=blank_unknown
Measurement Started jan_unknown400_120.py
12:39:46 -- ******* Measurement Started jan_unknown400_120.py *******
state changed from extraction to measurement
setting trap, emission, spec, defl, and gains
GetExtractionLens ===>> 26.13
GetYSymmetry ===>> -2.81
GetZSymmetry ===>> -50.72
GetZFocus ===>> 74.64
GetDeflection H2 ===>> 0
GetDeflection H1 ===>> 0
GetDeflection AX ===>> 190
GetDeflection L1 ===>> 400
GetDeflection L2 ===>> 825
GetDeflection CDD ===>> 50
GetGain H2 ===>> 0.96
GetGain H1 ===>> 0.1
GetGain AX ===>> 0.09645
GetGain L1 ===>> 0.010309
GetGain L2 ===>> 0.091218
GetGain CDD ===>> 0
GetParameter Trap Current Readback ===>> 198.258926936459
GetParameter Source Current Readback ===>> 551.80662882256
pre measurement save
New frame /Users/jan/Pychron/data/isotopes/2d/d3b17e-bdc4-45b1-8ee0-c64906b4c8a2.h5
flush and close file /Users/jan/Pychron/data/isotopes/2d/d3b17e-bdc4-45b1-8ee0-c64906b4c8a2.h5
testing...
no interpolation path defined
executed snippet estimated_duration=552.28, duration=0.000177145004272
unknown measurement script
activate_detectors ('H2', 'H1', 'AX', 'L1', 'L2', 'CDD') {}
activate detectors
*************** Set Analysis View Ar/Ar
create graphs
clearing graphs
creating plots for detectors [Detector(H2), Detector(H1), Detector(AX), Detector(L1), Detector(L2), Detector(CDD)]
clear isotope group
setting isotope det=H2, iso=Ar41
setting isotope det=H1, iso=Ar40
setting isotope det=AX, iso=Ar39
setting isotope det=L1, iso=Ar38
setting isotope det=L2, iso=Ar37
setting isotope det=CDD, iso=Ar36
load analysis view
position_magnet ('Ar40',) {'detector': 'H1'}
detector Detector(H1)
POSITION Ar40 H1
molweights={'Ar41': 41.0, 'Ar40': 39.9624, 'Ar42': 42.0, 'Ar35': 35.0, 'Ar36': 35.9675, 'Ar37': 36.9668, 'Ar38': 37.9627, 'Ar39': 38.964}
setting detector H2 to Ar41 (40.9624)
setting detector H1 to Ar40 (39.9624)
setting detector AX to Ar39 (38.9624)
setting detector L1 to Ar38 (37.9624)
setting detector L2 to Ar37 (36.9624)
setting detector CDD to Ar36 (35.9624)
Mapping mass to dac mass func: "parabolic"
H1 map mass coeffs = [ -3.11428344e-04   1.33794662e-01   1.02966323e+00]
H1 map mass to dac 39.9624 >> 5.87907
GetDeflection H1 ===>> 0
GetHighVoltage ===>> 4500
positioning Ar40 (5.87907) on H1
setting magnet DAC
current  : 5.879070
requested: 5.879070
Delta Dac: 0.000000
Checking detector protection. dv=0.00000
Checking detector "CDD". Protection Threshold: 0.5 (V)
AF Demag not enabled. self.use_af_demag=False, use_af_demag=False
SetMagnetDAC 5.87907 ===>> OK
Magnet settling time: 0.500 0.500
Magnet settling complete
set_dac. change=True
equilibrate () {'delay': 3, 'inlet': 'R', 'outlet': 'O', 'eqtime': 12.0}
Equilibration Started
12:39:47 -- ******* Equilibration Started *******
checking ownership. requestor=192.168.2.150
check software interlocks O
interlocks []
actuate state mode=None-script, software_lock=False
doing actuation None-script close_channel True
Close O ===>> OK
GetIndicatorState O ===>> False
change switch state (True, True)
12:39:47 -- CLOSE  VALVE-O (Jan Ion Pump)
waiting 3s before opening inlet value ('R',)
update labels <pychron.experiment.plot_panel.PlotPanel object at 0x14d5e38f0>
update labels "<pychron.graph.stacked_regression_graph.StackedRegressionGraph object at 0x14ef99dd0>"
setting label 0 H2 Ar41
setting label 1 H1 Ar40
setting label 2 AX Ar39
setting label 3 L1 Ar38
setting label 4 L2 Ar37
setting label 5 CDD Ar36
update labels "<pychron.graph.stacked_graph.StackedGraph object at 0x14ef99a70>"
setting label 0 H2 Ar41
setting label 1 H1 Ar40
setting label 2 AX Ar39
setting label 3 L1 Ar38
setting label 4 L2 Ar37
setting label 5 CDD Ar36
checking ownership. requestor=192.168.2.150
check software interlocks R
interlocks []
actuate state mode=None-script, software_lock=False
doing actuation None-script open_channel True
Open R ===>> OK
GetIndicatorState R ===>> OK
change switch state (True, True)
12:39:51 -- OPEN   VALVE-R (Jan Inlet)
equilibrating for 12.0sec
set_time_zero () {}
sniff (12.0,) {}
py_sniff
build tables- sniff [Detector(H2), Detector(H1), Detector(AX), Detector(L1), Detector(L2), Detector(CDD)]
add group /sniff/Ar41 (Group) '' table H2
add group /sniff/Ar40 (Group) '' table H1
add group /sniff/Ar39 (Group) '' table AX
add group /sniff/Ar38 (Group) '' table L1
add group /sniff/Ar37 (Group) '' table L2
add group /sniff/Ar36 (Group) '' table CDD
flush and close file /Users/jan/Pychron/data/isotopes/2d/d3b17e-bdc4-45b1-8ee0-c64906b4c8a2.h5
measuring sniff. ncounts=12.0
"sniff" increment series count="1" fit count="0" regressing="False"
starting measurement
measurement period (ms) = 1048.576
Equilibration Finished
12:40:03 -- ******* Equilibration Finished *******
checking ownership. requestor=192.168.2.150
check software interlocks R
interlocks []
actuate state mode=None-script, software_lock=False
doing actuation None-script close_channel True
Close R ===>> OK
set states for children of R. state=False
refresh_canvas_needed fired
GetIndicatorState R ===>> False
change switch state (True, True)
12:40:04 -- CLOSE  VALVE-R (Jan Inlet)
Post Equilibration Started jan_pump_extraction_line.py
12:40:04 -- ******* Post Equilibration Started jan_pump_extraction_line.py *******
testing...
no interpolation path defined
calculate duration
testing...
no interpolation path defined
executed snippet estimated_duration=4.0, duration=0.000234842300415
executed snippet estimated_duration=4.0, duration=0.0281829833984
Pump after analysis
doing GOSUB
testing...
no interpolation path defined
executed snippet estimated_duration=4.0, duration=0.000148057937622
Pump Microbone
close () {'description': 'Jan Inlet'}
close name=--- desc=Jan Inlet
checking ownership. requestor=192.168.2.150
check software interlocks R
interlocks []
actuate state mode=None-script, software_lock=False
doing actuation None-script close_channel False
waiting for write to finish
measurement finished
estimated time: 12.583 actual time: :12.713
flush and close file /Users/jan/Pychron/data/isotopes/2d/d3b17e-bdc4-45b1-8ee0-c64906b4c8a2.h5
set_fits () {}
using default fits file=/Users/jan/Pychron/scripts/measurement/fits/nominal.yaml
set "Ar41" to "('linear', 'SEM')"
set "Ar40" to "('Parabolic', 'SEM')"
set "Ar36" to "('Parabolic', 'SEM')"
set "Ar37" to "('linear', 'SEM')"
set "Ar38" to "('linear', 'SEM')"
set "Ar39" to "('Parabolic', 'SEM')"
set_baseline_fits () {}
using default fits file=/Users/jan/Pychron/scripts/measurement/fits/nominal.yaml
set "H2" to "('average', 'SEM')"
set "H1" to "('average', 'SEM')"
set "CDD" to "('average', 'SEM')"
set "L2" to "('average', 'SEM')"
set "L1" to "('average', 'SEM')"
set "AX" to "('average', 'SEM')"
multicollect () {'integration_time': 1, 'ncounts': 400}
build tables- signal [Detector(H2), Detector(H1), Detector(AX), Detector(L1), Detector(L2), Detector(CDD)]
add group /signal/Ar41 (Group) '' table H2
add group /signal/Ar40 (Group) '' table H1
add group /signal/Ar39 (Group) '' table AX
add group /signal/Ar38 (Group) '' table L1
add group /signal/Ar37 (Group) '' table L2
add group /signal/Ar36 (Group) '' table CDD
flush and close file /Users/jan/Pychron/data/isotopes/2d/d3b17e-bdc4-45b1-8ee0-c64906b4c8a2.h5
Close R ===>> OK
measuring signal. ncounts=400
GetIndicatorState R ===>> False
change switch state (True, True)
12:40:04 -- CLOSE  VALVE-R (Jan Inlet)
-------------------------- close None (Jan Inlet) result=[(True, True)]
"signal" increment series count="2" fit count="1" regressing="True"
action=close, ok=True, locked=[False]
is_closed ('F',) {}
is F () closed?
is closed True
open () {'description': 'CO2 Laser to Jan'}
open name=--- desc=CO2 Laser to Jan
checking ownership. requestor=192.168.2.150
check software interlocks A
interlocks []
actuate state mode=None-script, software_lock=False
doing actuation None-script open_channel False
Open A ===>> OK
GetIndicatorState A ===>> OK
change switch state (True, True)
12:40:05 -- OPEN   VALVE-A (CO2 Laser to Jan)
-------------------------- open None (CO2 Laser to Jan) result=[(True, True)]
starting measurement
measurement period (ms) = 1048.576
action=open, ok=True, locked=[False]
sleep (1,) {}
SLEEP 1.0
close () {'description': 'CO2 Laser to Roughing'}
close name=--- desc=CO2 Laser to Roughing
checking ownership. requestor=192.168.2.150
check software interlocks G
interlocks []
actuate state mode=None-script, software_lock=True
VALVE-G(CO2 Laser to Roughing) software locked
change switch state (True, False)
-------------------------- close None (CO2 Laser to Roughing) result=[(True, False)]
action=close, ok=True, locked=[True]
open () {'description': 'Microbone to Turbo'}
open name=--- desc=Microbone to Turbo
checking ownership. requestor=192.168.2.150
check software interlocks U
interlocks []
actuate state mode=None-script, software_lock=False
doing actuation None-script open_channel True
Open U ===>> OK
GetIndicatorState U ===>> OK
change switch state (True, True)
12:40:06 -- OPEN   VALVE-U (Microbone to Turbo)
-------------------------- open None (Microbone to Turbo) result=[(True, True)]
action=open, ok=True, locked=[False]
open () {'description': 'Microbone to Getter NP-10'}
open name=--- desc=Microbone to Getter NP-10
checking ownership. requestor=192.168.2.150
check software interlocks M
interlocks []
actuate state mode=None-script, software_lock=False
doing actuation None-script open_channel False
Open M ===>> OK
GetIndicatorState M ===>> OK
change switch state (True, True)
12:40:07 -- OPEN   VALVE-M (Microbone to Getter NP-10)
-------------------------- open None (Microbone to Getter NP-10) result=[(True, True)]
action=open, ok=True, locked=[False]
open () {'description': 'Microbone to Getter D-50'}
open name=--- desc=Microbone to Getter D-50
checking ownership. requestor=192.168.2.150
check software interlocks K
interlocks []
actuate state mode=None-script, software_lock=False
doing actuation None-script open_channel False
Open K ===>> OK
GetIndicatorState K ===>> OK
change switch state (True, True)
12:40:07 -- OPEN   VALVE-K (Microbone to Getter D-50)
-------------------------- open None (Microbone to Getter D-50) result=[(True, True)]
action=open, ok=True, locked=[False]
open () {'description': 'Microbone to CO2 Laser'}
open name=--- desc=Microbone to CO2 Laser
checking ownership. requestor=192.168.2.150
check software interlocks T
interlocks []
actuate state mode=None-script, software_lock=False
doing actuation None-script open_channel False
Open T ===>> OK
GetIndicatorState T ===>> OK
change switch state (True, True)
12:40:08 -- OPEN   VALVE-T (Microbone to CO2 Laser)
-------------------------- open None (Microbone to CO2 Laser) result=[(True, True)]
action=open, ok=True, locked=[False]
open () {'description': 'Microbone to Inlet Pipette'}
open name=--- desc=Microbone to Inlet Pipette
checking ownership. requestor=192.168.2.150
check software interlocks S
interlocks []
actuate state mode=None-script, software_lock=False
doing actuation None-script open_channel False
Open S ===>> OK
GetIndicatorState S ===>> OK
change switch state (True, True)
12:40:09 -- OPEN   VALVE-S (Microbone to Inlet Pipette)
-------------------------- open None (Microbone to Inlet Pipette) result=[(True, True)]
testing H1<-5.0
evaluate ot="H1.bs<-5.0" t="H1<-5.0", ctx="{'H1': 0.05563163480402346}"
action=open, ok=True, locked=[False]
sleep (1,) {}
SLEEP 1.0
set_resource () {'name': 'CO2PumpTimeFlag', 'value': 30}
Set CO2PumpTimeFlag 30 ===>> OK
release ('JanCO2Flag',) {}
release JanCO2Flag
Set JanCO2Flag 0 ===>> OK
executed snippet estimated_duration=6.0, duration=6.22868895531
PumpMicrobone.py completed successfully
gosub finished
get_resource_value () {'name': 'JanMiniboneFlag'}
Read JanMiniboneFlag ===>> 0
Get Resource Value JanMiniboneFlag=0.0
get resource value 0.0
get_resource_value () {'name': 'JanMiniboneFlag'}
Read JanMiniboneFlag ===>> 0
Get Resource Value JanMiniboneFlag=0.0
executed snippet estimated_duration=4.0, duration=6.24814105034
jan_pump_extraction_line.py completed successfully
Post Equilibration Finished
12:40:10 -- ******* Post Equilibration Finished *******
testing H1<-5.0
evaluate ot="H1.bs<-5.0" t="H1<-5.0", ctx="{'H1': 0.05563163480402346}"
testing H1<-5.0
evaluate ot="H1.bs<-5.0" t="H1<-5.0", ctx="{'H1': 0.05563163480402346}"
testing H1<-5.0
evaluate ot="H1.bs<-5.0" t="H1<-5.0", ctx="{'H1': 0.05563163480402346}"
testing H1<-5.0
evaluate ot="H1.bs<-5.0" t="H1<-5.0", ctx="{'H1': 0.05563163480402346}"
12:40:30 -- collecting point 25
testing H1<-5.0
evaluate ot="H1.bs<-5.0" t="H1<-5.0", ctx="{'H1': 0.05563163480402346}"
testing H1<-5.0
evaluate ot="H1.bs<-5.0" t="H1<-5.0", ctx="{'H1': 0.05563163480402346}"
testing H1<-5.0
evaluate ot="H1.bs<-5.0" t="H1<-5.0", ctx="{'H1': 0.05563163480402346}"
testing H1<-5.0
evaluate ot="H1.bs<-5.0" t="H1<-5.0", ctx="{'H1': 0.05563163480402346}"
testing H1<-5.0
evaluate ot="H1.bs<-5.0" t="H1<-5.0", ctx="{'H1': 0.05563163480402346}"
12:40:56 -- collecting point 50
testing H1<-5.0
evaluate ot="H1.bs<-5.0" t="H1<-5.0", ctx="{'H1': 0.05563163480402346}"
testing H1<-5.0
evaluate ot="H1.bs<-5.0" t="H1<-5.0", ctx="{'H1': 0.05563163480402346}"
testing H1<-5.0
evaluate ot="H1.bs<-5.0" t="H1<-5.0", ctx="{'H1': 0.05563163480402346}"
testing H1<-5.0
evaluate ot="H1.bs<-5.0" t="H1<-5.0", ctx="{'H1': 0.05563163480402346}"
testing H1<-5.0
evaluate ot="H1.bs<-5.0" t="H1<-5.0", ctx="{'H1': 0.05563163480402346}"
12:41:23 -- collecting point 75
testing H1<-5.0
evaluate ot="H1.bs<-5.0" t="H1<-5.0", ctx="{'H1': 0.05563163480402346}"
testing Ar36<0.001
evaluate ot="Ar36.bs_corrected<0.001" t="Ar36<0.001", ctx="{'Ar36': 0.008887841431809729}"
testing H1<-5.0
evaluate ot="H1.bs<-5.0" t="H1<-5.0", ctx="{'H1': 0.05563163480402346}"
testing Ar36<0.001
evaluate ot="Ar36.bs_corrected<0.001" t="Ar36<0.001", ctx="{'Ar36': 0.008557330806142408}"
testing H1<-5.0
evaluate ot="H1.bs<-5.0" t="H1<-5.0", ctx="{'H1': 0.05563163480402346}"
testing Ar36<0.001
evaluate ot="Ar36.bs_corrected<0.001" t="Ar36<0.001", ctx="{'Ar36': 0.00793106162460267}"
testing H1<-5.0
evaluate ot="H1.bs<-5.0" t="H1<-5.0", ctx="{'H1': 0.05563163480402346}"
testing Ar36<0.001
evaluate ot="Ar36.bs_corrected<0.001" t="Ar36<0.001", ctx="{'Ar36': 0.007827208817811123}"
testing H1<-5.0
evaluate ot="H1.bs<-5.0" t="H1<-5.0", ctx="{'H1': 0.05563163480402346}"
testing Ar36<0.001
evaluate ot="Ar36.bs_corrected<0.001" t="Ar36<0.001", ctx="{'Ar36': 0.007650510874395433}"
12:41:49 -- collecting point 100
testing H1<-5.0
evaluate ot="H1.bs<-5.0" t="H1<-5.0", ctx="{'H1': 0.05563163480402346}"
testing Ar36<0.001
evaluate ot="Ar36.bs_corrected<0.001" t="Ar36<0.001", ctx="{'Ar36': 0.007335421813516395}"
testing H1<-5.0
evaluate ot="H1.bs<-5.0" t="H1<-5.0", ctx="{'H1': 0.05563163480402346}"
testing Ar36<0.001
evaluate ot="Ar36.bs_corrected<0.001" t="Ar36<0.001", ctx="{'Ar36': 0.006915801832588653}"
testing H1<-5.0
evaluate ot="H1.bs<-5.0" t="H1<-5.0", ctx="{'H1': 0.05563163480402346}"
testing Ar36<0.001
evaluate ot="Ar36.bs_corrected<0.001" t="Ar36<0.001", ctx="{'Ar36': 0.006777297061801133}"
testing H1<-5.0
evaluate ot="H1.bs<-5.0" t="H1<-5.0", ctx="{'H1': 0.05563163480402346}"
testing Ar36<0.001
evaluate ot="Ar36.bs_corrected<0.001" t="Ar36<0.001", ctx="{'Ar36': 0.006458004532831574}"
testing H1<-5.0
evaluate ot="H1.bs<-5.0" t="H1<-5.0", ctx="{'H1': 0.05563163480402346}"
testing Ar36<0.001
evaluate ot="Ar36.bs_corrected<0.001" t="Ar36<0.001", ctx="{'Ar36': 0.006251304260447494}"
12:42:15 -- collecting point 125
testing H1<-5.0
evaluate ot="H1.bs<-5.0" t="H1<-5.0", ctx="{'H1': 0.05563163480402346}"
testing Ar36<0.001
evaluate ot="Ar36.bs_corrected<0.001" t="Ar36<0.001", ctx="{'Ar36': 0.006051856138936397}"
testing H1<-5.0
evaluate ot="H1.bs<-5.0" t="H1<-5.0", ctx="{'H1': 0.05563163480402346}"
testing Ar36<0.001
evaluate ot="Ar36.bs_corrected<0.001" t="Ar36<0.001", ctx="{'Ar36': 0.005805998253279428}"
testing H1<-5.0
evaluate ot="H1.bs<-5.0" t="H1<-5.0", ctx="{'H1': 0.05563163480402346}"
testing Ar36<0.001
evaluate ot="Ar36.bs_corrected<0.001" t="Ar36<0.001", ctx="{'Ar36': 0.005792398588818544}"
testing H1<-5.0
evaluate ot="H1.bs<-5.0" t="H1<-5.0", ctx="{'H1': 0.05563163480402346}"
testing Ar36<0.001
evaluate ot="Ar36.bs_corrected<0.001" t="Ar36<0.001", ctx="{'Ar36': 0.005728656375463736}"
testing H1<-5.0
evaluate ot="H1.bs<-5.0" t="H1<-5.0", ctx="{'H1': 0.05563163480402346}"
testing Ar36<0.001
evaluate ot="Ar36.bs_corrected<0.001" t="Ar36<0.001", ctx="{'Ar36': 0.005690988715439551}"
12:42:41 -- collecting point 150
testing H1<-5.0
evaluate ot="H1.bs<-5.0" t="H1<-5.0", ctx="{'H1': 0.05563163480402346}"
testing Ar36<0.001
evaluate ot="Ar36.bs_corrected<0.001" t="Ar36<0.001", ctx="{'Ar36': 0.005638044673902207}"
testing H1<-5.0
evaluate ot="H1.bs<-5.0" t="H1<-5.0", ctx="{'H1': 0.05563163480402346}"
testing Ar36<0.001
evaluate ot="Ar36.bs_corrected<0.001" t="Ar36<0.001", ctx="{'Ar36': 0.005529754786528112}"
testing H1<-5.0
evaluate ot="H1.bs<-5.0" t="H1<-5.0", ctx="{'H1': 0.05563163480402346}"
testing Ar36<0.001
evaluate ot="Ar36.bs_corrected<0.001" t="Ar36<0.001", ctx="{'Ar36': 0.005318615324642853}"
testing H1<-5.0
evaluate ot="H1.bs<-5.0" t="H1<-5.0", ctx="{'H1': 0.05563163480402346}"
testing Ar36<0.001
evaluate ot="Ar36.bs_corrected<0.001" t="Ar36<0.001", ctx="{'Ar36': 0.00526083192582689}"
testing H1<-5.0
evaluate ot="H1.bs<-5.0" t="H1<-5.0", ctx="{'H1': 0.05563163480402346}"
testing Ar36<0.001
evaluate ot="Ar36.bs_corrected<0.001" t="Ar36<0.001", ctx="{'Ar36': 0.005333781188715626}"
12:43:08 -- collecting point 175
testing H1<-5.0
evaluate ot="H1.bs<-5.0" t="H1<-5.0", ctx="{'H1': 0.05563163480402346}"
testing Ar36<0.001
evaluate ot="Ar36.bs_corrected<0.001" t="Ar36<0.001", ctx="{'Ar36': 0.0052732021656797514}"
testing H1<-5.0
evaluate ot="H1.bs<-5.0" t="H1<-5.0", ctx="{'H1': 0.05563163480402346}"
testing Ar36<0.001
evaluate ot="Ar36.bs_corrected<0.001" t="Ar36<0.001", ctx="{'Ar36': 0.00518999635197625}"
testing H1<-5.0
evaluate ot="H1.bs<-5.0" t="H1<-5.0", ctx="{'H1': 0.05563163480402346}"
testing Ar36<0.001
evaluate ot="Ar36.bs_corrected<0.001" t="Ar36<0.001", ctx="{'Ar36': 0.005198567289488199}"
testing H1<-5.0
evaluate ot="H1.bs<-5.0" t="H1<-5.0", ctx="{'H1': 0.05563163480402346}"
testing Ar36<0.001
evaluate ot="Ar36.bs_corrected<0.001" t="Ar36<0.001", ctx="{'Ar36': 0.005130294645062485}"
testing H1<-5.0
evaluate ot="H1.bs<-5.0" t="H1<-5.0", ctx="{'H1': 0.05563163480402346}"
testing Ar36<0.001
evaluate ot="Ar36.bs_corrected<0.001" t="Ar36<0.001", ctx="{'Ar36': 0.00502190335624536}"
12:43:34 -- collecting point 200
testing H1<-5.0
evaluate ot="H1.bs<-5.0" t="H1<-5.0", ctx="{'H1': 0.05563163480402346}"
testing Ar36<0.001
evaluate ot="Ar36.bs_corrected<0.001" t="Ar36<0.001", ctx="{'Ar36': 0.005095744069022662}"
testing H1<-5.0
evaluate ot="H1.bs<-5.0" t="H1<-5.0", ctx="{'H1': 0.05563163480402346}"
testing Ar36<0.001
evaluate ot="Ar36.bs_corrected<0.001" t="Ar36<0.001", ctx="{'Ar36': 0.005070950537474852}"
testing H1<-5.0
evaluate ot="H1.bs<-5.0" t="H1<-5.0", ctx="{'H1': 0.05563163480402346}"
testing Ar36<0.001
evaluate ot="Ar36.bs_corrected<0.001" t="Ar36<0.001", ctx="{'Ar36': 0.004962440623563458}"
testing H1<-5.0
evaluate ot="H1.bs<-5.0" t="H1<-5.0", ctx="{'H1': 0.05563163480402346}"
testing Ar36<0.001
evaluate ot="Ar36.bs_corrected<0.001" t="Ar36<0.001", ctx="{'Ar36': 0.0049388488456208164}"
testing H1<-5.0
evaluate ot="H1.bs<-5.0" t="H1<-5.0", ctx="{'H1': 0.05563163480402346}"
testing Ar36<0.001
evaluate ot="Ar36.bs_corrected<0.001" t="Ar36<0.001", ctx="{'Ar36': 0.004990992028745643}"
12:44:00 -- collecting point 225
testing H1<-5.0
evaluate ot="H1.bs<-5.0" t="H1<-5.0", ctx="{'H1': 0.05563163480402346}"
testing Ar36<0.001
evaluate ot="Ar36.bs_corrected<0.001" t="Ar36<0.001", ctx="{'Ar36': 0.004970778184988538}"
testing H1<-5.0
evaluate ot="H1.bs<-5.0" t="H1<-5.0", ctx="{'H1': 0.05563163480402346}"
testing Ar36<0.001
evaluate ot="Ar36.bs_corrected<0.001" t="Ar36<0.001", ctx="{'Ar36': 0.00497263976437143}"
testing H1<-5.0
evaluate ot="H1.bs<-5.0" t="H1<-5.0", ctx="{'H1': 0.05563163480402346}"
testing Ar36<0.001
evaluate ot="Ar36.bs_corrected<0.001" t="Ar36<0.001", ctx="{'Ar36': 0.0049328608264542165}"
testing H1<-5.0
evaluate ot="H1.bs<-5.0" t="H1<-5.0", ctx="{'H1': 0.05563163480402346}"
testing Ar36<0.001
evaluate ot="Ar36.bs_corrected<0.001" t="Ar36<0.001", ctx="{'Ar36': 0.004980902651331008}"
testing H1<-5.0
evaluate ot="H1.bs<-5.0" t="H1<-5.0", ctx="{'H1': 0.05563163480402346}"
testing Ar36<0.001
evaluate ot="Ar36.bs_corrected<0.001" t="Ar36<0.001", ctx="{'Ar36': 0.004905524926646718}"
12:44:26 -- collecting point 250
testing H1<-5.0
evaluate ot="H1.bs<-5.0" t="H1<-5.0", ctx="{'H1': 0.05563163480402346}"
testing Ar36<0.001
evaluate ot="Ar36.bs_corrected<0.001" t="Ar36<0.001", ctx="{'Ar36': 0.004870058195305237}"
testing H1<-5.0
evaluate ot="H1.bs<-5.0" t="H1<-5.0", ctx="{'H1': 0.05563163480402346}"
testing Ar36<0.001
evaluate ot="Ar36.bs_corrected<0.001" t="Ar36<0.001", ctx="{'Ar36': 0.004876192162952368}"
testing H1<-5.0
evaluate ot="H1.bs<-5.0" t="H1<-5.0", ctx="{'H1': 0.05563163480402346}"
testing Ar36<0.001
evaluate ot="Ar36.bs_corrected<0.001" t="Ar36<0.001", ctx="{'Ar36': 0.004871569035956145}"
testing H1<-5.0
evaluate ot="H1.bs<-5.0" t="H1<-5.0", ctx="{'H1': 0.05563163480402346}"
testing Ar36<0.001
evaluate ot="Ar36.bs_corrected<0.001" t="Ar36<0.001", ctx="{'Ar36': 0.004795705173260164}"
testing H1<-5.0
evaluate ot="H1.bs<-5.0" t="H1<-5.0", ctx="{'H1': 0.05563163480402346}"
testing Ar36<0.001
evaluate ot="Ar36.bs_corrected<0.001" t="Ar36<0.001", ctx="{'Ar36': 0.004787532854561129}"
12:44:53 -- collecting point 275
testing H1<-5.0
evaluate ot="H1.bs<-5.0" t="H1<-5.0", ctx="{'H1': 0.05563163480402346}"
testing Ar36<0.001
evaluate ot="Ar36.bs_corrected<0.001" t="Ar36<0.001", ctx="{'Ar36': 0.004726190327963632}"
testing H1<-5.0
evaluate ot="H1.bs<-5.0" t="H1<-5.0", ctx="{'H1': 0.05563163480402346}"
testing Ar36<0.001
evaluate ot="Ar36.bs_corrected<0.001" t="Ar36<0.001", ctx="{'Ar36': 0.004655799232812616}"
testing H1<-5.0
evaluate ot="H1.bs<-5.0" t="H1<-5.0", ctx="{'H1': 0.05563163480402346}"
testing Ar36<0.001
evaluate ot="Ar36.bs_corrected<0.001" t="Ar36<0.001", ctx="{'Ar36': 0.004590908823556715}"
testing H1<-5.0
evaluate ot="H1.bs<-5.0" t="H1<-5.0", ctx="{'H1': 0.05563163480402346}"
testing Ar36<0.001
evaluate ot="Ar36.bs_corrected<0.001" t="Ar36<0.001", ctx="{'Ar36': 0.0045716616803877135}"
testing H1<-5.0
evaluate ot="H1.bs<-5.0" t="H1<-5.0", ctx="{'H1': 0.05563163480402346}"
testing Ar36<0.001
evaluate ot="Ar36.bs_corrected<0.001" t="Ar36<0.001", ctx="{'Ar36': 0.00459798718279402}"
12:45:19 -- collecting point 300
testing H1<-5.0
evaluate ot="H1.bs<-5.0" t="H1<-5.0", ctx="{'H1': 0.05563163480402346}"
testing Ar36<0.001
evaluate ot="Ar36.bs_corrected<0.001" t="Ar36<0.001", ctx="{'Ar36': 0.004538931467564537}"
testing H1<-5.0
evaluate ot="H1.bs<-5.0" t="H1<-5.0", ctx="{'H1': 0.05563163480402346}"
testing Ar36<0.001
evaluate ot="Ar36.bs_corrected<0.001" t="Ar36<0.001", ctx="{'Ar36': 0.0045326580218973}"
testing H1<-5.0
evaluate ot="H1.bs<-5.0" t="H1<-5.0", ctx="{'H1': 0.05563163480402346}"
testing Ar36<0.001
evaluate ot="Ar36.bs_corrected<0.001" t="Ar36<0.001", ctx="{'Ar36': 0.004577742296900776}"
testing H1<-5.0
evaluate ot="H1.bs<-5.0" t="H1<-5.0", ctx="{'H1': 0.05563163480402346}"
testing Ar36<0.001
evaluate ot="Ar36.bs_corrected<0.001" t="Ar36<0.001", ctx="{'Ar36': 0.004616397676098797}"
testing H1<-5.0
evaluate ot="H1.bs<-5.0" t="H1<-5.0", ctx="{'H1': 0.05563163480402346}"
testing Ar36<0.001
evaluate ot="Ar36.bs_corrected<0.001" t="Ar36<0.001", ctx="{'Ar36': 0.004643963120303287}"
12:45:45 -- collecting point 325
testing H1<-5.0
evaluate ot="H1.bs<-5.0" t="H1<-5.0", ctx="{'H1': 0.05563163480402346}"
testing Ar36<0.001
evaluate ot="Ar36.bs_corrected<0.001" t="Ar36<0.001", ctx="{'Ar36': 0.00463502070496619}"
testing H1<-5.0
evaluate ot="H1.bs<-5.0" t="H1<-5.0", ctx="{'H1': 0.05563163480402346}"
testing Ar36<0.001
evaluate ot="Ar36.bs_corrected<0.001" t="Ar36<0.001", ctx="{'Ar36': 0.004639871661976694}"
testing H1<-5.0
evaluate ot="H1.bs<-5.0" t="H1<-5.0", ctx="{'H1': 0.05563163480402346}"
testing Ar36<0.001
evaluate ot="Ar36.bs_corrected<0.001" t="Ar36<0.001", ctx="{'Ar36': 0.00462860807261189}"
testing H1<-5.0
evaluate ot="H1.bs<-5.0" t="H1<-5.0", ctx="{'H1': 0.05563163480402346}"
testing Ar36<0.001
evaluate ot="Ar36.bs_corrected<0.001" t="Ar36<0.001", ctx="{'Ar36': 0.004598716526144927}"
testing H1<-5.0
evaluate ot="H1.bs<-5.0" t="H1<-5.0", ctx="{'H1': 0.05563163480402346}"
testing Ar36<0.001
evaluate ot="Ar36.bs_corrected<0.001" t="Ar36<0.001", ctx="{'Ar36': 0.004625874071629718}"
12:46:11 -- collecting point 350
testing H1<-5.0
evaluate ot="H1.bs<-5.0" t="H1<-5.0", ctx="{'H1': 0.05563163480402346}"
testing Ar36<0.001
evaluate ot="Ar36.bs_corrected<0.001" t="Ar36<0.001", ctx="{'Ar36': 0.004590636287148008}"
testing H1<-5.0
evaluate ot="H1.bs<-5.0" t="H1<-5.0", ctx="{'H1': 0.05563163480402346}"
testing Ar36<0.001
evaluate ot="Ar36.bs_corrected<0.001" t="Ar36<0.001", ctx="{'Ar36': 0.004613021233631553}"
testing H1<-5.0
evaluate ot="H1.bs<-5.0" t="H1<-5.0", ctx="{'H1': 0.05563163480402346}"
testing Ar36<0.001
evaluate ot="Ar36.bs_corrected<0.001" t="Ar36<0.001", ctx="{'Ar36': 0.004537512789492206}"
testing H1<-5.0
evaluate ot="H1.bs<-5.0" t="H1<-5.0", ctx="{'H1': 0.05563163480402346}"
testing Ar36<0.001
evaluate ot="Ar36.bs_corrected<0.001" t="Ar36<0.001", ctx="{'Ar36': 0.004490639449932082}"
testing H1<-5.0
evaluate ot="H1.bs<-5.0" t="H1<-5.0", ctx="{'H1': 0.05563163480402346}"
testing Ar36<0.001
evaluate ot="Ar36.bs_corrected<0.001" t="Ar36<0.001", ctx="{'Ar36': 0.00444891976495488}"
12:46:38 -- collecting point 375
testing H1<-5.0
evaluate ot="H1.bs<-5.0" t="H1<-5.0", ctx="{'H1': 0.05563163480402346}"
testing Ar36<0.001
evaluate ot="Ar36.bs_corrected<0.001" t="Ar36<0.001", ctx="{'Ar36': 0.00443218099896549}"
testing H1<-5.0
evaluate ot="H1.bs<-5.0" t="H1<-5.0", ctx="{'H1': 0.05563163480402346}"
testing Ar36<0.001
evaluate ot="Ar36.bs_corrected<0.001" t="Ar36<0.001", ctx="{'Ar36': 0.004412462139977359}"
testing H1<-5.0
evaluate ot="H1.bs<-5.0" t="H1<-5.0", ctx="{'H1': 0.05563163480402346}"
testing Ar36<0.001
evaluate ot="Ar36.bs_corrected<0.001" t="Ar36<0.001", ctx="{'Ar36': 0.004397572930940243}"
testing H1<-5.0
evaluate ot="H1.bs<-5.0" t="H1<-5.0", ctx="{'H1': 0.05563163480402346}"
testing Ar36<0.001
evaluate ot="Ar36.bs_corrected<0.001" t="Ar36<0.001", ctx="{'Ar36': 0.004375950641814}"
testing H1<-5.0
evaluate ot="H1.bs<-5.0" t="H1<-5.0", ctx="{'H1': 0.05563163480402346}"
testing Ar36<0.001
evaluate ot="Ar36.bs_corrected<0.001" t="Ar36<0.001", ctx="{'Ar36': 0.0043541122680192034}"
12:47:04 -- collecting point 400
waiting for write to finish
measurement finished
estimated time: 419.430 actual time: :420.369
flush and close file /Users/jan/Pychron/data/isotopes/2d/d3b17e-bdc4-45b1-8ee0-c64906b4c8a2.h5
baselines () {'settling_time': 15.0, 'detector': 'H1', 'mass': 34.2, 'ncounts': 120}
%%%%%%%%%%%%%%%%%%%%%%%%%%%%%%%% Baseline
build tables- baseline [Detector(H2), Detector(H1), Detector(AX), Detector(L1), Detector(L2), Detector(CDD)]
add group baseline table H2
add group baseline table H1
add group baseline table AX
add group baseline table L1
add group baseline table L2
add group baseline table CDD
flush and close file /Users/jan/Pychron/data/isotopes/2d/d3b17e-bdc4-45b1-8ee0-c64906b4c8a2.h5
detector Detector(H1)
POSITION 34.2 H1
Mapping mass to dac mass func: "parabolic"
H1 map mass coeffs = [ -3.11428344e-04   1.33794662e-01   1.02966323e+00]
H1 map mass to dac 34.2 >> 5.24118160773
GetDeflection H1 ===>> 0
GetHighVoltage ===>> 4500
positioning 34.2 (5.24118160773) on H1
setting magnet DAC
current  : 5.879070
requested: 5.241182
Delta Dac: 0.637888
Checking detector protection. dv=0.63789
Checking detector "CDD". Protection Threshold: 0.5 (V)
ProtectDetector CDD,On ===>> OK
GetDeflection CDD ===>> 2000
Protected = 2000
AF Demag not enabled. self.use_af_demag=False, use_af_demag=False
SetMagnetDAC 5.24118160773 ===>> OK
Magnet settling time: 0.500 0.500
Magnet settling complete
Wait for magnet to stop moving
GetMagnetMoving ===>> True
GetMagnetMoving ===>> True
GetMagnetMoving ===>> True
GetMagnetMoving ===>> True
GetMagnetMoving ===>> True
GetMagnetMoving ===>> True
GetMagnetMoving ===>> True
GetMagnetMoving ===>> True
GetMagnetMoving ===>> True
GetMagnetMoving ===>> False
Magnet move complete
Unprotect detectors
ProtectDetector CDD,Off ===>> OK
GetDeflection CDD ===>> 50
set_dac. change=True
Delaying 15.0s for detectors to settle
Join finished
measuring baseline. ncounts=120
"baseline" increment series count="2" fit count="1" regressing="True"
starting measurement
measurement period (ms) = 1048.576
testing H1<-5.0
evaluate ot="H1.bs<-5.0" t="H1<-5.0", ctx="{'H1': 0.08125240670552325}"
testing H1<-5.0
evaluate ot="H1.bs<-5.0" t="H1<-5.0", ctx="{'H1': 0.05961691666137095}"
testing H1<-5.0
evaluate ot="H1.bs<-5.0" t="H1<-5.0", ctx="{'H1': 0.056487271301505416}"
testing H1<-5.0
evaluate ot="H1.bs<-5.0" t="H1<-5.0", ctx="{'H1': 0.059000451741861804}"
testing H1<-5.0
evaluate ot="H1.bs<-5.0" t="H1<-5.0", ctx="{'H1': 0.057956494712790935}"
12:47:49 -- collecting point 25
testing H1<-5.0
evaluate ot="H1.bs<-5.0" t="H1<-5.0", ctx="{'H1': 0.05318514660934279}"
testing H1<-5.0
evaluate ot="H1.bs<-5.0" t="H1<-5.0", ctx="{'H1': 0.052627351228818516}"
testing H1<-5.0
evaluate ot="H1.bs<-5.0" t="H1<-5.0", ctx="{'H1': 0.05373137468082734}"
testing H1<-5.0
evaluate ot="H1.bs<-5.0" t="H1<-5.0", ctx="{'H1': 0.05363803075950945}"
testing H1<-5.0
evaluate ot="H1.bs<-5.0" t="H1<-5.0", ctx="{'H1': 0.05556128816015918}"
12:48:15 -- collecting point 50
testing H1<-5.0
evaluate ot="H1.bs<-5.0" t="H1<-5.0", ctx="{'H1': 0.05179101852118732}"
testing H1<-5.0
evaluate ot="H1.bs<-5.0" t="H1<-5.0", ctx="{'H1': 0.05347760999191099}"
testing H1<-5.0
evaluate ot="H1.bs<-5.0" t="H1<-5.0", ctx="{'H1': 0.05511014737886671}"
testing H1<-5.0
evaluate ot="H1.bs<-5.0" t="H1<-5.0", ctx="{'H1': 0.05395618801536174}"
testing H1<-5.0
evaluate ot="H1.bs<-5.0" t="H1<-5.0", ctx="{'H1': 0.05318791844801941}"
12:48:42 -- collecting point 75
testing H1<-5.0
evaluate ot="H1.bs<-5.0" t="H1<-5.0", ctx="{'H1': 0.052739902743109426}"
testing Ar36<0.001
evaluate ot="Ar36.bs_corrected<0.001" t="Ar36<0.001", ctx="{'Ar36': 0.004355809893673046}"
testing H1<-5.0
evaluate ot="H1.bs<-5.0" t="H1<-5.0", ctx="{'H1': 0.05195142142370906}"
testing Ar36<0.001
evaluate ot="Ar36.bs_corrected<0.001" t="Ar36<0.001", ctx="{'Ar36': 0.004354490972456998}"
testing H1<-5.0
evaluate ot="H1.bs<-5.0" t="H1<-5.0", ctx="{'H1': 0.051241343911022585}"
testing Ar36<0.001
evaluate ot="Ar36.bs_corrected<0.001" t="Ar36<0.001", ctx="{'Ar36': 0.004354987043567586}"
testing H1<-5.0
evaluate ot="H1.bs<-5.0" t="H1<-5.0", ctx="{'H1': 0.0517745651531045}"
testing Ar36<0.001
evaluate ot="Ar36.bs_corrected<0.001" t="Ar36<0.001", ctx="{'Ar36': 0.00435543034115577}"
testing H1<-5.0
evaluate ot="H1.bs<-5.0" t="H1<-5.0", ctx="{'H1': 0.050959660207899916}"
testing Ar36<0.001
evaluate ot="Ar36.bs_corrected<0.001" t="Ar36<0.001", ctx="{'Ar36': 0.004355828861209794}"
12:49:08 -- collecting point 100
testing H1<-5.0
evaluate ot="H1.bs<-5.0" t="H1<-5.0", ctx="{'H1': 0.050759354010501564}"
testing Ar36<0.001
evaluate ot="Ar36.bs_corrected<0.001" t="Ar36<0.001", ctx="{'Ar36': 0.004356189062027855}"
testing H1<-5.0
evaluate ot="H1.bs<-5.0" t="H1<-5.0", ctx="{'H1': 0.05204488920220903}"
testing Ar36<0.001
evaluate ot="Ar36.bs_corrected<0.001" t="Ar36<0.001", ctx="{'Ar36': 0.0043565162168993045}"
testing H1<-5.0
evaluate ot="H1.bs<-5.0" t="H1<-5.0", ctx="{'H1': 0.051552515881714174}"
testing Ar36<0.001
evaluate ot="Ar36.bs_corrected<0.001" t="Ar36<0.001", ctx="{'Ar36': 0.004356814673975013}"
testing H1<-5.0
evaluate ot="H1.bs<-5.0" t="H1<-5.0", ctx="{'H1': 0.05238845868695831}"
testing Ar36<0.001
evaluate ot="Ar36.bs_corrected<0.001" t="Ar36<0.001", ctx="{'Ar36': 0.004357088050624191}"
waiting for write to finish
measurement finished
estimated time: 125.829 actual time: :126.126
flush and close file /Users/jan/Pychron/data/isotopes/2d/d3b17e-bdc4-45b1-8ee0-c64906b4c8a2.h5
activate_detectors ('H1', 'AX', 'L2', 'CDD') {'peak_center': True}
peak_center () {'detector': 'H1', 'integration_time': 0.262144, 'isotope': 'Ar40'}
peak center: mean=4.84844173714 threshold=5.0
Skipping peak center. intensities to small. 4.84844173714<5.0
finished measure script
executed snippet estimated_duration=552.28, duration=583.509730816
jan_unknown400_120.py completed successfully
Measurement Finished
12:49:30 -- ******* Measurement Finished *******
Post Measurement Started jan_pump_ms.py
12:49:30 -- ******* Post Measurement Started jan_pump_ms.py *******
testing...
no interpolation path defined
executed snippet estimated_duration=0, duration=2.98023223877e-05
Pumping spectrometer
open () {'name': 'O'}
open name=O desc=---
checking ownership. requestor=192.168.2.150
check software interlocks O
interlocks []
actuate state mode=None-script, software_lock=False
doing actuation None-script open_channel True
Open O ===>> OK
GetIndicatorState O ===>> OK
change switch state (True, True)
12:49:30 -- OPEN   VALVE-O (Jan Ion Pump)
-------------------------- open O () result=[(True, True)]
action=open, ok=True, locked=[False]
executed snippet estimated_duration=0, duration=0.692533016205
jan_pump_ms.py completed successfully
setting _ms_pumptime
Post Measurement Finished
12:49:31 -- ******* Post Measurement Finished *******
$$$$$$$$$$$$$$$$$$$$ state at run end measurement
state changed from measurement to success
post measurement save measured=True aborted=False
Set filtering
setting fod for Ar41= {'filter_outliers': True, 'std_devs': 2, 'iterations': 1}
setting fod for H2= {'filter_outliers': True, 'std_devs': 2, 'iterations': 1}
setting fod for Ar40= {'filter_outliers': True, 'std_devs': 2, 'iterations': 1}
setting fod for H1= {'filter_outliers': True, 'std_devs': 2, 'iterations': 1}
setting fod for Ar36= {'filter_outliers': True, 'std_devs': 2, 'iterations': 1}
setting fod for CDD= {'filter_outliers': True, 'std_devs': 10, 'iterations': 1}
setting fod for Ar37= {'filter_outliers': True, 'std_devs': 2, 'iterations': 1}
setting fod for L2= {'filter_outliers': True, 'std_devs': 2, 'iterations': 1}
setting fod for Ar38= {'filter_outliers': True, 'std_devs': 2, 'iterations': 1}
setting fod for L1= {'filter_outliers': True, 'std_devs': 2, 'iterations': 1}
setting fod for Ar39= {'filter_outliers': True, 'std_devs': 2, 'iterations': 1}
setting fod for AX= {'filter_outliers': True, 'std_devs': 2, 'iterations': 1}
not connected to db mysql://janexp@129.138.12.160/labspy
Enviromentals: {'lab_humiditys': [{'device': 'EnvironmentalMonitor',
                    'name': 'Lab Hum.',
                    'pub_date': '2017-10-27T12:30:33',
                    'title': 'iServer Hum.',
                    'value': 22.4}],
 'lab_pneumatics': [{'device': 'AirPressure',
                     'name': 'Pressure',
                     'pub_date': '2017-10-27T12:48:24',
                     'title': None,
                     'value': 109.95},
                    {'device': 'AirPressure2',
                     'name': 'Pressure2',
                     'pub_date': '2017-10-27T12:48:37',
                     'title': None,
                     'value': 111.43288}],
 'lab_temperatures': [{'device': 'Coldfinger',
                       'name': 'ColdFinger Temp.',
                       'pub_date': '2017-10-27T11:12:58',
                       'title': None,
                       'value': 70.0},
                      {'device': 'EnvironmentalMonitor',
                       'name': 'Lab Temp.',
                       'pub_date': '2017-10-27T12:25:30',
                       'title': 'iServer Temp.',
                       'value': 71.9},
                      {'device': 'Chiller',
                       'name': 'Coolant Temp.',
                       'pub_date': '2017-10-27T11:15:02',
                       'title': None,
                       'value': 18.0}]}
persistence save...
persistence save - db
post measurement save
5231882896 connecting to database sqlite://@/
connected to db sqlite://@/
create new session 5231882896
close session 5231882896
No database instance. Not saving post measurement to isotopedb database
$$$$$$$$$$$$$$$ auto_save_detector_ic=False
massspec enabled True
create new session 5073191088
MassSpec Database Version: 16.0
close session 5073191088
saving post measurement to secondary database
saving to massspec database 129.138.12.160/massspecdata
setting labnumber to bu-FC-J
setting aliquot to 8563
setting step to 
setting uuid to 2dd3b17e-bdc4-45b1-8ee0-c64906b4c8a2
setting irradpos to bu-FC-J
setting extract_device to Fusions CO2
setting tray to 37-hole
setting position to 31
setting power_requested to 0.0
setting extract_value to 0.0
setting duration to 30.0
setting duration_at_request to 30.0
setting first_stage_delay to 30.0
setting cleanup to 30.0
setting comment to 
setting irradiation to NoIrradiation
setting level to A
setting irradiation_level to A
setting sample to blank_unknown
setting material to Blank
setting project to REFERENCES
setting mass_spectrometer to Jan
no attribute chron_dosages
no attribute production_ratios
no attribute interference_corrections
no attribute production_name
no attribute j
Reference Isotope=Ar40
Reference Detector=H1
%%%%%%%%%%%%%%%%%%%% Comment:  %%%%%%%%%%%%%%%%%%%
adding isotope Ar41 H2
add baseline dbdet= Ar41. original det= H2
get baseline data Ar41 H2
Get data baseline <pychron.processing.isotope.Baseline object at 0x13fbc4490> len t=120
baseline Ar41. v=-0.165319247861, e=0.0109269000239
get signal data Ar41 H2
Get data signal Ar41 0.010+/-0.012 len t=400
adding isotope Ar40 H1
add baseline dbdet= Ar40. original det= H1
get baseline data Ar40 H1
Get data baseline <pychron.processing.isotope.Baseline object at 0x13fbc4650> len t=120
baseline Ar40. v=0.0517462928804, e=0.00363774406946
get signal data Ar40 H1
Get data signal Ar40 0.435+/-0.008 len t=400
adding isotope Ar39 AX
add baseline dbdet= Ar39. original det= AX
get baseline data Ar39 AX
Get data baseline <pychron.processing.isotope.Baseline object at 0x13fbc4810> len t=120
baseline Ar39. v=0.106405497163, e=0.00437385628567
get signal data Ar39 AX
Get data signal Ar39 0.029+/-0.008 len t=400
adding isotope Ar38 L1
add baseline dbdet= Ar38. original det= L1
get baseline data Ar38 L1
Get data baseline <pychron.processing.isotope.Baseline object at 0x13fbc49d0> len t=120
baseline Ar38. v=-0.040145720604, e=0.00190720971077
get signal data Ar38 L1
Get data signal Ar38 0.0090+/-0.0022 len t=400
adding isotope Ar37 L2
add baseline dbdet= Ar37. original det= L2
get baseline data Ar37 L2
Get data baseline <pychron.processing.isotope.Baseline object at 0x13fbc4b90> len t=120
baseline Ar37. v=-0.0231804471419, e=0.00456111008672
get signal data Ar37 L2
Get data signal Ar37 0.046+/-0.005 len t=400
adding isotope Ar36 CDD
add baseline dbdet= Ar36. original det= CDD
get baseline data Ar36 CDD
Get data baseline <pychron.processing.isotope.Baseline object at 0x13fbc4d50> len t=120
baseline Ar36. v=6.18104603792e-06, e=2.71739277049e-06
get signal data Ar36 CDD
Get data signal Ar36 0.00377+/-0.00018 len t=400
bu-FC-J-8563 added analysis time 0.795987129211s
analysis added to mass spec database
mass spec save time= 0.822
persistence save - dvc
================= post measurement started
create new session 4938282960
close session 4938282960
add to repo msg=modified - jan_unknown400_120.py
add to repo msg=modified - jan_co2.py
add to repo msg=modified - jan_pump_ms.py
add to repo msg=modified - jan_pump_extraction_line.py
---------------- Experiment Queue saving disabled
DVC saving peakcenter
ahead behind
Smart pull ahead: 0 behind: 0
Up-to-date with origin
add to repo msg=modified - ad8224ebc6dbfeb9f5997218dfa5fe690569839d.json
add to repo msg=modified - -J-8563.json
add to repo msg=modified - -J-8563.dat.json
not at valid file /Users/jan/Pychron/data/.dvc/repositories/IR970/bu-FC/tags/-J-8563.tags.json
not at valid file /Users/jan/Pychron/data/.dvc/repositories/IR970/bu-FC/peakcenter/-J-8563.peak.json
add to repo msg=modified - -J-8563.extr.json
not at valid file /Users/jan/Pychron/data/.dvc/repositories/IR970/bu-FC/monitor/-J-8563.moni.json
commit message=<COLLECTION>
add to repo msg=modified - -J-8563.inte.json
add to repo msg=modified - -J-8563.base.json
commit message=<ISOEVO> default collection fits
add to repo msg=modified - -J-8563.blan.json
commit message=<BLANKS> preceding ba-01-J-2848
add to repo msg=modified - -J-8563.icfa.json
commit message=<ICFactor> default
push repository <pychron.git_archive.repo_manager.GitRepoManager object at 0x139eebc50>
pushing to remote=origin, url=https://github.com
ahead behind
Smart pull ahead: 0 behind: 0
Up-to-date with origin
no changes to meta repo
create new session 4938282960
add association IR970
get identifier "bu-FC-J"
setting analysis irradiation position=<pychron.dvc.dvc_orm.IrradiationPositionTbl object at 0x13318eb50>
close session 4938282960
================= post measurement finished
12:49:46 -- ******* Post Run Check *******
loading queue conditionals post_run_actions
loading system conditionals post_run_actions
loading conditionals from /Users/jan/Pychron/setupfiles/spectrometer/default_conditionals.yaml
loading queue conditionals post_run_terminations
loading system conditionals post_run_terminations
loading conditionals from /Users/jan/Pychron/setupfiles/spectrometer/default_conditionals.yaml
Checking default post run terminations n=1
GetDeflection CDD ===>> 50
testing CDD==2000
evaluate ot="CDD.deflection==2000" t="CDD==2000", ctx="{'CDD': 50.0}"
12:49:46 -- ******* Post Run Check Passed *******
12:49:46 -- Automated run bu-FC-J-8563 success duration: 672.429 s
----------------- finish -----------------
----------------- stop -----------------
retroactive repository identifiers disabled
finish run. runs completed=8
update duration runid=bu-FC-J-8563, duration=672.429200888, md5=4c9e8ecc
loading script "jan_unknown400_120.py"
loading script "jan_pump_ms.py"
loading script "jan_co2.py"
loading script "jan_pump_extraction_line.py"
testing...
no interpolation path defined
executed snippet estimated_duration=539.8, duration=0.00028395652771
script duration name:unknown400_120 seconds:540.0
loading script "jan_unknown400_120.py"
loading script "jan_pump_ms.py"
loading script "jan_co2.py"
loading script "jan_pump_extraction_line.py"
testing...
no interpolation path defined
executed snippet estimated_duration=0, duration=3.79085540771e-05
loading script "jan_unknown400_120.py"
loading script "jan_pump_ms.py"
loading script "jan_co2.py"
loading script "jan_pump_extraction_line.py"
testing...
no interpolation path defined
calculate duration
testing...
no interpolation path defined
executed snippet estimated_duration=0, duration=7.39097595215e-05
calculate duration
testing...
no interpolation path defined
executed snippet estimated_duration=0, duration=0.000185012817383
executed snippet estimated_duration=0.0, duration=0.0166699886322
script duration name:co2 seconds:0.0
loading script "jan_unknown400_120.py"
loading script "jan_pump_ms.py"
loading script "jan_co2.py"
loading script "jan_pump_extraction_line.py"
testing...
no interpolation path defined
calculate duration
testing...
no interpolation path defined
executed snippet estimated_duration=4.0, duration=0.000436067581177
executed snippet estimated_duration=4.0, duration=0.00824308395386
Script duration 540.0
Run total estimated duration= 541.000
unknown400_120 in script context. using previous estimated duration
script duration name:unknown400_120 seconds:540.0
pump_ms in script context. using previous estimated duration
co2 in script context. using previous estimated duration
script duration name:co2 seconds:0.0
pump_extraction_line in script context. using previous estimated duration
Script duration 540.0
Run total estimated duration= 541.000
script duration name:unknown400_120 seconds:540.0
script duration name:co2 seconds:0.0
Script duration 540.0
Run total estimated duration= 541.000
script duration name:unknown400_120 seconds:540.0
script duration name:co2 seconds:0.0
Script duration 540.0
Run total estimated duration= 541.000
script duration name:unknown400_120 seconds:540.0
script duration name:co2 seconds:0.0
Script duration 540.0
Run total estimated duration= 541.000
script duration name:unknown400_120 seconds:540.0
script duration name:co2 seconds:0.0
Script duration 540.0
Run total estimated duration= 541.000
script duration name:unknown400_120 seconds:540.0
script duration name:co2 seconds:0.0
Script duration 540.0
Run total estimated duration= 541.000
script duration name:unknown400_120 seconds:540.0
script duration name:co2 seconds:0.0
Script duration 540.0
Run total estimated duration= 541.000
script duration name:unknown400_120 seconds:540.0
script duration name:co2 seconds:0.0
Script duration 540.0
Run total estimated duration= 541.000
script duration name:unknown400_120 seconds:540.0
script duration name:co2 seconds:0.0
Script duration 540.0
Run total estimated duration= 541.000
loading script "jan_unknown600_180.py"
loading script "jan_pump_ms.py"
loading script "jan_sniffair_x2.py"
loading script "jan_pump_extraction_line.py"
testing...
no interpolation path defined
executed snippet estimated_duration=802.2, duration=0.000252962112427
script duration name:unknown600_180 seconds:802.0
loading script "jan_unknown600_180.py"
loading script "jan_pump_ms.py"
loading script "jan_sniffair_x2.py"
loading script "jan_pump_extraction_line.py"
testing...
no interpolation path defined
calculate duration
testing...
no interpolation path defined
executed snippet estimated_duration=0, duration=0.000118970870972
calculate duration
testing...
no interpolation path defined
executed snippet estimated_duration=0, duration=0.000232934951782
calculate duration
testing...
no interpolation path defined
executed snippet estimated_duration=32.0, duration=0.000116109848022
calculate duration
testing...
no interpolation path defined
executed snippet estimated_duration=34.0, duration=0.000126838684082
calculate duration
testing...
no interpolation path defined
executed snippet estimated_duration=4.0, duration=7.79628753662e-05
calculate duration
testing...
no interpolation path defined
executed snippet estimated_duration=36.0, duration=0.000110864639282
calculate duration
testing...
no interpolation path defined
executed snippet estimated_duration=34.0, duration=0.000120878219604
calculate duration
testing...
no interpolation path defined
executed snippet estimated_duration=4.0, duration=0.000115156173706
calculate duration
testing...
no interpolation path defined
executed snippet estimated_duration=36.0, duration=0.000107049942017
calculate duration
testing...
no interpolation path defined
executed snippet estimated_duration=70.0, duration=0.000161170959473
executed snippet estimated_duration=250.0, duration=0.0424928665161
script duration name:sniffair_x2 seconds:250.0
Script duration 1052.0
Run total estimated duration= 1053.000
unknown600_180 in script context. using previous estimated duration
script duration name:unknown600_180 seconds:802.0
sniffair_x2 in script context. using previous estimated duration
script duration name:sniffair_x2 seconds:250.0
Script duration 1052.0
Run total estimated duration= 1053.000
script duration name:unknown600_180 seconds:802.0
script duration name:sniffair_x2 seconds:250.0
Script duration 1052.0
Run total estimated duration= 1053.000
script duration name:unknown400_120 seconds:540.0
loading script "jan_unknown400_120.py"
loading script "jan_pump_ms.py"
loading script "jan_cocktail_x1.py"
loading script "jan_pump_extraction_line.py"
testing...
no interpolation path defined
calculate duration
testing...
no interpolation path defined
executed snippet estimated_duration=0, duration=0.000103950500488
calculate duration
testing...
no interpolation path defined
executed snippet estimated_duration=0, duration=0.000133991241455
calculate duration
testing...
no interpolation path defined
executed snippet estimated_duration=32.0, duration=0.000130176544189
calculate duration
testing...
no interpolation path defined
executed snippet estimated_duration=34.0, duration=0.000209808349609
calculate duration
testing...
no interpolation path defined
executed snippet estimated_duration=4.0, duration=9.29832458496e-05
calculate duration
testing...
no interpolation path defined
executed snippet estimated_duration=38.0, duration=0.000171899795532
executed snippet estimated_duration=108.0, duration=0.0460040569305
script duration name:cocktail_x1 seconds:108.0
Script duration 648.0
Run total estimated duration= 649.000
script duration name:unknown400_120 seconds:540.0
script duration name:co2 seconds:0.0
Script duration 540.0
Run total estimated duration= 541.000
script duration name:unknown400_120 seconds:540.0
script duration name:co2 seconds:0.0
Script duration 540.0
Run total estimated duration= 541.000
script duration name:unknown400_120 seconds:540.0
script duration name:co2 seconds:0.0
Script duration 540.0
Run total estimated duration= 541.000
script duration name:unknown400_120 seconds:540.0
script duration name:co2 seconds:0.0
Script duration 540.0
Run total estimated duration= 541.000
script duration name:unknown400_120 seconds:540.0
script duration name:co2 seconds:0.0
Script duration 540.0
Run total estimated duration= 541.000
script duration name:unknown400_120 seconds:540.0
script duration name:co2 seconds:0.0
Script duration 540.0
Run total estimated duration= 541.000
script duration name:unknown400_120 seconds:540.0
script duration name:co2 seconds:0.0
Script duration 540.0
Run total estimated duration= 541.000
script duration name:unknown400_120 seconds:540.0
script duration name:co2 seconds:0.0
Script duration 540.0
Run total estimated duration= 541.000
script duration name:unknown400_120 seconds:540.0
script duration name:co2 seconds:0.0
Script duration 540.0
Run total estimated duration= 541.000
script duration name:unknown400_120 seconds:540.0
script duration name:co2 seconds:0.0
Script duration 540.0
Run total estimated duration= 541.000
script duration name:unknown400_120 seconds:540.0
script duration name:co2 seconds:0.0
Script duration 540.0
Run total estimated duration= 541.000
script duration name:unknown400_120 seconds:540.0
script duration name:co2 seconds:0.0
Script duration 540.0
Run total estimated duration= 541.000
script duration name:unknown400_120 seconds:540.0
script duration name:co2 seconds:0.0
Script duration 540.0
Run total estimated duration= 541.000
script duration name:unknown400_120 seconds:540.0
script duration name:co2 seconds:0.0
Script duration 540.0
Run total estimated duration= 541.000
script duration name:unknown400_120 seconds:540.0
script duration name:co2 seconds:0.0
Script duration 540.0
Run total estimated duration= 541.000
script duration name:unknown400_120 seconds:540.0
script duration name:co2 seconds:0.0
Script duration 540.0
Run total estimated duration= 541.000
script duration name:unknown400_120 seconds:540.0
script duration name:co2 seconds:0.0
Script duration 540.0
Run total estimated duration= 541.000
script duration name:unknown400_120 seconds:540.0
script duration name:co2 seconds:0.0
Script duration 540.0
Run total estimated duration= 541.000
script duration name:unknown400_120 seconds:540.0
script duration name:co2 seconds:0.0
Script duration 540.0
Run total estimated duration= 541.000
script duration name:unknown400_120 seconds:540.0
script duration name:co2 seconds:0.0
Script duration 540.0
Run total estimated duration= 541.000
script duration name:unknown400_120 seconds:540.0
cocktail_x1 in script context. using previous estimated duration
script duration name:cocktail_x1 seconds:108.0
Script duration 648.0
Run total estimated duration= 649.000
script duration name:unknown400_120 seconds:540.0
script duration name:co2 seconds:0.0
Script duration 540.0
Run total estimated duration= 541.000
script duration name:unknown400_120 seconds:540.0
script duration name:co2 seconds:0.0
Script duration 540.0
Run total estimated duration= 541.000
script duration name:unknown400_120 seconds:540.0
script duration name:co2 seconds:0.0
Script duration 540.0
Run total estimated duration= 541.000
script duration name:unknown400_120 seconds:540.0
script duration name:co2 seconds:0.0
Script duration 540.0
Run total estimated duration= 541.000
script duration name:unknown400_120 seconds:540.0
script duration name:co2 seconds:0.0
Script duration 540.0
Run total estimated duration= 541.000
script duration name:unknown400_120 seconds:540.0
script duration name:co2 seconds:0.0
Script duration 540.0
Run total estimated duration= 541.000
script duration name:unknown400_120 seconds:540.0
script duration name:co2 seconds:0.0
Script duration 540.0
Run total estimated duration= 541.000
script duration name:unknown400_120 seconds:540.0
script duration name:co2 seconds:0.0
Script duration 540.0
Run total estimated duration= 541.000
script duration name:unknown400_120 seconds:540.0
script duration name:co2 seconds:0.0
Script duration 540.0
Run total estimated duration= 541.000
script duration name:unknown400_120 seconds:540.0
script duration name:co2 seconds:0.0
Script duration 540.0
Run total estimated duration= 541.000
script duration name:unknown400_120 seconds:540.0
script duration name:co2 seconds:0.0
Script duration 540.0
Run total estimated duration= 541.000
script duration name:unknown400_120 seconds:540.0
script duration name:co2 seconds:0.0
Script duration 540.0
Run total estimated duration= 541.000
script duration name:unknown400_120 seconds:540.0
script duration name:co2 seconds:0.0
Script duration 540.0
Run total estimated duration= 541.000
script duration name:unknown400_120 seconds:540.0
script duration name:co2 seconds:0.0
Script duration 540.0
Run total estimated duration= 541.000
script duration name:unknown400_120 seconds:540.0
script duration name:co2 seconds:0.0
Script duration 540.0
Run total estimated duration= 541.000
script duration name:unknown400_120 seconds:540.0
script duration name:co2 seconds:0.0
Script duration 540.0
Run total estimated duration= 541.000
script duration name:unknown600_180 seconds:802.0
script duration name:sniffair_x2 seconds:250.0
Script duration 1052.0
Run total estimated duration= 1053.000
script duration name:unknown600_180 seconds:802.0
script duration name:sniffair_x2 seconds:250.0
Script duration 1052.0
Run total estimated duration= 1053.000
script duration name:unknown600_180 seconds:802.0
script duration name:sniffair_x2 seconds:250.0
Script duration 1052.0
Run total estimated duration= 1053.000
script duration name:unknown400_120 seconds:540.0
script duration name:cocktail_x1 seconds:108.0
Script duration 648.0
Run total estimated duration= 649.000
nruns=55 before=5.0, run_dur=33151.0, btw=1450.0
write rem/ex queues
/Users/jan/Pychron/experiments/rem/CurrentExperiment.rem.txt
/Users/jan/Pychron/experiments/rem/CurrentExperiment.ex.txt
doing event level: 3
add run
