do run
loading script "jan_unknown400_120.py"
loading script "jan_pump_ms.py"
loading script "jan_co2_minibone.py"
loading script "jan_pump_extraction_line.py"
testing...
no interpolation path defined
executed snippet estimated_duration=539.8, duration=0.000287055969238
script duration name:unknown400_120 seconds:540.0
loading script "jan_unknown400_120.py"
loading script "jan_pump_ms.py"
loading script "jan_co2_minibone.py"
loading script "jan_pump_extraction_line.py"
testing...
no interpolation path defined
executed snippet estimated_duration=0, duration=4.19616699219e-05
loading script "jan_unknown400_120.py"
loading script "jan_pump_ms.py"
loading script "jan_co2_minibone.py"
loading script "jan_pump_extraction_line.py"
testing...
no interpolation path defined
calculate duration
testing...
no interpolation path defined
executed snippet estimated_duration=0, duration=5.98430633545e-05
calculate duration
testing...
no interpolation path defined
executed snippet estimated_duration=0, duration=0.000112056732178
executed snippet estimated_duration=0.0, duration=0.00237393379211
script duration name:co2_minibone seconds:0.0
loading script "jan_unknown400_120.py"
loading script "jan_pump_ms.py"
loading script "jan_co2_minibone.py"
loading script "jan_pump_extraction_line.py"
testing...
no interpolation path defined
calculate duration
testing...
no interpolation path defined
executed snippet estimated_duration=4.0, duration=0.000139951705933
executed snippet estimated_duration=4.0, duration=0.00121593475342
Script duration 540.0
Run total estimated duration= 541.000
run duration: 0:09:01
doing event level: 2
20:52:37 -- Setting default integration. t=1.048576
setting integration time = 1.048576
SetIntegrationTime 1.048576 ===>> OK
----------------- start -----------------
**************** Experiment Type: Ar/Ar, Ar/Ar
create new session 4959626544
close session 4959626544
$$$$$ Clearing conditionals
adding conditionals 
Add queue conditionals
add default conditionals
adding default conditionals from /Users/jan/Pychron/setupfiles/spectrometer/default_conditionals.yaml
Start automated run 65883-35B
loading script "jan_unknown400_120.py"
loading script "jan_pump_ms.py"
loading script "jan_co2_minibone.py"
loading script "jan_pump_extraction_line.py"
%%%%%%%%%%%%%%%%%% setting automated run 65883-35B
No metadata section in "jan_co2_minibone.py". Using default "15" value for "eqtime"
No metadata section in "jan_co2_minibone.py". Using default "1" value for "sensitivity_multiplier"
$$$$$$$$$$$$$$$ auto_save_detector_ic=False
============================= Pre Extraction Check =============================
loading queue conditionals pre_run_terminations
loading system conditionals pre_run_terminations
loading conditionals from /Users/jan/Pychron/setupfiles/spectrometer/default_conditionals.yaml
20:52:37 -- ******* Pre Extraction Check *******
Get a measurement from the spectrometer
Pre Extraction Termination data. keys=H2,H1,AX,L1,L2,CDD, signals=-0.38196,0.04800,0.02590,-0.03742,-0.09136,0.00000
20:52:37 -- testing system defined conditionals
Checking default pre extraction terminations n=2
testing CDD
evaluate ot="CDD.inactive" t="CDD", ctx="{'CDD': False}"
GetDeflection CDD ===>> 50
testing CDD==2000
evaluate ot="CDD.deflection==2000" t="CDD==2000", ctx="{'CDD': 50.0}"
20:52:37 -- ******* Pre Extraction Check Passed *******
=================================================================================
20:52:37 -- stopping status monitor. block=True
stop 4939773136
Status monitor stopped
Status monitor finished
20:52:39 -- starting status monitor
start 4939773136
StatusMonitor period=1. Frequencies(state=2, checksum=3, lock=5, owner=5)
start extraction
do extraction
Analysis started at 20:52:41.153728
Extraction Started jan_co2_minibone.py
20:52:41 -- ******* Extraction Started jan_co2_minibone.py *******
state changed from not run to extraction
DO EXTRACTION <pychron.extraction_line.pyscript_runner.RemotePyScriptRunner object at 0x12d0935f0>
testing...
no interpolation path defined
calculate duration
testing...
no interpolation path defined
executed snippet estimated_duration=0, duration=5.29289245605e-05
calculate duration
testing...
no interpolation path defined
executed snippet estimated_duration=0, duration=0.000118017196655
executed snippet estimated_duration=172.0, duration=0.00287103652954
Jan CO22_GP50 laser analysis
doing GOSUB
testing...
no interpolation path defined
executed snippet estimated_duration=0, duration=4.19616699219e-05
Waiting for minibone access
wait ('FelixMiniboneFlag', 0) {}
waiting for FelixMiniboneFlag = 0
Read FelixMiniboneFlag ===>> 0
finished waiting
Minibone free
acquire ('JanMiniboneFlag',) {'clear': True}
acquire JanMiniboneFlag
Set JanMiniboneFlag 1 ===>> OK
JanMiniboneFlag acquired
set extraction state False (0.75, 'red', 1.5)
Minibone acquired
wait ('MinibonePumpTimeFlag', 0) {}
waiting for MinibonePumpTimeFlag = 0
Read MinibonePumpTimeFlag ===>> 0
finished waiting
executed snippet estimated_duration=0, duration=0.0184779167175
WaitForMiniboneAccess.py completed successfully
gosub finished
doing GOSUB
testing...
no interpolation path defined
executed snippet estimated_duration=0, duration=0.000174999237061
Prepare for CO2 minibone analysis
close () {'description': 'Jan Inlet'}
close name=--- desc=Jan Inlet
checking ownership. requestor=192.168.2.150
check software interlocks R
interlocks []
actuate state mode=None-script, software_lock=False
doing actuation None-script close_channel False
Close R ===>> OK
GetIndicatorState R ===>> False
change switch state (True, True)
20:52:41 -- CLOSE  VALVE-R (Jan Inlet)
-------------------------- close None (Jan Inlet) result=[(True, True)]
action=close, ok=True, locked=[False]
close () {'description': 'CO2 Laser to Felix'}
close name=--- desc=CO2 Laser to Felix
checking ownership. requestor=192.168.2.150
check software interlocks F
interlocks []
actuate state mode=None-script, software_lock=True
VALVE-F(CO2 Laser to Felix) software locked
change switch state (True, False)
-------------------------- close None (CO2 Laser to Felix) result=[(True, False)]
action=close, ok=True, locked=[True]
open () {'description': 'Jan Ion Pump'}
open name=--- desc=Jan Ion Pump
checking ownership. requestor=192.168.2.150
check software interlocks O
interlocks []
actuate state mode=None-script, software_lock=False
doing actuation None-script open_channel False
Open O ===>> OK
GetIndicatorState O ===>> OK
change switch state (True, True)
20:52:42 -- OPEN   VALVE-O (Jan Ion Pump)
-------------------------- open None (Jan Ion Pump) result=[(True, True)]
action=open, ok=True, locked=[False]
open () {'description': 'Microbone to Turbo'}
open name=--- desc=Microbone to Turbo
checking ownership. requestor=192.168.2.150
check software interlocks U
interlocks []
actuate state mode=None-script, software_lock=False
doing actuation None-script open_channel False
Open U ===>> OK
GetIndicatorState U ===>> OK
change switch state (True, True)
20:52:42 -- OPEN   VALVE-U (Microbone to Turbo)
-------------------------- open None (Microbone to Turbo) result=[(True, True)]
action=open, ok=True, locked=[False]
close ('P',) {}
close name=P desc=---
checking ownership. requestor=192.168.2.150
check software interlocks P
interlocks []
actuate state mode=None-script, software_lock=False
doing actuation None-script close_channel True
Close P ===>> OK
GetIndicatorState P ===>> False
change switch state (True, True)
20:52:43 -- CLOSE  VALVE-P (Minibone to Turbo)
-------------------------- close P () result=[(True, True)]
action=close, ok=True, locked=[False]
close ('Q',) {}
close name=Q desc=---
checking ownership. requestor=192.168.2.150
check software interlocks Q
interlocks []
actuate state mode=None-script, software_lock=False
doing actuation None-script close_channel True
Close Q ===>> OK
State checksums do not match. Local:215600755 Remote:-1788593148
State checksum failed
GetIndicatorState Q ===>> False
change switch state (True, True)
20:52:43 -- CLOSE  VALVE-Q (Quad Inlet)
-------------------------- close Q () result=[(True, True)]
action=close, ok=True, locked=[False]
close ('I',) {}
close name=I desc=---
checking ownership. requestor=192.168.2.150
check software interlocks I
interlocks []
actuate state mode=None-script, software_lock=False
doing actuation None-script close_channel True
Close I ===>> OK
GetIndicatorState I ===>> False
change switch state (True, True)
20:52:44 -- CLOSE  VALVE-I (Minibone to Bone)
-------------------------- close I () result=[(True, True)]
action=close, ok=True, locked=[False]
open () {'description': 'Microbone to Minibone'}
open name=--- desc=Microbone to Minibone
checking ownership. requestor=192.168.2.150
check software interlocks L
interlocks []
actuate state mode=None-script, software_lock=False
doing actuation None-script open_channel True
Open L ===>> OK
GetIndicatorState L ===>> OK
change switch state (True, True)
20:52:45 -- OPEN   VALVE-L (Microbone to Minibone)
-------------------------- open None (Microbone to Minibone) result=[(True, True)]
action=open, ok=True, locked=[False]
open () {'description': 'Microbone to Inlet Pipette'}
open name=--- desc=Microbone to Inlet Pipette
checking ownership. requestor=192.168.2.150
check software interlocks S
interlocks []
actuate state mode=None-script, software_lock=False
doing actuation None-script open_channel False
Open S ===>> OK
GetIndicatorState S ===>> OK
change switch state (True, True)
20:52:45 -- OPEN   VALVE-S (Microbone to Inlet Pipette)
-------------------------- open None (Microbone to Inlet Pipette) result=[(True, True)]
action=open, ok=True, locked=[False]
open () {'description': 'Microbone to Getter D-50'}
open name=--- desc=Microbone to Getter D-50
checking ownership. requestor=192.168.2.150
check software interlocks K
interlocks []
actuate state mode=None-script, software_lock=False
doing actuation None-script open_channel False
Open K ===>> OK
GetIndicatorState K ===>> OK
change switch state (True, True)
20:52:46 -- OPEN   VALVE-K (Microbone to Getter D-50)
-------------------------- open None (Microbone to Getter D-50) result=[(True, True)]
action=open, ok=True, locked=[False]
open () {'description': 'Microbone to Getter NP-10'}
open name=--- desc=Microbone to Getter NP-10
checking ownership. requestor=192.168.2.150
check software interlocks M
interlocks []
actuate state mode=None-script, software_lock=False
doing actuation None-script open_channel False
Open M ===>> OK
GetIndicatorState M ===>> OK
change switch state (True, True)
20:52:47 -- OPEN   VALVE-M (Microbone to Getter NP-10)
-------------------------- open None (Microbone to Getter NP-10) result=[(True, True)]
action=open, ok=True, locked=[False]
open () {'description': 'CO2 Laser to Jan'}
open name=--- desc=CO2 Laser to Jan
checking ownership. requestor=192.168.2.150
check software interlocks A
interlocks []
actuate state mode=None-script, software_lock=False
doing actuation None-script open_channel False
Open A ===>> OK
GetIndicatorState A ===>> OK
change switch state (True, True)
20:52:47 -- OPEN   VALVE-A (CO2 Laser to Jan)
-------------------------- open None (CO2 Laser to Jan) result=[(True, True)]
action=open, ok=True, locked=[False]
open () {'description': 'Microbone to CO2 Laser'}
open name=--- desc=Microbone to CO2 Laser
checking ownership. requestor=192.168.2.150
check software interlocks T
interlocks []
actuate state mode=None-script, software_lock=False
doing actuation None-script open_channel False
Open T ===>> OK
GetIndicatorState T ===>> OK
change switch state (True, True)
20:52:48 -- OPEN   VALVE-T (Microbone to CO2 Laser)
-------------------------- open None (Microbone to CO2 Laser) result=[(True, True)]
action=open, ok=True, locked=[False]
executed snippet estimated_duration=0, duration=7.63454699516
PrepareForCO2_minibone_Analysis.py completed successfully
gosub finished
set_motor ('beam', '1.5') {}
setting motor "beam" to 1.5
set motor beam to 1.5
SetMotor beam,1.5 ===>> OK
GetMotorMoving beam ===>> False
GetMotorMoving beam ===>> False
Block completed
enable () {}
set extraction state FusionsCO2 Enabled (False, 'red', 1.5)
enabling laser
Enable ===>> OK
move_to_position ('18',) {}
FusionsCO2 move to position 18
sending GoToHole 18,True
GoToHole 18,True ===>> OK
GetDriveMoving ===>> False
GetDriveMoving ===>> False
Block completed
GetAutoCorrecting ===>> OK
GetAutoCorrecting ===>> OK
GetAutoCorrecting ===>> OK
GetAutoCorrecting ===>> OK
GetAutoCorrecting ===>> False
GetAutoCorrecting ===>> False
Block completed
update position
GetPosition ===>> -14.88440,3.72110,1.00000
got position (-14.8844, 3.7211, 1.0)
move to position succeeded
sleep (10,) {}
SLEEP 10.0
block started
WaitControl setup for 10.0  
Join finished
block finished. duration 10.0671610832
close () {'description': 'Microbone to Turbo'}
close name=--- desc=Microbone to Turbo
checking ownership. requestor=192.168.2.150
check software interlocks U
interlocks []
actuate state mode=None-script, software_lock=False
doing actuation None-script close_channel True
Close U ===>> OK
GetIndicatorState U ===>> False
change switch state (True, True)
20:53:05 -- CLOSE  VALVE-U (Microbone to Turbo)
-------------------------- close None (Microbone to Turbo) result=[(True, True)]
action=close, ok=True, locked=[False]
BEGIN INTERVAL Interval 1 waiting for 30.0
block started
set extract to 0.45
WaitControl setup for 30.0  
extract (0.45,) {}
GetPosition ===>> -14.88440,3.72110,1.00000
set extraction state FusionsCO2 ON! 0.45(watts) (0.75, 'red', 1.5)
extract sample to 0.45 (watts)
set laser output
{"units":"watts","command":"SetLaserOutput","value":0.45} ===>> OK
sleep (2,) {}
SLEEP 2.0
block started
WaitControl setup for 2.0  
Join finished
block finished. duration 2.12189698219
executing pattern triangle.lp
execute_pattern ('triangle.lp',) {}
executing pattern triangle.lp
IsPatterning ===>> OK
IsPatterning ===>> OK
IsPatterning ===>> OK
IsPatterning ===>> OK
IsPatterning ===>> OK
IsPatterning ===>> OK
IsPatterning ===>> OK
IsPatterning ===>> OK
IsPatterning ===>> OK
IsPatterning ===>> OK
IsPatterning ===>> OK
IsPatterning ===>> OK
IsPatterning ===>> OK
IsPatterning ===>> OK
IsPatterning ===>> OK
IsPatterning ===>> OK
IsPatterning ===>> OK
IsPatterning ===>> OK
IsPatterning ===>> OK
IsPatterning ===>> OK
IsPatterning ===>> OK
IsPatterning ===>> OK
IsPatterning ===>> OK
IsPatterning ===>> OK
IsPatterning ===>> OK
IsPatterning ===>> OK
Join finished
block finished. duration 30.214012146
Interval 1 finished
IsPatterning ===>> False
IsPatterning ===>> False
Block completed
COMPLETE INTERVAL waiting for Interval 1 to complete
end_extract () {}
ending extraction. set laser power to 0
set laser power 0
SetLaserPower 0 ===>> OK
disable () {}
%%%%%%%%%%%%%%%%%%%%%%%%%%%%%%%%%%% disable
set extraction state False (0.75, 'red', 1.5)
disabling laser
Disable ===>> OK
sleep (60.0,) {}
SLEEP 60.0
block started
WaitControl setup for 60.0  
Join finished
block finished. duration 60.4751999378
executed snippet estimated_duration=274.0, duration=117.257172108
jan_co2_minibone.py completed successfully
GetAchievedOutput ===>> No Response
Requested Output= 0.000
Achieved Output=  0.000
GetResponseBlob ===>> No Response
GetOutputBlob ===>> No Response
persistence save...
persistence save - db
AutomatedRunPersister post_extraction_save deprecated
persistence save - dvc
no extraction position for 18
not connected to db mysql://janexp@129.138.12.160/labspy
Enviromentals: {'lab_humiditys': [{'device': 'EnvironmentalMonitor',
                    'name': 'Lab Hum.',
                    'pub_date': '2017-11-03T20:53:11',
                    'title': 'iServer Hum.',
                    'value': 28.0},
                   {'device': 'RPiWeather',
                    'name': 'Lab Hum. 2',
                    'pub_date': '2017-11-03T20:54:25',
                    'title': 'Base Station Hum.',
                    'value': 31.284761428833}],
 'lab_pneumatics': [{'device': 'AirPressure',
                     'name': 'Pressure',
                     'pub_date': '2017-11-03T20:54:36',
                     'title': None,
                     'value': 102.225},
                    {'device': 'AirPressure2',
                     'name': 'Pressure2',
                     'pub_date': '2017-11-03T20:54:36',
                     'title': None,
                     'value': 104.11336},
                    {'device': 'RPiWeather',
                     'name': 'Lab Pressure',
                     'pub_date': '2017-11-03T20:02:44',
                     'title': None,
                     'value': 865.011474609375}],
 'lab_temperatures': [{'device': 'Coldfinger',
                       'name': 'ColdFinger Temp.',
                       'pub_date': '2017-11-03T20:48:07',
                       'title': None,
                       'value': 70.0},
                      {'device': 'EnvironmentalMonitor',
                       'name': 'Lab Temp.',
                       'pub_date': '2017-11-03T20:03:27',
                       'title': 'iServer Temp.',
                       'value': 70.8},
                      {'device': 'Chiller',
                       'name': 'Coolant Temp.',
                       'pub_date': '2017-11-03T20:27:10',
                       'title': None,
                       'value': 18.0},
                      {'device': 'RPiWeather',
                       'name': 'Lab Temp. 2',
                       'pub_date': '2017-11-03T20:53:26',
                       'title': 'Base Station Temp.',
                       'value': 75.1634464263916},
                      {'device': 'RPiWeather',
                       'name': 'Lab Temp. 3',
                       'pub_date': '2017-11-03T20:37:10',
                       'title': 'EastDiffuser01',
                       'value': 55.7366},
                      {'device': 'RPiWeather',
                       'name': 'Lab Temp. 4',
                       'pub_date': '2017-11-03T20:52:21',
                       'title': 'EastReturn02',
                       'value': 68.675},
                      {'device': 'RPiWeather',
                       'name': 'Lab Temp. 5',
                       'pub_date': '2017-11-03T20:32:30',
                       'title': 'iServerCalibration03',
                       'value': 69.8},
                      {'device': 'RPiWeather',
                       'name': 'Lab Temp. 6',
                       'pub_date': '2017-11-03T20:43:04',
                       'title': 'SouthWall04',
                       'value': 69.2366},
                      {'device': 'RPiWeather',
                       'name': 'Lab Temp. 7',
                       'pub_date': '2017-11-03T20:49:21',
                       'title': 'SouthWindow05',
                       'value': 67.55}]}
Extraction Finished
20:54:41 -- ******* Extraction Finished *******
no overlap. not waiting for min ms pumptime
20:54:41 -- Sending spectrometer configuration
======== Sending configuration ========
SetDeflection CDD,50.0 ===>> OK
SetDeflection H2,0.0 ===>> OK
SetDeflection H1,0.0 ===>> OK
SetDeflection L2,825.0 ===>> OK
SetDeflection L1,400.0 ===>> OK
SetDeflection AX,190.0 ===>> OK
SetZFocus 74.64 ===>> OK
SetZSymmetry -50.72 ===>> OK
SetExtractionLens 26.13 ===>> OK
SetIonRepeller -3.81 ===>> OK
SetElectronEnergy 75.08 ===>> OK
SetYSymmetry -2.81 ===>> OK
SetIonCounterVoltage 1590.0 ===>> OK
send trap current 200.0
GetParameter Trap Current Readback ===>> 198.258926936459
SetParameter Trap Current Set,200.0 ===>> OK
updating mftable name mftable
Using mftable located at /Users/jan/Pychron/setupfiles/spectrometer/mftables/mftable.csv
============ MFtable ===========
Isotope  H2     H1     AX     L1     L2     CDD    
Ar40     6.0560 5.8796 5.9934 6.1945 6.2309 6.6798
Ar39     6.0109 5.7706 6.0575 6.3377 6.1136 6.5663
Ar36     5.6884 5.4396 5.7209 5.9965 5.7686 6.2174
================================
get initial guess parabolic
get initial guess parabolic
get initial guess parabolic
get initial guess parabolic
get initial guess parabolic
get initial guess parabolic
======== Configuration Finished ========
GetYSymmetry ===>> -2.81
GetZSymmetry ===>> -50.72
GetParameter Trap Current Readback ===>> 198.147042666178
GetHighVoltage ===>> 4500
start measurement
do measurement
L#=65883 analysis type=unknown
Measurement Started jan_unknown400_120.py
20:54:42 -- ******* Measurement Started jan_unknown400_120.py *******
state changed from extraction to measurement
setting trap, emission, spec, defl, and gains
GetExtractionLens ===>> 26.13
GetYSymmetry ===>> -2.81
GetZSymmetry ===>> -50.72
GetZFocus ===>> 74.64
GetDeflection H2 ===>> 0
GetDeflection H1 ===>> 0
GetDeflection AX ===>> 190
GetDeflection L1 ===>> 400
GetDeflection L2 ===>> 825
GetDeflection CDD ===>> 50
GetGain H2 ===>> 0.96
GetGain H1 ===>> 0.1
GetGain AX ===>> 0.09645
GetGain L1 ===>> 0.010309
GetGain L2 ===>> 0.091218
GetGain CDD ===>> 0
GetParameter Trap Current Readback ===>> 198.035158395898
GetParameter Source Current Readback ===>> 527.47653054996
pre measurement save
New frame /Users/jan/Pychron/data/isotopes/0f/31ad44-4fa2-4eb3-9121-084d3edb1d16.h5
flush and close file /Users/jan/Pychron/data/isotopes/0f/31ad44-4fa2-4eb3-9121-084d3edb1d16.h5
testing...
no interpolation path defined
executed snippet estimated_duration=555.4, duration=0.000179052352905
unknown measurement script
activate_detectors ('H2', 'H1', 'AX', 'L1', 'L2', 'CDD') {}
activate detectors
*************** Set Analysis View Ar/Ar
create graphs
clearing graphs
creating plots for detectors [Detector(H2), Detector(H1), Detector(AX), Detector(L1), Detector(L2), Detector(CDD)]
clear isotope group
setting isotope det=H2, iso=Ar41
setting isotope det=H1, iso=Ar40
setting isotope det=AX, iso=Ar39
setting isotope det=L1, iso=Ar38
setting isotope det=L2, iso=Ar37
setting isotope det=CDD, iso=Ar36
setting previous blanks
 - setting Ar41 blank 0.021+/-0.011
 - setting Ar40 blank 0.094+/-0.007
 - setting Ar36 blank 0.00223+/-0.00012
 - setting Ar37 blank 0.031+/-0.005
 - setting Ar38 blank 0.0056+/-0.0024
 - setting Ar39 blank 0.030+/-0.009
 - setting Ar41 baseline (0, 0)
 - setting Ar40 baseline (0, 0)
 - setting Ar36 baseline (0, 0)
 - setting Ar37 baseline (0, 0)
 - setting Ar38 baseline (0, 0)
 - setting Ar39 baseline (0, 0)
 - setting Ar41 baseline -0.155+/-0.011
 - setting Ar40 baseline 0.052+/-0.004
 - setting Ar36 baseline (7.4+/-3.0)e-06
 - setting Ar37 baseline -0.026+/-0.005
 - setting Ar38 baseline -0.0243+/-0.0022
 - setting Ar39 baseline 0.037+/-0.005
load analysis view
position_magnet ('Ar40',) {'detector': 'H1'}
detector Detector(H1)
POSITION Ar40 H1
molweights={'Ar41': 41.0, 'Ar40': 39.9624, 'Ar42': 42.0, 'Ar35': 35.0, 'Ar36': 35.9675, 'Ar37': 36.9668, 'Ar38': 37.9627, 'Ar39': 38.964}
setting detector H2 to Ar41 (40.9624)
setting detector H1 to Ar40 (39.9624)
setting detector AX to Ar39 (38.9624)
setting detector L1 to Ar38 (37.9624)
setting detector L2 to Ar37 (36.9624)
setting detector CDD to Ar36 (35.9624)
Mapping mass to dac mass func: "parabolic"
H1 map mass coeffs = [ -3.11428344e-04   1.33794662e-01   1.03019323e+00]
H1 map mass to dac 39.9624 >> 5.8796
GetDeflection H1 ===>> 0
GetHighVoltage ===>> 4500
positioning Ar40 (5.8796) on H1
setting magnet DAC
current  : 5.241712
requested: 5.879600
Delta Dac: 0.637888
Checking detector protection. dv=0.63789
Checking detector "CDD". Protection Threshold: 0.5 (V)
ProtectDetector CDD,On ===>> OK
GetDeflection CDD ===>> 2000
Protected = 2000
AF Demag not enabled. self.use_af_demag=False, use_af_demag=False
SetMagnetDAC 5.8796 ===>> OK
Magnet settling time: 0.500 0.500
Magnet settling complete
Wait for magnet to stop moving
GetMagnetMoving ===>> True
GetMagnetMoving ===>> True
GetMagnetMoving ===>> True
GetMagnetMoving ===>> True
GetMagnetMoving ===>> True
GetMagnetMoving ===>> True
GetMagnetMoving ===>> True
GetMagnetMoving ===>> True
GetMagnetMoving ===>> False
Magnet move complete
Unprotect detectors
ProtectDetector CDD,Off ===>> OK
GetDeflection CDD ===>> 50
set_dac. change=True
setting previous blanks
 - setting Ar41 blank 0.021+/-0.011
 - setting Ar40 blank 0.094+/-0.007
 - setting Ar36 blank 0.00223+/-0.00012
 - setting Ar37 blank 0.031+/-0.005
 - setting Ar38 blank 0.0056+/-0.0024
 - setting Ar39 blank 0.030+/-0.009
 - setting Ar41 baseline (0, 0)
 - setting Ar40 baseline (0, 0)
 - setting Ar36 baseline (0, 0)
 - setting Ar37 baseline (0, 0)
 - setting Ar38 baseline (0, 0)
 - setting Ar39 baseline (0, 0)
 - setting Ar41 baseline -0.155+/-0.011
 - setting Ar40 baseline 0.052+/-0.004
 - setting Ar36 baseline (7.4+/-3.0)e-06
 - setting Ar37 baseline -0.026+/-0.005
 - setting Ar38 baseline -0.0243+/-0.0022
 - setting Ar39 baseline 0.037+/-0.005
cleaned isotoped group ['Ar41', 'Ar40', 'Ar36', 'Ar37', 'Ar38', 'Ar39']
load analysis view
equilibrate () {'delay': 3, 'inlet': 'R', 'outlet': 'O', 'eqtime': 15.0}
Equilibration Started
20:54:45 -- ******* Equilibration Started *******
checking ownership. requestor=192.168.2.150
check software interlocks O
update labels <pychron.experiment.plot_panel.PlotPanel object at 0x1442c5290>
interlocks []
update labels "<pychron.graph.stacked_regression_graph.StackedRegressionGraph object at 0x17429d230>"
actuate state mode=None-script, software_lock=False
setting label 0 H2 Ar41
doing actuation None-script close_channel True
setting label 1 H1 Ar40
setting label 2 AX Ar39
setting label 3 L1 Ar38
setting label 4 L2 Ar37
setting label 5 CDD Ar36
update labels "<pychron.graph.stacked_graph.StackedGraph object at 0x16325def0>"
setting label 0 H2 Ar41
setting label 1 H1 Ar40
setting label 2 AX Ar39
setting label 3 L1 Ar38
setting label 4 L2 Ar37
setting label 5 CDD Ar36
Close O ===>> OK
GetIndicatorState O ===>> False
change switch state (True, True)
20:54:45 -- CLOSE  VALVE-O (Jan Ion Pump)
waiting 3s before opening inlet value ('R',)
checking ownership. requestor=192.168.2.150
check software interlocks R
interlocks []
actuate state mode=None-script, software_lock=False
doing actuation None-script open_channel True
Open R ===>> OK
GetIndicatorState R ===>> OK
change switch state (True, True)
20:54:49 -- OPEN   VALVE-R (Jan Inlet)
equilibrating for 15.0sec
set_time_zero () {}
sniff (15.0,) {}
py_sniff
build tables- sniff [Detector(H2), Detector(H1), Detector(AX), Detector(L1), Detector(L2), Detector(CDD)]
add group /sniff/Ar41 (Group) '' table H2
add group /sniff/Ar40 (Group) '' table H1
add group /sniff/Ar39 (Group) '' table AX
add group /sniff/Ar38 (Group) '' table L1
add group /sniff/Ar37 (Group) '' table L2
add group /sniff/Ar36 (Group) '' table CDD
flush and close file /Users/jan/Pychron/data/isotopes/0f/31ad44-4fa2-4eb3-9121-084d3edb1d16.h5
measuring sniff. ncounts=15.0
"sniff" increment series count="1" fit count="0" regressing="False"
starting measurement
measurement period (ms) = 1048.576
Equilibration Finished
20:55:04 -- ******* Equilibration Finished *******
checking ownership. requestor=192.168.2.150
check software interlocks R
interlocks []
actuate state mode=None-script, software_lock=False
doing actuation None-script close_channel True
Close R ===>> OK
GetIndicatorState R ===>> False
change switch state (True, True)
State checksums do not match. Local:-2043311970 Remote:-2050307944
State checksum failed
20:55:05 -- CLOSE  VALVE-R (Jan Inlet)
Post Equilibration Started jan_pump_extraction_line.py
20:55:05 -- ******* Post Equilibration Started jan_pump_extraction_line.py *******
testing...
no interpolation path defined
calculate duration
testing...
no interpolation path defined
executed snippet estimated_duration=4.0, duration=0.000157833099365
executed snippet estimated_duration=4.0, duration=0.00127696990967
Pump after analysis
doing GOSUB
testing...
no interpolation path defined
executed snippet estimated_duration=4.0, duration=0.000148057937622
Pump Microbone
close () {'description': 'Jan Inlet'}
close name=--- desc=Jan Inlet
checking ownership. requestor=192.168.2.150
check software interlocks R
interlocks []
actuate state mode=None-script, software_lock=False
doing actuation None-script close_channel False
waiting for write to finish
measurement finished
estimated time: 15.729 actual time: :15.897
flush and close file /Users/jan/Pychron/data/isotopes/0f/31ad44-4fa2-4eb3-9121-084d3edb1d16.h5
set_fits () {}
using default fits file=/Users/jan/Pychron/scripts/measurement/fits/nominal.yaml
Close R ===>> OK
set "Ar41" to "('linear', 'SEM')"
set "Ar40" to "('Parabolic', 'SEM')"
set "Ar36" to "('Parabolic', 'SEM')"
set "Ar37" to "('linear', 'SEM')"
set "Ar38" to "('linear', 'SEM')"
set "Ar39" to "('Parabolic', 'SEM')"
set_baseline_fits () {}
using default fits file=/Users/jan/Pychron/scripts/measurement/fits/nominal.yaml
GetIndicatorState R ===>> False
change switch state (True, True)
20:55:05 -- CLOSE  VALVE-R (Jan Inlet)
-------------------------- close None (Jan Inlet) result=[(True, True)]
set "H2" to "('average', 'SEM')"
set "H1" to "('average', 'SEM')"
set "CDD" to "('average', 'SEM')"
set "L2" to "('average', 'SEM')"
set "L1" to "('average', 'SEM')"
set "AX" to "('average', 'SEM')"
multicollect () {'integration_time': 1, 'ncounts': 400}
build tables- signal [Detector(H2), Detector(H1), Detector(AX), Detector(L1), Detector(L2), Detector(CDD)]
add group /signal/Ar41 (Group) '' table H2
add group /signal/Ar40 (Group) '' table H1
add group /signal/Ar39 (Group) '' table AX
add group /signal/Ar38 (Group) '' table L1
add group /signal/Ar37 (Group) '' table L2
add group /signal/Ar36 (Group) '' table CDD
flush and close file /Users/jan/Pychron/data/isotopes/0f/31ad44-4fa2-4eb3-9121-084d3edb1d16.h5
measuring signal. ncounts=400
action=close, ok=True, locked=[False]
is_closed ('F',) {}
is F () closed?
is closed True
open () {'description': 'CO2 Laser to Jan'}
open name=--- desc=CO2 Laser to Jan
checking ownership. requestor=192.168.2.150
check software interlocks A
interlocks []
actuate state mode=None-script, software_lock=False
doing actuation None-script open_channel False
Open A ===>> OK
GetIndicatorState A ===>> OK
change switch state (True, True)
20:55:06 -- OPEN   VALVE-A (CO2 Laser to Jan)
-------------------------- open None (CO2 Laser to Jan) result=[(True, True)]
starting measurement
measurement period (ms) = 1048.576
action=open, ok=True, locked=[False]
sleep (1,) {}
SLEEP 1.0
"signal" increment series count="2" fit count="1" regressing="True"
close () {'description': 'CO2 Laser to Roughing'}
close name=--- desc=CO2 Laser to Roughing
checking ownership. requestor=192.168.2.150
check software interlocks G
interlocks []
actuate state mode=None-script, software_lock=True
VALVE-G(CO2 Laser to Roughing) software locked
change switch state (True, False)
-------------------------- close None (CO2 Laser to Roughing) result=[(True, False)]
action=close, ok=True, locked=[True]
open () {'description': 'Microbone to Turbo'}
open name=--- desc=Microbone to Turbo
checking ownership. requestor=192.168.2.150
check software interlocks U
interlocks []
actuate state mode=None-script, software_lock=False
doing actuation None-script open_channel True
Open U ===>> OK
GetIndicatorState U ===>> OK
change switch state (True, True)
20:55:07 -- OPEN   VALVE-U (Microbone to Turbo)
-------------------------- open None (Microbone to Turbo) result=[(True, True)]
action=open, ok=True, locked=[False]
open () {'description': 'Microbone to Getter NP-10'}
open name=--- desc=Microbone to Getter NP-10
checking ownership. requestor=192.168.2.150
check software interlocks M
interlocks []
actuate state mode=None-script, software_lock=False
doing actuation None-script open_channel False
Open M ===>> OK
GetIndicatorState M ===>> OK
change switch state (True, True)
20:55:08 -- OPEN   VALVE-M (Microbone to Getter NP-10)
-------------------------- open None (Microbone to Getter NP-10) result=[(True, True)]
action=open, ok=True, locked=[False]
open () {'description': 'Microbone to Getter D-50'}
open name=--- desc=Microbone to Getter D-50
checking ownership. requestor=192.168.2.150
check software interlocks K
interlocks []
actuate state mode=None-script, software_lock=False
doing actuation None-script open_channel False
Open K ===>> OK
GetIndicatorState K ===>> OK
change switch state (True, True)
20:55:08 -- OPEN   VALVE-K (Microbone to Getter D-50)
-------------------------- open None (Microbone to Getter D-50) result=[(True, True)]
action=open, ok=True, locked=[False]
open () {'description': 'Microbone to CO2 Laser'}
open name=--- desc=Microbone to CO2 Laser
checking ownership. requestor=192.168.2.150
check software interlocks T
interlocks []
actuate state mode=None-script, software_lock=False
doing actuation None-script open_channel False
Open T ===>> OK
GetIndicatorState T ===>> OK
change switch state (True, True)
20:55:09 -- OPEN   VALVE-T (Microbone to CO2 Laser)
-------------------------- open None (Microbone to CO2 Laser) result=[(True, True)]
action=open, ok=True, locked=[False]
open () {'description': 'Microbone to Inlet Pipette'}
open name=--- desc=Microbone to Inlet Pipette
checking ownership. requestor=192.168.2.150
check software interlocks S
interlocks []
actuate state mode=None-script, software_lock=False
doing actuation None-script open_channel False
Open S ===>> OK
GetIndicatorState S ===>> OK
change switch state (True, True)
20:55:10 -- OPEN   VALVE-S (Microbone to Inlet Pipette)
-------------------------- open None (Microbone to Inlet Pipette) result=[(True, True)]
testing H1<-5.0
evaluate ot="H1.bs<-5.0" t="H1<-5.0", ctx="{'H1': 0.05189143958452797}"
action=open, ok=True, locked=[False]
sleep (1,) {}
SLEEP 1.0
set_resource () {'name': 'CO2PumpTimeFlag', 'value': 30}
Set CO2PumpTimeFlag 30 ===>> OK
release ('JanCO2Flag',) {}
release JanCO2Flag
Set JanCO2Flag 0 ===>> OK
executed snippet estimated_duration=6.0, duration=6.39636206627
PumpMicrobone.py completed successfully
gosub finished
get_resource_value () {'name': 'JanMiniboneFlag'}
Read JanMiniboneFlag ===>> 1
Get Resource Value JanMiniboneFlag=1.0
get resource value 1.0
get_resource_value () {'name': 'JanMiniboneFlag'}
Read JanMiniboneFlag ===>> 1
Get Resource Value JanMiniboneFlag=1.0
doing GOSUB
testing...
no interpolation path defined
executed snippet estimated_duration=0, duration=4.29153442383e-05
Entering Pump minibone script
get_resource_value () {'name': 'JanMiniboneFlag'}
Read JanMiniboneFlag ===>> 1
Get Resource Value JanMiniboneFlag=1.0
get resource value 1.0
get_resource_value () {'name': 'JanMiniboneFlag'}
Read JanMiniboneFlag ===>> 1
Get Resource Value JanMiniboneFlag=1.0
Pump minibone
close () {'description': 'Bone to Minibone'}
close name=--- desc=Bone to Minibone
checking ownership. requestor=192.168.2.150
check software interlocks E
interlocks []
actuate state mode=None-script, software_lock=False
doing actuation None-script close_channel False
Close E ===>> OK
GetIndicatorState E ===>> False
change switch state (True, True)
20:55:12 -- CLOSE  VALVE-E (Bone to Minibone)
-------------------------- close None (Bone to Minibone) result=[(True, True)]
action=close, ok=True, locked=[False]
open () {'description': 'Minibone to Bone'}
open name=--- desc=Minibone to Bone
checking ownership. requestor=192.168.2.150
check software interlocks I
interlocks []
actuate state mode=None-script, software_lock=False
doing actuation None-script open_channel True
Open I ===>> OK
GetIndicatorState I ===>> OK
change switch state (True, True)
20:55:12 -- OPEN   VALVE-I (Minibone to Bone)
-------------------------- open None (Minibone to Bone) result=[(True, True)]
action=open, ok=True, locked=[False]
close () {'description': 'Microbone to Minibone'}
close name=--- desc=Microbone to Minibone
checking ownership. requestor=192.168.2.150
check software interlocks L
interlocks []
actuate state mode=None-script, software_lock=False
doing actuation None-script close_channel True
Close L ===>> OK
GetIndicatorState L ===>> False
change switch state (True, True)
20:55:13 -- CLOSE  VALVE-L (Microbone to Minibone)
-------------------------- close None (Microbone to Minibone) result=[(True, True)]
action=close, ok=True, locked=[False]
sleep () {'duration': 1.0}
SLEEP 1.0
open () {'description': 'Minibone to Turbo'}
open name=--- desc=Minibone to Turbo
checking ownership. requestor=192.168.2.150
check software interlocks P
interlocks []
actuate state mode=None-script, software_lock=False
doing actuation None-script open_channel True
Open P ===>> OK
GetIndicatorState P ===>> OK
change switch state (True, True)
20:55:15 -- OPEN   VALVE-P (Minibone to Turbo)
-------------------------- open None (Minibone to Turbo) result=[(True, True)]
action=open, ok=True, locked=[False]
open () {'description': 'Quad Inlet'}
testing H1<-5.0
evaluate ot="H1.bs<-5.0" t="H1<-5.0", ctx="{'H1': 0.05189143958452797}"
open name=--- desc=Quad Inlet
checking ownership. requestor=192.168.2.150
check software interlocks Q
interlocks []
actuate state mode=None-script, software_lock=False
doing actuation None-script open_channel True
Open Q ===>> OK
State checksums do not match. Local:505078994 Remote:-860229079
State checksum failed
GetIndicatorState Q ===>> OK
change switch state (True, True)
20:55:16 -- OPEN   VALVE-Q (Quad Inlet)
-------------------------- open None (Quad Inlet) result=[(True, True)]
action=open, ok=True, locked=[False]
set_resource () {'name': 'MinibonePumpTimeFlag', 'value': 30}
Set MinibonePumpTimeFlag 30 ===>> OK
sleep () {'duration': 15.0}
SLEEP 15.0
block started
WaitControl setup for 15.0  
testing H1<-5.0
evaluate ot="H1.bs<-5.0" t="H1<-5.0", ctx="{'H1': 0.05189143958452797}"
testing H1<-5.0
evaluate ot="H1.bs<-5.0" t="H1<-5.0", ctx="{'H1': 0.05189143958452797}"
Join finished
block finished. duration 15.1052060127
close () {'description': 'Outer Pipette 1'}
close name=--- desc=Outer Pipette 1
testing H1<-5.0
evaluate ot="H1.bs<-5.0" t="H1<-5.0", ctx="{'H1': 0.05189143958452797}"
20:55:31 -- collecting point 25
checking ownership. requestor=192.168.2.150
check software interlocks W
interlocks ['X']
actuate state mode=None-script, software_lock=False
doing actuation None-script close_channel False
Close W ===>> OK
GetIndicatorState W ===>> False
change switch state (True, True)
20:55:31 -- CLOSE  VALVE-W (Outer Pipette 1)
-------------------------- close None (Outer Pipette 1) result=[(True, True)]
action=close, ok=True, locked=[False]
close () {'description': 'Outer Pipette 2'}
close name=--- desc=Outer Pipette 2
checking ownership. requestor=192.168.2.150
check software interlocks Y
interlocks ['Z']
actuate state mode=None-script, software_lock=False
doing actuation None-script close_channel False
Close Y ===>> OK
GetIndicatorState Y ===>> False
change switch state (True, True)
20:55:32 -- CLOSE  VALVE-Y (Outer Pipette 2)
-------------------------- close None (Outer Pipette 2) result=[(True, True)]
action=close, ok=True, locked=[False]
release ('JanMiniboneFlag',) {}
release JanMiniboneFlag
Set JanMiniboneFlag 0 ===>> OK
executed snippet estimated_duration=16.0, duration=20.861164093
PumpMinibone.py completed successfully
gosub finished
executed snippet estimated_duration=4.0, duration=27.3437330723
jan_pump_extraction_line.py completed successfully
Post Equilibration Finished
20:55:32 -- ******* Post Equilibration Finished *******
testing H1<-5.0
evaluate ot="H1.bs<-5.0" t="H1<-5.0", ctx="{'H1': 0.05189143958452797}"
testing H1<-5.0
evaluate ot="H1.bs<-5.0" t="H1<-5.0", ctx="{'H1': 0.05189143958452797}"
testing H1<-5.0
evaluate ot="H1.bs<-5.0" t="H1<-5.0", ctx="{'H1': 0.05189143958452797}"
testing H1<-5.0
evaluate ot="H1.bs<-5.0" t="H1<-5.0", ctx="{'H1': 0.05189143958452797}"
testing H1<-5.0
evaluate ot="H1.bs<-5.0" t="H1<-5.0", ctx="{'H1': 0.05189143958452797}"
20:55:58 -- collecting point 50
testing H1<-5.0
evaluate ot="H1.bs<-5.0" t="H1<-5.0", ctx="{'H1': 0.05189143958452797}"
testing H1<-5.0
evaluate ot="H1.bs<-5.0" t="H1<-5.0", ctx="{'H1': 0.05189143958452797}"
testing H1<-5.0
evaluate ot="H1.bs<-5.0" t="H1<-5.0", ctx="{'H1': 0.05189143958452797}"
testing H1<-5.0
evaluate ot="H1.bs<-5.0" t="H1<-5.0", ctx="{'H1': 0.05189143958452797}"
testing H1<-5.0
evaluate ot="H1.bs<-5.0" t="H1<-5.0", ctx="{'H1': 0.05189143958452797}"
20:56:24 -- collecting point 75
testing H1<-5.0
evaluate ot="H1.bs<-5.0" t="H1<-5.0", ctx="{'H1': 0.05189143958452797}"
testing Ar36<0.001
evaluate ot="Ar36.bs_corrected<0.001" t="Ar36<0.001", ctx="{'Ar36': 0.035601223188444456}"
testing H1<-5.0
evaluate ot="H1.bs<-5.0" t="H1<-5.0", ctx="{'H1': 0.05189143958452797}"
testing Ar36<0.001
evaluate ot="Ar36.bs_corrected<0.001" t="Ar36<0.001", ctx="{'Ar36': 0.03469876977485184}"
testing H1<-5.0
evaluate ot="H1.bs<-5.0" t="H1<-5.0", ctx="{'H1': 0.05189143958452797}"
testing Ar36<0.001
evaluate ot="Ar36.bs_corrected<0.001" t="Ar36<0.001", ctx="{'Ar36': 0.03424223773557981}"
testing H1<-5.0
evaluate ot="H1.bs<-5.0" t="H1<-5.0", ctx="{'H1': 0.05189143958452797}"
testing Ar36<0.001
evaluate ot="Ar36.bs_corrected<0.001" t="Ar36<0.001", ctx="{'Ar36': 0.03421479577143597}"
testing H1<-5.0
evaluate ot="H1.bs<-5.0" t="H1<-5.0", ctx="{'H1': 0.05189143958452797}"
testing Ar36<0.001
evaluate ot="Ar36.bs_corrected<0.001" t="Ar36<0.001", ctx="{'Ar36': 0.0337785325765748}"
20:56:50 -- collecting point 100
testing H1<-5.0
evaluate ot="H1.bs<-5.0" t="H1<-5.0", ctx="{'H1': 0.05189143958452797}"
testing Ar36<0.001
evaluate ot="Ar36.bs_corrected<0.001" t="Ar36<0.001", ctx="{'Ar36': 0.0335300112860993}"
testing H1<-5.0
evaluate ot="H1.bs<-5.0" t="H1<-5.0", ctx="{'H1': 0.05189143958452797}"
testing Ar36<0.001
evaluate ot="Ar36.bs_corrected<0.001" t="Ar36<0.001", ctx="{'Ar36': 0.03348989843916262}"
testing H1<-5.0
evaluate ot="H1.bs<-5.0" t="H1<-5.0", ctx="{'H1': 0.05189143958452797}"
testing Ar36<0.001
evaluate ot="Ar36.bs_corrected<0.001" t="Ar36<0.001", ctx="{'Ar36': 0.0332432098222792}"
testing H1<-5.0
evaluate ot="H1.bs<-5.0" t="H1<-5.0", ctx="{'H1': 0.05189143958452797}"
testing Ar36<0.001
evaluate ot="Ar36.bs_corrected<0.001" t="Ar36<0.001", ctx="{'Ar36': 0.03332861040157452}"
testing H1<-5.0
evaluate ot="H1.bs<-5.0" t="H1<-5.0", ctx="{'H1': 0.05189143958452797}"
testing Ar36<0.001
evaluate ot="Ar36.bs_corrected<0.001" t="Ar36<0.001", ctx="{'Ar36': 0.0329610405762593}"
20:57:17 -- collecting point 125
testing H1<-5.0
evaluate ot="H1.bs<-5.0" t="H1<-5.0", ctx="{'H1': 0.05189143958452797}"
testing Ar36<0.001
evaluate ot="Ar36.bs_corrected<0.001" t="Ar36<0.001", ctx="{'Ar36': 0.03228952919805689}"
testing H1<-5.0
evaluate ot="H1.bs<-5.0" t="H1<-5.0", ctx="{'H1': 0.05189143958452797}"
testing Ar36<0.001
evaluate ot="Ar36.bs_corrected<0.001" t="Ar36<0.001", ctx="{'Ar36': 0.03241159842471762}"
testing H1<-5.0
evaluate ot="H1.bs<-5.0" t="H1<-5.0", ctx="{'H1': 0.05189143958452797}"
testing Ar36<0.001
evaluate ot="Ar36.bs_corrected<0.001" t="Ar36<0.001", ctx="{'Ar36': 0.032326819995488115}"
testing H1<-5.0
evaluate ot="H1.bs<-5.0" t="H1<-5.0", ctx="{'H1': 0.05189143958452797}"
testing Ar36<0.001
evaluate ot="Ar36.bs_corrected<0.001" t="Ar36<0.001", ctx="{'Ar36': 0.03198206555056579}"
no intensity change cnt= 0
signals=[ -4.27445433e-01   1.63087399e+01   3.13010720e+00   1.30999347e-02
   8.90026680e-02   2.49220173e-02]
prev_signals=[ -4.27445433e-01   1.63087399e+01   3.13010720e+00   1.30999347e-02
   8.90026680e-02   2.49220173e-02]
resetting no_intensity_change_cnt
signals=[ -0.27352307  16.44828749   3.2081421    0.04633778   0.071485
   0.03055915]
prev_signals=[ -4.27445433e-01   1.63087399e+01   3.13010720e+00   1.30999347e-02
   8.90026680e-02   2.49220173e-02]
testing H1<-5.0
evaluate ot="H1.bs<-5.0" t="H1<-5.0", ctx="{'H1': 0.05189143958452797}"
testing Ar36<0.001
evaluate ot="Ar36.bs_corrected<0.001" t="Ar36<0.001", ctx="{'Ar36': 0.03176393982987286}"
20:57:43 -- collecting point 150
testing H1<-5.0
evaluate ot="H1.bs<-5.0" t="H1<-5.0", ctx="{'H1': 0.05189143958452797}"
testing Ar36<0.001
evaluate ot="Ar36.bs_corrected<0.001" t="Ar36<0.001", ctx="{'Ar36': 0.0318739093020566}"
testing H1<-5.0
evaluate ot="H1.bs<-5.0" t="H1<-5.0", ctx="{'H1': 0.05189143958452797}"
testing Ar36<0.001
evaluate ot="Ar36.bs_corrected<0.001" t="Ar36<0.001", ctx="{'Ar36': 0.031755021159908976}"
testing H1<-5.0
evaluate ot="H1.bs<-5.0" t="H1<-5.0", ctx="{'H1': 0.05189143958452797}"
testing Ar36<0.001
evaluate ot="Ar36.bs_corrected<0.001" t="Ar36<0.001", ctx="{'Ar36': 0.03196208517566833}"
no intensity change cnt= 0
signals=[ -0.06049929  16.40706775   3.2037845    0.02709882   0.04020478
   0.03352607]
prev_signals=[ -0.06049929  16.40706775   3.2037845    0.02709882   0.04020478
   0.03352607]
testing H1<-5.0
evaluate ot="H1.bs<-5.0" t="H1<-5.0", ctx="{'H1': 0.05189143958452797}"
testing Ar36<0.001
evaluate ot="Ar36.bs_corrected<0.001" t="Ar36<0.001", ctx="{'Ar36': 0.03216126151345728}"
resetting no_intensity_change_cnt
signals=[ -2.00102838e-02   1.64053527e+01   3.18479836e+00   6.53913571e-03
   3.11903223e-02   2.90756946e-02]
prev_signals=[ -0.06049929  16.40706775   3.2037845    0.02709882   0.04020478
   0.03352607]
testing H1<-5.0
evaluate ot="H1.bs<-5.0" t="H1<-5.0", ctx="{'H1': 0.05189143958452797}"
testing Ar36<0.001
evaluate ot="Ar36.bs_corrected<0.001" t="Ar36<0.001", ctx="{'Ar36': 0.031948572941372384}"
20:58:09 -- collecting point 175
no intensity change cnt= 0
signals=[ -0.33281461  16.41650718   3.08735343   0.03246184   0.04155322
   0.03130088]
prev_signals=[ -0.33281461  16.41650718   3.08735343   0.03246184   0.04155322
   0.03130088]
resetting no_intensity_change_cnt
signals=[ -0.18549115  16.43595604   3.19094708   0.03137561   0.05473417
   0.02670216]
prev_signals=[ -0.33281461  16.41650718   3.08735343   0.03246184   0.04155322
   0.03130088]
testing H1<-5.0
evaluate ot="H1.bs<-5.0" t="H1<-5.0", ctx="{'H1': 0.05189143958452797}"
testing Ar36<0.001
evaluate ot="Ar36.bs_corrected<0.001" t="Ar36<0.001", ctx="{'Ar36': 0.03157456292647691}"
no intensity change cnt= 0
signals=[  0.02983346  16.34095506   3.08927403   0.0164495   -0.01693332
   0.02685051]
prev_signals=[  0.02983346  16.34095506   3.08927403   0.0164495   -0.01693332
   0.02685051]
testing H1<-5.0
evaluate ot="H1.bs<-5.0" t="H1<-5.0", ctx="{'H1': 0.05189143958452797}"
testing Ar36<0.001
evaluate ot="Ar36.bs_corrected<0.001" t="Ar36<0.001", ctx="{'Ar36': 0.03125993272555027}"
resetting no_intensity_change_cnt
signals=[ -0.35390784  16.40916963   3.13232154  -0.02364864   0.05076446
   0.03041081]
prev_signals=[  0.02983346  16.34095506   3.08927403   0.0164495   -0.01693332
   0.02685051]
no intensity change cnt= 0
signals=[ -3.13317222e-01   1.63741733e+01   3.10678360e+00   1.60370165e-02
  -1.82482963e-02   3.15975712e-02]
prev_signals=[ -3.13317222e-01   1.63741733e+01   3.10678360e+00   1.60370165e-02
  -1.82482963e-02   3.15975712e-02]
testing H1<-5.0
evaluate ot="H1.bs<-5.0" t="H1<-5.0", ctx="{'H1': 0.05189143958452797}"
testing Ar36<0.001
evaluate ot="Ar36.bs_corrected<0.001" t="Ar36<0.001", ctx="{'Ar36': 0.03128619822118739}"
resetting no_intensity_change_cnt
signals=[ -0.16485037  16.38620591   3.05345647   0.02599523   0.03547452
   0.02966908]
prev_signals=[ -3.13317222e-01   1.63741733e+01   3.10678360e+00   1.60370165e-02
  -1.82482963e-02   3.15975712e-02]
no intensity change cnt= 0
signals=[ -0.16485037  16.38620591   3.05345647   0.02599523   0.03547452
   0.02966908]
prev_signals=[ -0.16485037  16.38620591   3.05345647   0.02599523   0.03547452
   0.02966908]
resetting no_intensity_change_cnt
signals=[ -2.05333248e-01   1.63423223e+01   3.03478594e+00  -1.20378324e-02
  -5.60856065e-03   3.50095232e-02]
prev_signals=[ -0.16485037  16.38620591   3.05345647   0.02599523   0.03547452
   0.02966908]
no intensity change cnt= 0
signals=[ -0.18172795  16.43896138   3.17842377   0.04381568  -0.02179102
   0.02833397]
prev_signals=[ -0.18172795  16.43896138   3.17842377   0.04381568  -0.02179102
   0.02833397]
testing H1<-5.0
evaluate ot="H1.bs<-5.0" t="H1<-5.0", ctx="{'H1': 0.05189143958452797}"
testing Ar36<0.001
evaluate ot="Ar36.bs_corrected<0.001" t="Ar36<0.001", ctx="{'Ar36': 0.03127340868748231}"
resetting no_intensity_change_cnt
signals=[ -1.30067940e-01   1.64151918e+01   3.08400420e+00   5.12052962e-02
   6.86986974e-03   3.14492255e-02]
prev_signals=[ -0.18172795  16.43896138   3.17842377   0.04381568  -0.02179102
   0.02833397]
no intensity change cnt= 0
signals=[ -2.62120426e-01   1.64062425e+01   3.16303442e+00   6.54705393e-02
  -8.15186404e-03   3.66413269e-02]
prev_signals=[ -2.62120426e-01   1.64062425e+01   3.16303442e+00   6.54705393e-02
  -8.15186404e-03   3.66413269e-02]
resetting no_intensity_change_cnt
signals=[ -0.04247904  16.45780792   3.12185955   0.02395839  -0.01904162
   0.03174592]
prev_signals=[ -2.62120426e-01   1.64062425e+01   3.16303442e+00   6.54705393e-02
  -8.15186404e-03   3.66413269e-02]
testing H1<-5.0
evaluate ot="H1.bs<-5.0" t="H1<-5.0", ctx="{'H1': 0.05189143958452797}"
testing Ar36<0.001
evaluate ot="Ar36.bs_corrected<0.001" t="Ar36<0.001", ctx="{'Ar36': 0.03156241351747881}"
20:58:36 -- collecting point 200
no intensity change cnt= 0
signals=[ -2.13315585e-01   1.64183642e+01   3.14742484e+00   6.09123183e-03
  -3.22771125e-02   3.44161402e-02]
prev_signals=[ -2.13315585e-01   1.64183642e+01   3.14742484e+00   6.09123183e-03
  -3.22771125e-02   3.44161402e-02]
resetting no_intensity_change_cnt
signals=[ -0.21833302  16.51172123   3.10791978   0.0217403    0.01671903
   0.03263599]
prev_signals=[ -2.13315585e-01   1.64183642e+01   3.14742484e+00   6.09123183e-03
  -3.22771125e-02   3.44161402e-02]
testing H1<-5.0
evaluate ot="H1.bs<-5.0" t="H1<-5.0", ctx="{'H1': 0.05189143958452797}"
testing Ar36<0.001
evaluate ot="Ar36.bs_corrected<0.001" t="Ar36<0.001", ctx="{'Ar36': 0.0316307659827917}"
no intensity change cnt= 0
signals=[ -0.09836351  16.48451604   3.1161194    0.03052871   0.13151381
   0.0307075 ]
prev_signals=[ -0.09836351  16.48451604   3.1161194    0.03052871   0.13151381
   0.0307075 ]
resetting no_intensity_change_cnt
signals=[ -0.11991807  16.52895385   3.05535299   0.03015912   0.05594143
   0.03219095]
prev_signals=[ -0.09836351  16.48451604   3.1161194    0.03052871   0.13151381
   0.0307075 ]
no intensity change cnt= 0
signals=[ -2.07727956e-01   1.64034186e+01   3.04980402e+00   7.42066897e-03
   2.91244083e-02   3.29326827e-02]
prev_signals=[ -2.07727956e-01   1.64034186e+01   3.04980402e+00   7.42066897e-03
   2.91244083e-02   3.29326827e-02]
testing H1<-5.0
evaluate ot="H1.bs<-5.0" t="H1<-5.0", ctx="{'H1': 0.05189143958452797}"
testing Ar36<0.001
evaluate ot="Ar36.bs_corrected<0.001" t="Ar36<0.001", ctx="{'Ar36': 0.03171611852245258}"
resetting no_intensity_change_cnt
signals=[ -0.13827899  16.48867123   3.11886057  -0.02974275  -0.02112813
   0.03011411]
prev_signals=[ -2.07727956e-01   1.64034186e+01   3.04980402e+00   7.42066897e-03
   2.91244083e-02   3.29326827e-02]
no intensity change cnt= 0
signals=[ -0.13827899  16.48867123   3.11886057  -0.02974275  -0.02112813
   0.03011411]
prev_signals=[ -0.13827899  16.48867123   3.11886057  -0.02974275  -0.02112813
   0.03011411]
resetting no_intensity_change_cnt
signals=[ -0.23828847  16.47663195   3.01810836   0.02284211   0.10416742
   0.03144923]
prev_signals=[ -0.13827899  16.48867123   3.11886057  -0.02974275  -0.02112813
   0.03011411]
testing H1<-5.0
evaluate ot="H1.bs<-5.0" t="H1<-5.0", ctx="{'H1': 0.05189143958452797}"
testing Ar36<0.001
evaluate ot="Ar36.bs_corrected<0.001" t="Ar36<0.001", ctx="{'Ar36': 0.03151555761623134}"
no intensity change cnt= 0
signals=[ -0.34775094  16.46476172   3.19451937   0.03560755   0.05457103
   0.0271472 ]
prev_signals=[ -0.34775094  16.46476172   3.19451937   0.03560755   0.05457103
   0.0271472 ]
resetting no_intensity_change_cnt
signals=[ -0.17043825  16.49917605   2.98643863   0.03873269   0.1185518
   0.02818562]
prev_signals=[ -0.34775094  16.46476172   3.19451937   0.03560755   0.05457103
   0.0271472 ]
testing H1<-5.0
evaluate ot="H1.bs<-5.0" t="H1<-5.0", ctx="{'H1': 0.05189143958452797}"
testing Ar36<0.001
evaluate ot="Ar36.bs_corrected<0.001" t="Ar36<0.001", ctx="{'Ar36': 0.03139184372202356}"
testing H1<-5.0
evaluate ot="H1.bs<-5.0" t="H1<-5.0", ctx="{'H1': 0.05189143958452797}"
testing Ar36<0.001
evaluate ot="Ar36.bs_corrected<0.001" t="Ar36<0.001", ctx="{'Ar36': 0.03120407286871017}"
20:59:02 -- collecting point 225
testing H1<-5.0
evaluate ot="H1.bs<-5.0" t="H1<-5.0", ctx="{'H1': 0.05189143958452797}"
testing Ar36<0.001
evaluate ot="Ar36.bs_corrected<0.001" t="Ar36<0.001", ctx="{'Ar36': 0.031171107180492843}"
testing H1<-5.0
evaluate ot="H1.bs<-5.0" t="H1<-5.0", ctx="{'H1': 0.05189143958452797}"
testing Ar36<0.001
evaluate ot="Ar36.bs_corrected<0.001" t="Ar36<0.001", ctx="{'Ar36': 0.031133411639518587}"
testing H1<-5.0
evaluate ot="H1.bs<-5.0" t="H1<-5.0", ctx="{'H1': 0.05189143958452797}"
testing Ar36<0.001
evaluate ot="Ar36.bs_corrected<0.001" t="Ar36<0.001", ctx="{'Ar36': 0.031099833983404147}"
testing H1<-5.0
evaluate ot="H1.bs<-5.0" t="H1<-5.0", ctx="{'H1': 0.05189143958452797}"
testing Ar36<0.001
evaluate ot="Ar36.bs_corrected<0.001" t="Ar36<0.001", ctx="{'Ar36': 0.03113301302454018}"
testing H1<-5.0
evaluate ot="H1.bs<-5.0" t="H1<-5.0", ctx="{'H1': 0.05189143958452797}"
testing Ar36<0.001
evaluate ot="Ar36.bs_corrected<0.001" t="Ar36<0.001", ctx="{'Ar36': 0.03108880297157761}"
20:59:28 -- collecting point 250
testing H1<-5.0
evaluate ot="H1.bs<-5.0" t="H1<-5.0", ctx="{'H1': 0.05189143958452797}"
testing Ar36<0.001
evaluate ot="Ar36.bs_corrected<0.001" t="Ar36<0.001", ctx="{'Ar36': 0.030974821611377153}"
testing H1<-5.0
evaluate ot="H1.bs<-5.0" t="H1<-5.0", ctx="{'H1': 0.05189143958452797}"
testing Ar36<0.001
evaluate ot="Ar36.bs_corrected<0.001" t="Ar36<0.001", ctx="{'Ar36': 0.03078514977791508}"
testing H1<-5.0
evaluate ot="H1.bs<-5.0" t="H1<-5.0", ctx="{'H1': 0.05189143958452797}"
testing Ar36<0.001
evaluate ot="Ar36.bs_corrected<0.001" t="Ar36<0.001", ctx="{'Ar36': 0.030714108195946655}"
testing H1<-5.0
evaluate ot="H1.bs<-5.0" t="H1<-5.0", ctx="{'H1': 0.05189143958452797}"
testing Ar36<0.001
evaluate ot="Ar36.bs_corrected<0.001" t="Ar36<0.001", ctx="{'Ar36': 0.03064255658199631}"
testing H1<-5.0
evaluate ot="H1.bs<-5.0" t="H1<-5.0", ctx="{'H1': 0.05189143958452797}"
testing Ar36<0.001
evaluate ot="Ar36.bs_corrected<0.001" t="Ar36<0.001", ctx="{'Ar36': 0.03058930396300179}"
20:59:55 -- collecting point 275
testing H1<-5.0
evaluate ot="H1.bs<-5.0" t="H1<-5.0", ctx="{'H1': 0.05189143958452797}"
testing Ar36<0.001
evaluate ot="Ar36.bs_corrected<0.001" t="Ar36<0.001", ctx="{'Ar36': 0.03075277588361104}"
testing H1<-5.0
evaluate ot="H1.bs<-5.0" t="H1<-5.0", ctx="{'H1': 0.05189143958452797}"
testing Ar36<0.001
evaluate ot="Ar36.bs_corrected<0.001" t="Ar36<0.001", ctx="{'Ar36': 0.030696331664226455}"
testing H1<-5.0
evaluate ot="H1.bs<-5.0" t="H1<-5.0", ctx="{'H1': 0.05189143958452797}"
testing Ar36<0.001
evaluate ot="Ar36.bs_corrected<0.001" t="Ar36<0.001", ctx="{'Ar36': 0.03073255249184826}"
testing H1<-5.0
evaluate ot="H1.bs<-5.0" t="H1<-5.0", ctx="{'H1': 0.05189143958452797}"
testing Ar36<0.001
evaluate ot="Ar36.bs_corrected<0.001" t="Ar36<0.001", ctx="{'Ar36': 0.030802513359622898}"
testing H1<-5.0
evaluate ot="H1.bs<-5.0" t="H1<-5.0", ctx="{'H1': 0.05189143958452797}"
testing Ar36<0.001
evaluate ot="Ar36.bs_corrected<0.001" t="Ar36<0.001", ctx="{'Ar36': 0.030781741131142897}"
21:00:21 -- collecting point 300
testing H1<-5.0
evaluate ot="H1.bs<-5.0" t="H1<-5.0", ctx="{'H1': 0.05189143958452797}"
testing Ar36<0.001
evaluate ot="Ar36.bs_corrected<0.001" t="Ar36<0.001", ctx="{'Ar36': 0.03085366039712438}"
testing H1<-5.0
evaluate ot="H1.bs<-5.0" t="H1<-5.0", ctx="{'H1': 0.05189143958452797}"
testing Ar36<0.001
evaluate ot="Ar36.bs_corrected<0.001" t="Ar36<0.001", ctx="{'Ar36': 0.030811059170508664}"
testing H1<-5.0
evaluate ot="H1.bs<-5.0" t="H1<-5.0", ctx="{'H1': 0.05189143958452797}"
testing Ar36<0.001
evaluate ot="Ar36.bs_corrected<0.001" t="Ar36<0.001", ctx="{'Ar36': 0.03086543306321292}"
testing H1<-5.0
evaluate ot="H1.bs<-5.0" t="H1<-5.0", ctx="{'H1': 0.05189143958452797}"
testing Ar36<0.001
evaluate ot="Ar36.bs_corrected<0.001" t="Ar36<0.001", ctx="{'Ar36': 0.030863017888113825}"
testing H1<-5.0
evaluate ot="H1.bs<-5.0" t="H1<-5.0", ctx="{'H1': 0.05189143958452797}"
testing Ar36<0.001
evaluate ot="Ar36.bs_corrected<0.001" t="Ar36<0.001", ctx="{'Ar36': 0.03086549994512571}"
21:00:47 -- collecting point 325
testing H1<-5.0
evaluate ot="H1.bs<-5.0" t="H1<-5.0", ctx="{'H1': 0.05189143958452797}"
testing Ar36<0.001
evaluate ot="Ar36.bs_corrected<0.001" t="Ar36<0.001", ctx="{'Ar36': 0.030832125991793132}"
testing H1<-5.0
evaluate ot="H1.bs<-5.0" t="H1<-5.0", ctx="{'H1': 0.05189143958452797}"
testing Ar36<0.001
evaluate ot="Ar36.bs_corrected<0.001" t="Ar36<0.001", ctx="{'Ar36': 0.030800465626330546}"
testing H1<-5.0
evaluate ot="H1.bs<-5.0" t="H1<-5.0", ctx="{'H1': 0.05189143958452797}"
testing Ar36<0.001
evaluate ot="Ar36.bs_corrected<0.001" t="Ar36<0.001", ctx="{'Ar36': 0.030759251759501564}"
testing H1<-5.0
evaluate ot="H1.bs<-5.0" t="H1<-5.0", ctx="{'H1': 0.05189143958452797}"
testing Ar36<0.001
evaluate ot="Ar36.bs_corrected<0.001" t="Ar36<0.001", ctx="{'Ar36': 0.030744450264576034}"
testing H1<-5.0
evaluate ot="H1.bs<-5.0" t="H1<-5.0", ctx="{'H1': 0.05189143958452797}"
testing Ar36<0.001
evaluate ot="Ar36.bs_corrected<0.001" t="Ar36<0.001", ctx="{'Ar36': 0.030750871074809585}"
21:01:14 -- collecting point 350
testing H1<-5.0
evaluate ot="H1.bs<-5.0" t="H1<-5.0", ctx="{'H1': 0.05189143958452797}"
testing Ar36<0.001
evaluate ot="Ar36.bs_corrected<0.001" t="Ar36<0.001", ctx="{'Ar36': 0.030799383277860404}"
testing H1<-5.0
evaluate ot="H1.bs<-5.0" t="H1<-5.0", ctx="{'H1': 0.05189143958452797}"
testing Ar36<0.001
evaluate ot="Ar36.bs_corrected<0.001" t="Ar36<0.001", ctx="{'Ar36': 0.03092186536704399}"
testing H1<-5.0
evaluate ot="H1.bs<-5.0" t="H1<-5.0", ctx="{'H1': 0.05189143958452797}"
testing Ar36<0.001
evaluate ot="Ar36.bs_corrected<0.001" t="Ar36<0.001", ctx="{'Ar36': 0.03080132575262548}"
testing H1<-5.0
evaluate ot="H1.bs<-5.0" t="H1<-5.0", ctx="{'H1': 0.05189143958452797}"
testing Ar36<0.001
evaluate ot="Ar36.bs_corrected<0.001" t="Ar36<0.001", ctx="{'Ar36': 0.03079502510815019}"
testing H1<-5.0
evaluate ot="H1.bs<-5.0" t="H1<-5.0", ctx="{'H1': 0.05189143958452797}"
testing Ar36<0.001
evaluate ot="Ar36.bs_corrected<0.001" t="Ar36<0.001", ctx="{'Ar36': 0.030788511957724137}"
21:01:40 -- collecting point 375
testing H1<-5.0
evaluate ot="H1.bs<-5.0" t="H1<-5.0", ctx="{'H1': 0.05189143958452797}"
testing Ar36<0.001
evaluate ot="Ar36.bs_corrected<0.001" t="Ar36<0.001", ctx="{'Ar36': 0.03073685996892031}"
testing H1<-5.0
evaluate ot="H1.bs<-5.0" t="H1<-5.0", ctx="{'H1': 0.05189143958452797}"
testing Ar36<0.001
evaluate ot="Ar36.bs_corrected<0.001" t="Ar36<0.001", ctx="{'Ar36': 0.030671689786953314}"
testing H1<-5.0
evaluate ot="H1.bs<-5.0" t="H1<-5.0", ctx="{'H1': 0.05189143958452797}"
testing Ar36<0.001
evaluate ot="Ar36.bs_corrected<0.001" t="Ar36<0.001", ctx="{'Ar36': 0.03068650541442338}"
testing H1<-5.0
evaluate ot="H1.bs<-5.0" t="H1<-5.0", ctx="{'H1': 0.05189143958452797}"
testing Ar36<0.001
evaluate ot="Ar36.bs_corrected<0.001" t="Ar36<0.001", ctx="{'Ar36': 0.030611907720765438}"
testing H1<-5.0
evaluate ot="H1.bs<-5.0" t="H1<-5.0", ctx="{'H1': 0.05189143958452797}"
testing Ar36<0.001
evaluate ot="Ar36.bs_corrected<0.001" t="Ar36<0.001", ctx="{'Ar36': 0.03060979948267119}"
21:02:06 -- collecting point 400
waiting for write to finish
measurement finished
estimated time: 419.430 actual time: :421.454
flush and close file /Users/jan/Pychron/data/isotopes/0f/31ad44-4fa2-4eb3-9121-084d3edb1d16.h5
baselines () {'settling_time': 15.0, 'detector': 'H1', 'mass': 34.2, 'ncounts': 120}
%%%%%%%%%%%%%%%%%%%%%%%%%%%%%%%% Baseline
build tables- baseline [Detector(H2), Detector(H1), Detector(AX), Detector(L1), Detector(L2), Detector(CDD)]
add group baseline table H2
add group baseline table H1
add group baseline table AX
add group baseline table L1
add group baseline table L2
add group baseline table CDD
flush and close file /Users/jan/Pychron/data/isotopes/0f/31ad44-4fa2-4eb3-9121-084d3edb1d16.h5
detector Detector(H1)
POSITION 34.2 H1
Mapping mass to dac mass func: "parabolic"
H1 map mass coeffs = [ -3.11428344e-04   1.33794662e-01   1.03019323e+00]
H1 map mass to dac 34.2 >> 5.24171160773
GetDeflection H1 ===>> 0
GetHighVoltage ===>> 4500
positioning 34.2 (5.24171160773) on H1
setting magnet DAC
current  : 5.879600
requested: 5.241712
Delta Dac: 0.637888
Checking detector protection. dv=0.63789
Checking detector "CDD". Protection Threshold: 0.5 (V)
ProtectDetector CDD,On ===>> OK
GetDeflection CDD ===>> 2000
Protected = 2000
AF Demag not enabled. self.use_af_demag=False, use_af_demag=False
SetMagnetDAC 5.24171160773 ===>> OK
Magnet settling time: 0.500 0.500
Magnet settling complete
Wait for magnet to stop moving
GetMagnetMoving ===>> True
GetMagnetMoving ===>> True
GetMagnetMoving ===>> True
GetMagnetMoving ===>> True
GetMagnetMoving ===>> True
GetMagnetMoving ===>> True
GetMagnetMoving ===>> True
GetMagnetMoving ===>> True
GetMagnetMoving ===>> True
GetMagnetMoving ===>> False
Magnet move complete
Unprotect detectors
ProtectDetector CDD,Off ===>> OK
GetDeflection CDD ===>> 50
set_dac. change=True
Delaying 15.0s for detectors to settle
Join finished
measuring baseline. ncounts=120
"baseline" increment series count="2" fit count="1" regressing="True"
starting measurement
measurement period (ms) = 1048.576
testing H1<-5.0
evaluate ot="H1.bs<-5.0" t="H1<-5.0", ctx="{'H1': 0.031127586964030497}"
testing H1<-5.0
evaluate ot="H1.bs<-5.0" t="H1<-5.0", ctx="{'H1': 0.06649573855759885}"
testing H1<-5.0
evaluate ot="H1.bs<-5.0" t="H1<-5.0", ctx="{'H1': 0.053777634014407015}"
testing H1<-5.0
evaluate ot="H1.bs<-5.0" t="H1<-5.0", ctx="{'H1': 0.06279746137375956}"
testing H1<-5.0
evaluate ot="H1.bs<-5.0" t="H1<-5.0", ctx="{'H1': 0.05724147732085375}"
21:02:52 -- collecting point 25
testing H1<-5.0
evaluate ot="H1.bs<-5.0" t="H1<-5.0", ctx="{'H1': 0.0529933537814169}"
testing H1<-5.0
evaluate ot="H1.bs<-5.0" t="H1<-5.0", ctx="{'H1': 0.051407169499219356}"
testing H1<-5.0
evaluate ot="H1.bs<-5.0" t="H1<-5.0", ctx="{'H1': 0.051123886719243054}"
testing H1<-5.0
evaluate ot="H1.bs<-5.0" t="H1<-5.0", ctx="{'H1': 0.05371009977064712}"
testing H1<-5.0
evaluate ot="H1.bs<-5.0" t="H1<-5.0", ctx="{'H1': 0.04956629675046328}"
21:03:18 -- collecting point 50
testing H1<-5.0
evaluate ot="H1.bs<-5.0" t="H1<-5.0", ctx="{'H1': 0.04788143767403807}"
testing H1<-5.0
evaluate ot="H1.bs<-5.0" t="H1<-5.0", ctx="{'H1': 0.052214784059755756}"
testing H1<-5.0
evaluate ot="H1.bs<-5.0" t="H1<-5.0", ctx="{'H1': 0.05478864716558793}"
testing H1<-5.0
evaluate ot="H1.bs<-5.0" t="H1<-5.0", ctx="{'H1': 0.053214224311803004}"
testing H1<-5.0
evaluate ot="H1.bs<-5.0" t="H1<-5.0", ctx="{'H1': 0.05371118803744619}"
21:03:44 -- collecting point 75
testing H1<-5.0
evaluate ot="H1.bs<-5.0" t="H1<-5.0", ctx="{'H1': 0.05476968489083256}"
testing Ar36<0.001
evaluate ot="Ar36.bs_corrected<0.001" t="Ar36<0.001", ctx="{'Ar36': 0.03057863759978919}"
testing H1<-5.0
evaluate ot="H1.bs<-5.0" t="H1<-5.0", ctx="{'H1': 0.053180375805323234}"
testing Ar36<0.001
evaluate ot="Ar36.bs_corrected<0.001" t="Ar36<0.001", ctx="{'Ar36': 0.03057832463543497}"
testing H1<-5.0
evaluate ot="H1.bs<-5.0" t="H1<-5.0", ctx="{'H1': 0.05418129389013987}"
testing Ar36<0.001
evaluate ot="Ar36.bs_corrected<0.001" t="Ar36<0.001", ctx="{'Ar36': 0.03057638003668336}"
testing H1<-5.0
evaluate ot="H1.bs<-5.0" t="H1<-5.0", ctx="{'H1': 0.053768540429487935}"
testing Ar36<0.001
evaluate ot="Ar36.bs_corrected<0.001" t="Ar36<0.001", ctx="{'Ar36': 0.030577798588967243}"
testing H1<-5.0
evaluate ot="H1.bs<-5.0" t="H1<-5.0", ctx="{'H1': 0.050546289831699495}"
testing Ar36<0.001
evaluate ot="Ar36.bs_corrected<0.001" t="Ar36<0.001", ctx="{'Ar36': 0.03057907385314164}"
21:04:11 -- collecting point 100
testing H1<-5.0
evaluate ot="H1.bs<-5.0" t="H1<-5.0", ctx="{'H1': 0.05334160931539386}"
testing Ar36<0.001
evaluate ot="Ar36.bs_corrected<0.001" t="Ar36<0.001", ctx="{'Ar36': 0.03058022649576081}"
testing H1<-5.0
evaluate ot="H1.bs<-5.0" t="H1<-5.0", ctx="{'H1': 0.052121965022059485}"
testing Ar36<0.001
evaluate ot="Ar36.bs_corrected<0.001" t="Ar36<0.001", ctx="{'Ar36': 0.030581273391350694}"
testing H1<-5.0
evaluate ot="H1.bs<-5.0" t="H1<-5.0", ctx="{'H1': 0.05335640057056542}"
testing Ar36<0.001
evaluate ot="Ar36.bs_corrected<0.001" t="Ar36<0.001", ctx="{'Ar36': 0.0305822284539941}"
testing H1<-5.0
evaluate ot="H1.bs<-5.0" t="H1<-5.0", ctx="{'H1': 0.052828102731939865}"
testing Ar36<0.001
evaluate ot="Ar36.bs_corrected<0.001" t="Ar36<0.001", ctx="{'Ar36': 0.030583103259272514}"
waiting for write to finish
measurement finished
estimated time: 125.829 actual time: :126.537
flush and close file /Users/jan/Pychron/data/isotopes/0f/31ad44-4fa2-4eb3-9121-084d3edb1d16.h5
activate_detectors ('H1', 'AX', 'L2', 'CDD') {'peak_center': True}
peak_center () {'detector': 'H1', 'integration_time': 0.262144, 'isotope': 'Ar40'}
peak center: mean=16.5539619487 threshold=5.0
peak center started
setup peak center. detector=['H1', 'AX', 'L2', 'CDD'], isotope=Ar40
VersionedUnpickler [<apptools.sweet_pickle.versioned_unpickler.VersionedUnpickler object at 0x174c0c3b0>] using Updater [<apptools.sweet_pickle.updater.Updater object at 0x13737d290>]
VersionedUnpickler [<apptools.sweet_pickle.versioned_unpickler.VersionedUnpickler object at 0x174c0c3b0>] using Updater [<apptools.sweet_pickle.updater.Updater object at 0x13737d290>]
VersionedUnpickler [<apptools.sweet_pickle.versioned_unpickler.VersionedUnpickler object at 0x15527f0b0>] using Updater [<apptools.sweet_pickle.updater.Updater object at 0x13737d290>]
Mapping mass to dac mass func: "parabolic"
H1 map mass coeffs = [ -3.11428344e-04   1.33794662e-01   1.03019323e+00]
H1 map mass to dac 39.9624 >> 5.8796
GetDeflection H1 ===>> 0
GetHighVoltage ===>> 4500
do peak center. <pychron.spectrometer.jobs.peak_center.PeakCenter object at 0x13737d2f0>
doing pc
starting peak center. center dac= 5.8796 step_width=0.001
width = 0.001
get scan parameters. half-width=0.015,window=0.015, i=0, scalar=1
Scan parameters center=5.87960 width=0.03000 (5.86460 - 5.89460)
Moving to starting dac 5.8646
setting magnet DAC
current  : 5.241712
requested: 5.864600
Delta Dac: 0.622888
Checking detector protection. dv=0.62289
Checking detector "CDD". Protection Threshold: 0.5 (V)
ProtectDetector CDD,On ===>> OK
GetDeflection CDD ===>> 2000
Protected = 2000
AF Demag not enabled. self.use_af_demag=False, use_af_demag=True
SetMagnetDAC 5.8646 ===>> OK
Magnet settling time: 0.500 0.500
Magnet settling complete
Wait for magnet to stop moving
GetMagnetMoving ===>> True
GetMagnetMoving ===>> True
GetMagnetMoving ===>> True
GetMagnetMoving ===>> True
GetMagnetMoving ===>> True
GetMagnetMoving ===>> True
GetMagnetMoving ===>> True
GetMagnetMoving ===>> True
GetMagnetMoving ===>> True
GetMagnetMoving ===>> False
Magnet move complete
Unprotect detectors
ProtectDetector CDD,Off ===>> OK
GetDeflection CDD ===>> 50
set_dac. change=True
Wait until signal near baseline. tol= 0.035420510516. timeout= 10
no intensity change cnt= 0
signals=[ 1.30687618  0.30303462  0.14544834  0.0190802  -0.07167883  0.        ]
prev_signals=[ 1.30687618  0.30303462  0.14544834  0.0190802  -0.07167883  0.        ]
resetting no_intensity_change_cnt
signals=[-0.13599815  0.41133249  0.04044168 -0.06576768 -0.15119377  0.        ]
prev_signals=[ 1.30687618  0.30303462  0.14544834  0.0190802  -0.07167883  0.        ]
no intensity change cnt= 0
signals=[-0.13599815  0.41133249  0.04044168 -0.06576768 -0.15119377  0.        ]
prev_signals=[-0.13599815  0.41133249  0.04044168 -0.06576768 -0.15119377  0.        ]
no intensity change cnt= 1
signals=[-0.13599815  0.41133249  0.04044168 -0.06576768 -0.15119377  0.        ]
prev_signals=[-0.13599815  0.41133249  0.04044168 -0.06576768 -0.15119377  0.        ]
resetting no_intensity_change_cnt
signals=[-0.03574987  0.19581033  0.05164054 -0.05318899 -0.01309697  0.        ]
prev_signals=[-0.13599815  0.41133249  0.04044168 -0.06576768 -0.15119377  0.        ]
no intensity change cnt= 0
signals=[-0.03574987  0.19581033  0.05164054 -0.05318899 -0.01309697  0.        ]
prev_signals=[-0.03574987  0.19581033  0.05164054 -0.05318899 -0.01309697  0.        ]
resetting no_intensity_change_cnt
signals=[-0.17853492  0.08090157 -0.00455352 -0.03404659 -0.0962216   0.        ]
prev_signals=[-0.03574987  0.19581033  0.05164054 -0.05318899 -0.01309697  0.        ]
no intensity change cnt= 0
signals=[-0.17853492  0.08090157 -0.00455352 -0.03404659 -0.0962216   0.        ]
prev_signals=[-0.17853492  0.08090157 -0.00455352 -0.03404659 -0.0962216   0.        ]
resetting no_intensity_change_cnt
signals=[-0.09938993  0.06076007  0.0284586  -0.0082075   0.02249205  0.        ]
prev_signals=[-0.17853492  0.08090157 -0.00455352 -0.03404659 -0.0962216   0.        ]
no intensity change cnt= 0
signals=[-0.09938993  0.06076007  0.0284586  -0.0082075   0.02249205  0.        ]
prev_signals=[-0.09938993  0.06076007  0.0284586  -0.0082075   0.02249205  0.        ]
resetting no_intensity_change_cnt
signals=[ 0.08059234  0.04466409  0.03586279 -0.036804   -0.02296465  0.        ]
prev_signals=[-0.09938993  0.06076007  0.0284586  -0.0082075   0.02249205  0.        ]
no intensity change cnt= 0
signals=[ 0.08059234  0.04466409  0.03586279 -0.036804   -0.02296465  0.        ]
prev_signals=[ 0.08059234  0.04466409  0.03586279 -0.036804   -0.02296465  0.        ]
resetting no_intensity_change_cnt
signals=[-0.24284965  0.02954815  0.08391418 -0.03423203 -0.00448905  0.        ]
prev_signals=[ 0.08059234  0.04466409  0.03586279 -0.036804   -0.02296465  0.        ]
Peak center baseline intensity achieved
_do_sweep sm= 5.8646, em= 5.8946, stm= 0.001
calculated step values: start=5.8646, end=5.8946, width=0.001, nsteps=31.0
setting magnet DAC
current  : 5.864600
requested: 5.864600
Delta Dac: 0.000000
Checking detector protection. dv=0.00000
Checking detector "CDD". Protection Threshold: 0.5 (V)
AF Demag not enabled. self.use_af_demag=False, use_af_demag=True
SetMagnetDAC 5.8646 ===>> OK
set_dac. change=False
no intensity change cnt= 0
signals=[-0.24284965  0.02954815  0.08391418 -0.03423203 -0.00448905  0.        ]
prev_signals=[-0.24284965  0.02954815  0.08391418 -0.03423203 -0.00448905  0.        ]
setting magnet DAC
current  : 5.864600
requested: 5.865634
Delta Dac: 0.001034
Checking detector protection. dv=0.00103
Checking detector "CDD". Protection Threshold: 0.5 (V)
AF Demag not enabled. self.use_af_demag=False, use_af_demag=True
SetMagnetDAC 5.86563448276 ===>> OK
Magnet settling time: 2.097 0.500
Magnet settling complete
set_dac. change=True
resetting no_intensity_change_cnt
signals=[-0.28720606  0.03597333  0.0518595  -0.03797883  0.00406534  0.        ]
prev_signals=[-0.24284965  0.02954815  0.08391418 -0.03423203 -0.00448905  0.        ]
setting magnet DAC
current  : 5.865634
requested: 5.866669
Delta Dac: 0.001034
Checking detector protection. dv=0.00103
Checking detector "CDD". Protection Threshold: 0.5 (V)
AF Demag not enabled. self.use_af_demag=False, use_af_demag=True
SetMagnetDAC 5.86666896552 ===>> OK
Magnet settling time: 2.097 0.500
Magnet settling complete
set_dac. change=True
setting magnet DAC
current  : 5.866669
requested: 5.867703
Delta Dac: 0.001034
Checking detector protection. dv=0.00103
Checking detector "CDD". Protection Threshold: 0.5 (V)
AF Demag not enabled. self.use_af_demag=False, use_af_demag=True
SetMagnetDAC 5.86770344828 ===>> OK
Magnet settling time: 2.097 0.500
Magnet settling complete
set_dac. change=True
setting magnet DAC
current  : 5.867703
requested: 5.868738
Delta Dac: 0.001034
Checking detector protection. dv=0.00103
Checking detector "CDD". Protection Threshold: 0.5 (V)
AF Demag not enabled. self.use_af_demag=False, use_af_demag=True
SetMagnetDAC 5.86873793103 ===>> OK
Magnet settling time: 2.097 0.500
Magnet settling complete
set_dac. change=True
setting magnet DAC
current  : 5.868738
requested: 5.869772
Delta Dac: 0.001034
Checking detector protection. dv=0.00103
Checking detector "CDD". Protection Threshold: 0.5 (V)
AF Demag not enabled. self.use_af_demag=False, use_af_demag=True
SetMagnetDAC 5.86977241379 ===>> OK
Magnet settling time: 2.097 0.500
Magnet settling complete
set_dac. change=True
setting magnet DAC
current  : 5.869772
requested: 5.870807
Delta Dac: 0.001034
Checking detector protection. dv=0.00103
Checking detector "CDD". Protection Threshold: 0.5 (V)
AF Demag not enabled. self.use_af_demag=False, use_af_demag=True
SetMagnetDAC 5.87080689655 ===>> OK
Magnet settling time: 2.097 0.500
Magnet settling complete
set_dac. change=True
setting magnet DAC
current  : 5.870807
requested: 5.871841
Delta Dac: 0.001034
Checking detector protection. dv=0.00103
Checking detector "CDD". Protection Threshold: 0.5 (V)
AF Demag not enabled. self.use_af_demag=False, use_af_demag=True
SetMagnetDAC 5.87184137931 ===>> OK
Magnet settling time: 2.097 0.500
Magnet settling complete
set_dac. change=True
setting magnet DAC
current  : 5.871841
requested: 5.872876
Delta Dac: 0.001034
Checking detector protection. dv=0.00103
Checking detector "CDD". Protection Threshold: 0.5 (V)
AF Demag not enabled. self.use_af_demag=False, use_af_demag=True
SetMagnetDAC 5.87287586207 ===>> OK
Magnet settling time: 2.097 0.500
Magnet settling complete
set_dac. change=True
setting magnet DAC
current  : 5.872876
requested: 5.873910
Delta Dac: 0.001034
Checking detector protection. dv=0.00103
Checking detector "CDD". Protection Threshold: 0.5 (V)
AF Demag not enabled. self.use_af_demag=False, use_af_demag=True
SetMagnetDAC 5.87391034483 ===>> OK
Magnet settling time: 2.097 0.500
Magnet settling complete
set_dac. change=True
setting magnet DAC
current  : 5.873910
requested: 5.874945
Delta Dac: 0.001034
Checking detector protection. dv=0.00103
Checking detector "CDD". Protection Threshold: 0.5 (V)
AF Demag not enabled. self.use_af_demag=False, use_af_demag=True
SetMagnetDAC 5.87494482759 ===>> OK
Magnet settling time: 2.097 0.500
Magnet settling complete
set_dac. change=True
setting magnet DAC
current  : 5.874945
requested: 5.875979
Delta Dac: 0.001034
Checking detector protection. dv=0.00103
Checking detector "CDD". Protection Threshold: 0.5 (V)
AF Demag not enabled. self.use_af_demag=False, use_af_demag=True
SetMagnetDAC 5.87597931034 ===>> OK
Magnet settling time: 2.097 0.500
Magnet settling complete
set_dac. change=True
setting magnet DAC
current  : 5.875979
requested: 5.877014
Delta Dac: 0.001034
Checking detector protection. dv=0.00103
Checking detector "CDD". Protection Threshold: 0.5 (V)
AF Demag not enabled. self.use_af_demag=False, use_af_demag=True
SetMagnetDAC 5.8770137931 ===>> OK
Magnet settling time: 2.097 0.500
Magnet settling complete
set_dac. change=True
setting magnet DAC
current  : 5.877014
requested: 5.878048
Delta Dac: 0.001034
Checking detector protection. dv=0.00103
Checking detector "CDD". Protection Threshold: 0.5 (V)
AF Demag not enabled. self.use_af_demag=False, use_af_demag=True
SetMagnetDAC 5.87804827586 ===>> OK
Magnet settling time: 2.097 0.500
Magnet settling complete
set_dac. change=True
setting magnet DAC
current  : 5.878048
requested: 5.879083
Delta Dac: 0.001034
Checking detector protection. dv=0.00103
Checking detector "CDD". Protection Threshold: 0.5 (V)
AF Demag not enabled. self.use_af_demag=False, use_af_demag=True
SetMagnetDAC 5.87908275862 ===>> OK
Magnet settling time: 2.097 0.500
Magnet settling complete
set_dac. change=True
setting magnet DAC
current  : 5.879083
requested: 5.880117
Delta Dac: 0.001034
Checking detector protection. dv=0.00103
Checking detector "CDD". Protection Threshold: 0.5 (V)
AF Demag not enabled. self.use_af_demag=False, use_af_demag=True
SetMagnetDAC 5.88011724138 ===>> OK
Magnet settling time: 2.097 0.500
Magnet settling complete
set_dac. change=True
setting magnet DAC
current  : 5.880117
requested: 5.881152
Delta Dac: 0.001034
Checking detector protection. dv=0.00103
Checking detector "CDD". Protection Threshold: 0.5 (V)
AF Demag not enabled. self.use_af_demag=False, use_af_demag=True
SetMagnetDAC 5.88115172414 ===>> OK
Magnet settling time: 2.097 0.500
Magnet settling complete
set_dac. change=True
setting magnet DAC
current  : 5.881152
requested: 5.882186
Delta Dac: 0.001034
Checking detector protection. dv=0.00103
Checking detector "CDD". Protection Threshold: 0.5 (V)
AF Demag not enabled. self.use_af_demag=False, use_af_demag=True
SetMagnetDAC 5.8821862069 ===>> OK
Magnet settling time: 2.097 0.500
Magnet settling complete
set_dac. change=True
setting magnet DAC
current  : 5.882186
requested: 5.883221
Delta Dac: 0.001034
Checking detector protection. dv=0.00103
Checking detector "CDD". Protection Threshold: 0.5 (V)
AF Demag not enabled. self.use_af_demag=False, use_af_demag=True
SetMagnetDAC 5.88322068966 ===>> OK
Magnet settling time: 2.097 0.500
Magnet settling complete
set_dac. change=True
setting magnet DAC
current  : 5.883221
requested: 5.884255
Delta Dac: 0.001034
Checking detector protection. dv=0.00103
Checking detector "CDD". Protection Threshold: 0.5 (V)
AF Demag not enabled. self.use_af_demag=False, use_af_demag=True
SetMagnetDAC 5.88425517241 ===>> OK
Magnet settling time: 2.097 0.500
Magnet settling complete
set_dac. change=True
setting magnet DAC
current  : 5.884255
requested: 5.885290
Delta Dac: 0.001034
Checking detector protection. dv=0.00103
Checking detector "CDD". Protection Threshold: 0.5 (V)
AF Demag not enabled. self.use_af_demag=False, use_af_demag=True
SetMagnetDAC 5.88528965517 ===>> OK
Magnet settling time: 2.097 0.500
Magnet settling complete
set_dac. change=True
setting magnet DAC
current  : 5.885290
requested: 5.886324
Delta Dac: 0.001034
Checking detector protection. dv=0.00103
Checking detector "CDD". Protection Threshold: 0.5 (V)
AF Demag not enabled. self.use_af_demag=False, use_af_demag=True
SetMagnetDAC 5.88632413793 ===>> OK
Magnet settling time: 2.097 0.500
Magnet settling complete
set_dac. change=True
setting magnet DAC
current  : 5.886324
requested: 5.887359
Delta Dac: 0.001034
Checking detector protection. dv=0.00103
Checking detector "CDD". Protection Threshold: 0.5 (V)
AF Demag not enabled. self.use_af_demag=False, use_af_demag=True
SetMagnetDAC 5.88735862069 ===>> OK
Magnet settling time: 2.097 0.500
Magnet settling complete
set_dac. change=True
setting magnet DAC
current  : 5.887359
requested: 5.888393
Delta Dac: 0.001034
Checking detector protection. dv=0.00103
Checking detector "CDD". Protection Threshold: 0.5 (V)
AF Demag not enabled. self.use_af_demag=False, use_af_demag=True
SetMagnetDAC 5.88839310345 ===>> OK
Magnet settling time: 2.097 0.500
Magnet settling complete
set_dac. change=True
setting magnet DAC
current  : 5.888393
requested: 5.889428
Delta Dac: 0.001034
Checking detector protection. dv=0.00103
Checking detector "CDD". Protection Threshold: 0.5 (V)
AF Demag not enabled. self.use_af_demag=False, use_af_demag=True
SetMagnetDAC 5.88942758621 ===>> OK
Magnet settling time: 2.097 0.500
Magnet settling complete
set_dac. change=True
setting magnet DAC
current  : 5.889428
requested: 5.890462
Delta Dac: 0.001034
Checking detector protection. dv=0.00103
Checking detector "CDD". Protection Threshold: 0.5 (V)
AF Demag not enabled. self.use_af_demag=False, use_af_demag=True
SetMagnetDAC 5.89046206897 ===>> OK
Magnet settling time: 2.097 0.500
Magnet settling complete
set_dac. change=True
setting magnet DAC
current  : 5.890462
requested: 5.891497
Delta Dac: 0.001034
Checking detector protection. dv=0.00103
Checking detector "CDD". Protection Threshold: 0.5 (V)
AF Demag not enabled. self.use_af_demag=False, use_af_demag=True
SetMagnetDAC 5.89149655172 ===>> OK
Magnet settling time: 2.097 0.500
Magnet settling complete
set_dac. change=True
setting magnet DAC
current  : 5.891497
requested: 5.892531
Delta Dac: 0.001034
Checking detector protection. dv=0.00103
Checking detector "CDD". Protection Threshold: 0.5 (V)
AF Demag not enabled. self.use_af_demag=False, use_af_demag=True
SetMagnetDAC 5.89253103448 ===>> OK
Magnet settling time: 2.097 0.500
Magnet settling complete
set_dac. change=True
setting magnet DAC
current  : 5.892531
requested: 5.893566
Delta Dac: 0.001034
Checking detector protection. dv=0.00103
Checking detector "CDD". Protection Threshold: 0.5 (V)
AF Demag not enabled. self.use_af_demag=False, use_af_demag=True
SetMagnetDAC 5.89356551724 ===>> OK
Magnet settling time: 2.097 0.500
Magnet settling complete
set_dac. change=True
setting magnet DAC
current  : 5.893566
requested: 5.894600
Delta Dac: 0.001034
Checking detector protection. dv=0.00103
Checking detector "CDD". Protection Threshold: 0.5 (V)
AF Demag not enabled. self.use_af_demag=False, use_af_demag=True
SetMagnetDAC 5.8946 ===>> OK
Magnet settling time: 2.097 0.500
Magnet settling complete
set_dac. change=True
result of _do_sweep=True
result of _calculate_peak_center=([5.8715946790131994, 5.8795471356506122, 5.8874995922880249], [12.253362828367699, 16.516676653309776, 12.090352204667115], 5.8761513786193076, 16.516676653309776)
Failed to find a valid peak. No peak greater than 1.0. max = 0.0841802976338
Failed to find a valid peak. No peak greater than 1.0. max = 0.0341369236805
new center pos Detector(H1) (Ar40) @ 5.87954713565
GetHighVoltage ===>> 4500
GetDeflection H1 ===>> 0
dac uncorrected for HV and deflection 5.87954713565
update mftable H1 Ar40 5.87954713565 message=automated run peakcenter
get initial guess parabolic
get initial guess parabolic
get initial guess parabolic
get initial guess parabolic
get initial guess parabolic
get initial guess parabolic
dump mftable to /Users/jan/Pychron/setupfiles/spectrometer/mftables/mftable.csv
add to repo msg=modified - automated run peakcenter
sweep finished
locally archiving mftable
setting magnet DAC
current  : 5.894600
requested: 5.879547
Delta Dac: 0.015053
Checking detector protection. dv=0.01505
Checking detector "CDD". Protection Threshold: 0.5 (V)
AF Demag not enabled. self.use_af_demag=False, use_af_demag=True
SetMagnetDAC 5.87954713565 ===>> OK
Magnet settling time: 0.500 0.500
Magnet settling complete
set_dac. change=True
Failed to find a valid peak. No peak greater than 1.0. max = 0.0841802976338
Failed to find a valid peak. No peak greater than 1.0. max = 0.0341369236805
flush and close file /Users/jan/Pychron/data/isotopes/0f/31ad44-4fa2-4eb3-9121-084d3edb1d16.h5
finished measure script
executed snippet estimated_duration=555.4, duration=666.937003851
jan_unknown400_120.py completed successfully
Measurement Finished
21:05:49 -- ******* Measurement Finished *******
Post Measurement Started jan_pump_ms.py
21:05:49 -- ******* Post Measurement Started jan_pump_ms.py *******
testing...
no interpolation path defined
executed snippet estimated_duration=0, duration=3.00407409668e-05
Pumping spectrometer
open () {'name': 'O'}
open name=O desc=---
checking ownership. requestor=192.168.2.150
check software interlocks O
interlocks []
actuate state mode=None-script, software_lock=False
doing actuation None-script open_channel True
Open O ===>> OK
GetIndicatorState O ===>> OK
change switch state (True, True)
21:05:49 -- OPEN   VALVE-O (Jan Ion Pump)
-------------------------- open O () result=[(True, True)]
action=open, ok=True, locked=[False]
executed snippet estimated_duration=0, duration=0.452373981476
jan_pump_ms.py completed successfully
setting _ms_pumptime
Post Measurement Finished
21:05:49 -- ******* Post Measurement Finished *******
$$$$$$$$$$$$$$$$$$$$ state at run end measurement
state changed from measurement to success
post measurement save measured=True aborted=False
Set filtering
setting fod for Ar41= {'filter_outliers': True, 'std_devs': 2, 'iterations': 1}
setting fod for H2= {'filter_outliers': True, 'std_devs': 2, 'iterations': 1}
setting fod for Ar40= {'filter_outliers': True, 'std_devs': 2, 'iterations': 1}
setting fod for H1= {'filter_outliers': True, 'std_devs': 2, 'iterations': 1}
setting fod for Ar36= {'filter_outliers': True, 'std_devs': 2, 'iterations': 1}
setting fod for CDD= {'filter_outliers': True, 'std_devs': 10, 'iterations': 1}
setting fod for Ar37= {'filter_outliers': True, 'std_devs': 2, 'iterations': 1}
setting fod for L2= {'filter_outliers': True, 'std_devs': 2, 'iterations': 1}
setting fod for Ar38= {'filter_outliers': True, 'std_devs': 2, 'iterations': 1}
setting fod for L1= {'filter_outliers': True, 'std_devs': 2, 'iterations': 1}
setting fod for Ar39= {'filter_outliers': True, 'std_devs': 2, 'iterations': 1}
setting fod for AX= {'filter_outliers': True, 'std_devs': 2, 'iterations': 1}
not connected to db mysql://janexp@129.138.12.160/labspy
Enviromentals: {'lab_humiditys': [{'device': 'EnvironmentalMonitor',
                    'name': 'Lab Hum.',
                    'pub_date': '2017-11-03T21:04:21',
                    'title': 'iServer Hum.',
                    'value': 28.3},
                   {'device': 'RPiWeather',
                    'name': 'Lab Hum. 2',
                    'pub_date': '2017-11-03T21:04:42',
                    'title': 'Base Station Hum.',
                    'value': 31.0656261444092}],
 'lab_pneumatics': [{'device': 'AirPressure',
                     'name': 'Pressure',
                     'pub_date': '2017-11-03T21:04:40',
                     'title': None,
                     'value': 89.55},
                    {'device': 'AirPressure2',
                     'name': 'Pressure2',
                     'pub_date': '2017-11-03T21:04:40',
                     'title': None,
                     'value': 89.9587},
                    {'device': 'RPiWeather',
                     'name': 'Lab Pressure',
                     'pub_date': '2017-11-03T20:02:44',
                     'title': None,
                     'value': 865.011474609375}],
 'lab_temperatures': [{'device': 'Coldfinger',
                       'name': 'ColdFinger Temp.',
                       'pub_date': '2017-11-03T20:48:07',
                       'title': None,
                       'value': 70.0},
                      {'device': 'EnvironmentalMonitor',
                       'name': 'Lab Temp.',
                       'pub_date': '2017-11-03T20:55:13',
                       'title': 'iServer Temp.',
                       'value': 70.5},
                      {'device': 'Chiller',
                       'name': 'Coolant Temp.',
                       'pub_date': '2017-11-03T20:27:10',
                       'title': None,
                       'value': 18.0},
                      {'device': 'RPiWeather',
                       'name': 'Lab Temp. 2',
                       'pub_date': '2017-11-03T21:05:15',
                       'title': 'Base Station Temp.',
                       'value': 75.4829425811768},
                      {'device': 'RPiWeather',
                       'name': 'Lab Temp. 3',
                       'pub_date': '2017-11-03T20:58:47',
                       'title': 'EastDiffuser01',
                       'value': 55.4},
                      {'device': 'RPiWeather',
                       'name': 'Lab Temp. 4',
                       'pub_date': '2017-11-03T21:05:22',
                       'title': 'EastReturn02',
                       'value': 68.3366},
                      {'device': 'RPiWeather',
                       'name': 'Lab Temp. 5',
                       'pub_date': '2017-11-03T20:32:30',
                       'title': 'iServerCalibration03',
                       'value': 69.8},
                      {'device': 'RPiWeather',
                       'name': 'Lab Temp. 6',
                       'pub_date': '2017-11-03T20:43:04',
                       'title': 'SouthWall04',
                       'value': 69.2366},
                      {'device': 'RPiWeather',
                       'name': 'Lab Temp. 7',
                       'pub_date': '2017-11-03T21:00:57',
                       'title': 'SouthWindow05',
                       'value': 67.2116}]}
persistence save...
persistence save - db
post measurement save
6589069648 connecting to database sqlite://@/
connected to db sqlite://@/
create new session 6589069648
close session 6589069648
No database instance. Not saving post measurement to isotopedb database
$$$$$$$$$$$$$$$ auto_save_detector_ic=False
massspec enabled True
create new session 5042179344
MassSpec Database Version: 16.0
close session 5042179344
saving post measurement to secondary database
saving to massspec database 129.138.12.160/massspecdata
setting labnumber to 65883
setting aliquot to 35
setting step to B
setting uuid to 0f31ad44-4fa2-4eb3-9121-084d3edb1d16
setting irradpos to 65883
setting extract_device to Fusions CO2
setting tray to 
setting position to 18
setting power_requested to 0.45
setting extract_value to 0.45
setting duration to 30.0
setting duration_at_request to 30.0
setting first_stage_delay to 30.0
setting cleanup to 60.0
setting comment to C:6  Luecite single xstal
setting irradiation to NM-292
setting level to C
setting irradiation_level to C
setting sample to NY-14
setting material to Leucite
setting project to IR970
setting mass_spectrometer to Jan
no attribute chron_dosages
no attribute production_ratios
no attribute interference_corrections
no attribute production_name
no attribute j
Reference Isotope=Ar40
Reference Detector=H1
%%%%%%%%%%%%%%%%%%%% Comment: C:6  Luecite single xstal %%%%%%%%%%%%%%%%%%%
adding isotope Ar41 H2
add baseline dbdet= Ar41. original det= H2
get baseline data Ar41 H2
Get data baseline <pychron.processing.isotope.Baseline object at 0x126f19a50> len t=120
baseline Ar41. v=-0.1572600912, e=0.0112921150086
get signal data Ar41 H2
Get data signal Ar41 -0.008+/-0.012 len t=400
adding isotope Ar40 H1
add baseline dbdet= Ar40. original det= H1
get baseline data Ar40 H1
Get data baseline <pychron.processing.isotope.Baseline object at 0x126f19f90> len t=120
baseline Ar40. v=0.052061736989, e=0.00430210654126
get signal data Ar40 H1
Get data signal Ar40 16.078+/-0.009 len t=400
adding isotope Ar39 AX
add baseline dbdet= Ar39. original det= AX
get baseline data Ar39 AX
Get data baseline <pychron.processing.isotope.Baseline object at 0x1429cde50> len t=120
baseline Ar39. v=0.0373211150812, e=0.00451524367046
get signal data Ar39 AX
Get data signal Ar39 3.254+/-0.009 len t=400
adding isotope Ar38 L1
add baseline dbdet= Ar38. original det= L1
get baseline data Ar38 L1
Get data baseline <pychron.processing.isotope.Baseline object at 0x133048a90> len t=120
baseline Ar38. v=-0.0222882171846, e=0.00176521216301
get signal data Ar38 L1
Get data signal Ar38 0.0460+/-0.0021 len t=400
adding isotope Ar37 L2
add baseline dbdet= Ar37. original det= L2
get baseline data Ar37 L2
Get data baseline <pychron.processing.isotope.Baseline object at 0x134e4a810> len t=120
baseline Ar37. v=-0.0244224061743, e=0.00390825072341
get signal data Ar37 L2
Get data signal Ar37 0.050+/-0.005 len t=400
adding isotope Ar36 CDD
add baseline dbdet= Ar36. original det= CDD
get baseline data Ar36 CDD
Get data baseline <pychron.processing.isotope.Baseline object at 0x134e4ac50> len t=120
baseline Ar36. v=1.97793473449e-05, e=4.94483684143e-06
get signal data Ar36 CDD
Get data signal Ar36 0.03010+/-0.00035 len t=400
65883-35B added analysis time 0.656160831451s
analysis added to mass spec database
mass spec save time= 0.744
persistence save - dvc
================= post measurement started
create new session 4939503088
close session 4939503088
add to repo msg=modified - jan_unknown400_120.py
add to repo msg=modified - jan_co2_minibone.py
add to repo msg=modified - jan_pump_ms.py
add to repo msg=modified - jan_pump_extraction_line.py
---------------- Experiment Queue saving disabled
DVC saving peakcenter
Failed to find a valid peak. No peak greater than 1.0. max = 0.0841802976338
Failed to find a valid peak. No peak greater than 1.0. max = 0.0341369236805
ahead behind
Smart pull ahead: 0 behind: 0
Up-to-date with origin
add to repo msg=modified - ad8224ebc6dbfeb9f5997218dfa5fe690569839d.json
add to repo msg=modified - 83-35B.json
add to repo msg=modified - 83-35B.dat.json
not at valid file /Users/jan/Pychron/data/.dvc/repositories/IR970/658/tags/83-35B.tags.json
add to repo msg=modified - 83-35B.peak.json
add to repo msg=modified - 83-35B.extr.json
not at valid file /Users/jan/Pychron/data/.dvc/repositories/IR970/658/monitor/83-35B.moni.json
commit message=<COLLECTION>
add to repo msg=modified - 83-35B.inte.json
add to repo msg=modified - 83-35B.base.json
commit message=<ISOEVO> default collection fits
add to repo msg=modified - 83-35B.blan.json
commit message=<BLANKS> preceding ba-01-J-2857
add to repo msg=modified - 83-35B.icfa.json
commit message=<ICFactor> default
push repository <pychron.git_archive.repo_manager.GitRepoManager object at 0x1634e4950>
pushing to remote=origin, url=https://github.com
ahead behind
Smart pull ahead: 0 behind: 0
Up-to-date with origin
no changes to meta repo
create new session 4939503088
add association IR970
get identifier "65883"
setting analysis irradiation position=<pychron.dvc.dvc_orm.IrradiationPositionTbl object at 0x160fa5250>
close session 4939503088
================= post measurement finished
21:06:06 -- ******* Post Run Check *******
loading queue conditionals post_run_actions
loading system conditionals post_run_actions
loading conditionals from /Users/jan/Pychron/setupfiles/spectrometer/default_conditionals.yaml
loading queue conditionals post_run_terminations
loading system conditionals post_run_terminations
loading conditionals from /Users/jan/Pychron/setupfiles/spectrometer/default_conditionals.yaml
Checking default post run terminations n=1
GetDeflection CDD ===>> 50
testing CDD==2000
evaluate ot="CDD.deflection==2000" t="CDD==2000", ctx="{'CDD': 50.0}"
21:06:06 -- ******* Post Run Check Passed *******
21:06:06 -- Automated run 65883-35B success duration: 809.017 s
----------------- finish -----------------
----------------- stop -----------------
retroactive repository identifiers disabled
finish run. runs completed=51
update duration runid=65883-35B, duration=809.017153025, md5=827c8f1f
loading script "jan_unknown400_120.py"
loading script "jan_pump_ms.py"
loading script "jan_co2_minibone.py"
loading script "jan_pump_extraction_line.py"
testing...
no interpolation path defined
executed snippet estimated_duration=539.8, duration=0.000203132629395
script duration name:unknown400_120 seconds:540.0
loading script "jan_unknown400_120.py"
loading script "jan_pump_ms.py"
loading script "jan_co2_minibone.py"
loading script "jan_pump_extraction_line.py"
testing...
no interpolation path defined
executed snippet estimated_duration=0, duration=5.10215759277e-05
loading script "jan_unknown400_120.py"
loading script "jan_pump_ms.py"
loading script "jan_co2_minibone.py"
loading script "jan_pump_extraction_line.py"
testing...
no interpolation path defined
calculate duration
testing...
no interpolation path defined
executed snippet estimated_duration=0, duration=4.60147857666e-05
calculate duration
testing...
no interpolation path defined
executed snippet estimated_duration=0, duration=0.000118017196655
executed snippet estimated_duration=0.0, duration=0.00172281265259
script duration name:co2_minibone seconds:0.0
loading script "jan_unknown400_120.py"
loading script "jan_pump_ms.py"
loading script "jan_co2_minibone.py"
loading script "jan_pump_extraction_line.py"
testing...
no interpolation path defined
calculate duration
testing...
no interpolation path defined
executed snippet estimated_duration=4.0, duration=0.000137090682983
executed snippet estimated_duration=4.0, duration=0.000942945480347
Script duration 540.0
Run total estimated duration= 541.000
unknown400_120 in script context. using previous estimated duration
script duration name:unknown400_120 seconds:540.0
pump_ms in script context. using previous estimated duration
co2_minibone in script context. using previous estimated duration
script duration name:co2_minibone seconds:0.0
pump_extraction_line in script context. using previous estimated duration
Script duration 540.0
Run total estimated duration= 541.000
script duration name:unknown400_120 seconds:540.0
script duration name:co2_minibone seconds:0.0
Script duration 540.0
Run total estimated duration= 541.000
script duration name:unknown400_120 seconds:540.0
script duration name:co2_minibone seconds:0.0
Script duration 540.0
Run total estimated duration= 541.000
script duration name:unknown400_120 seconds:540.0
script duration name:co2_minibone seconds:0.0
Script duration 540.0
Run total estimated duration= 541.000
script duration name:unknown400_120 seconds:540.0
script duration name:co2_minibone seconds:0.0
Script duration 540.0
Run total estimated duration= 541.000
script duration name:unknown400_120 seconds:540.0
script duration name:co2_minibone seconds:0.0
Script duration 540.0
Run total estimated duration= 541.000
script duration name:unknown400_120 seconds:540.0
script duration name:co2_minibone seconds:0.0
Script duration 540.0
Run total estimated duration= 541.000
script duration name:unknown400_120 seconds:540.0
loading script "jan_unknown400_120.py"
loading script "jan_pump_ms.py"
loading script "jan_cocktail_x1.py"
loading script "jan_pump_extraction_line.py"
testing...
no interpolation path defined
calculate duration
testing...
no interpolation path defined
executed snippet estimated_duration=0, duration=4.79221343994e-05
calculate duration
testing...
no interpolation path defined
executed snippet estimated_duration=0, duration=0.000124931335449
calculate duration
testing...
no interpolation path defined
executed snippet estimated_duration=32.0, duration=0.000107049942017
calculate duration
testing...
no interpolation path defined
executed snippet estimated_duration=34.0, duration=0.000104904174805
calculate duration
testing...
no interpolation path defined
executed snippet estimated_duration=4.0, duration=5.91278076172e-05
calculate duration
testing...
no interpolation path defined
executed snippet estimated_duration=38.0, duration=0.000133991241455
executed snippet estimated_duration=108.0, duration=0.0154371261597
script duration name:cocktail_x1 seconds:108.0
Script duration 648.0
Run total estimated duration= 649.000
script duration name:unknown400_120 seconds:540.0
cocktail_x1 in script context. using previous estimated duration
script duration name:cocktail_x1 seconds:108.0
Script duration 648.0
Run total estimated duration= 649.000
nruns=10 before=5.0, run_dur=5626.0, btw=240.0
write rem/ex queues
/Users/jan/Pychron/experiments/rem/CurrentExperiment.rem.txt
/Users/jan/Pychron/experiments/rem/CurrentExperiment.ex.txt
doing event level: 3
add run
